[ 2017-02-17T15:53:36+08:00 ] 127.0.0.1 /shop/index.php/Home/Index
INFO: [ app_init ] --START--
INFO: Run Behavior\BuildLiteBehavior [ RunTime:0.000000s ]
INFO: [ app_init ] --END-- [ RunTime:0.001000s ]
INFO: [ app_begin ] --START--
INFO: Run Behavior\ReadHtmlCacheBehavior [ RunTime:0.002000s ]
INFO: [ app_begin ] --END-- [ RunTime:0.002000s ]
SQL: SHOW COLUMNS FROM `p39_category` [ RunTime:0.0050s ]
SQL: SELECT * FROM `p39_category`  [ RunTime:0.0010s ]
NOTIC: [2048] Declaration of Admin\Model\GoodsModel::_after_insert() should be compatible with that of Think\Model::_after_insert() D:\phpStudy\WWW\shop\Admin\Model\GoodsModel.class.php 第 631 行.
SQL: SHOW COLUMNS FROM `p39_goods` [ RunTime:0.0050s ]
SQL: SELECT `id`,`goods_name`,`mid_logo`,`promote_price` FROM `p39_goods` WHERE `is_on_sale` = '是' AND `promote_price` > 0 AND `promote_start_date` <= '2017-02-17 15:53' AND `promote_end_date` >= '2017-02-17 15:53' ORDER BY sort_num ASC LIMIT 5   [ RunTime:0.0000s ]
SQL: SELECT `id`,`goods_name`,`mid_logo`,`promote_price`,`shop_price` FROM `p39_goods` WHERE `is_on_sale` = '是' AND `is_new` = '是' ORDER BY sort_num ASC LIMIT 5   [ RunTime:0.0000s ]
SQL: SELECT `id`,`goods_name`,`mid_logo`,`promote_price`,`shop_price` FROM `p39_goods` WHERE `is_on_sale` = '是' AND `is_hot` = '是' ORDER BY sort_num ASC LIMIT 5   [ RunTime:0.0000s ]
SQL: SELECT `id`,`goods_name`,`mid_logo`,`promote_price`,`shop_price` FROM `p39_goods` WHERE `is_on_sale` = '是' AND `is_best` = '是' ORDER BY sort_num ASC LIMIT 5   [ RunTime:0.0000s ]
SQL: SELECT * FROM `p39_category` WHERE `parent_id` = 0 AND `is_floor` = '是'  [ RunTime:0.0000s ]
SQL: SELECT * FROM `p39_category`  [ RunTime:0.0000s ]
SQL: SELECT `id` FROM `p39_goods` WHERE `cat_id` IN ('17','27','28','29','18','19','30','1')  [ RunTime:0.0010s ]
SQL: SHOW COLUMNS FROM `p39_goods_cat` [ RunTime:0.0050s ]
SQL: SELECT DISTINCT goods_id id FROM `p39_goods_cat` WHERE `cat_id` IN ('17','27','28','29','18','19','30','1')  [ RunTime:0.0010s ]
SQL: SELECT DISTINCT brand_id,b.brand_name,b.logo FROM p39_goods a LEFT JOIN p39_brand b ON a.brand_id=b.id  WHERE a.id IN ('8','4','6','3','5','7') AND a.brand_id <> 0  [ RunTime:0.0010s ]
SQL: SELECT * FROM `p39_category` WHERE `parent_id` = '1' AND `is_floor` = '否'  [ RunTime:0.0000s ]
SQL: SELECT * FROM `p39_category` WHERE `parent_id` = '1' AND `is_floor` = '是'  [ RunTime:0.0000s ]
SQL: SELECT * FROM `p39_category`  [ RunTime:0.0010s ]
SQL: SELECT `id` FROM `p39_goods` WHERE `cat_id` IN ('18')  [ RunTime:0.0000s ]
SQL: SELECT DISTINCT goods_id id FROM `p39_goods_cat` WHERE `cat_id` IN ('18')  [ RunTime:0.0010s ]
SQL: SELECT `id`,`mid_logo`,`goods_name`,`shop_price` FROM `p39_goods` WHERE `is_on_sale` = '是' AND `is_floor` = '是' AND `id` IN ('4','6') ORDER BY sort_num ASC LIMIT 8   [ RunTime:0.0000s ]
SQL: SELECT * FROM `p39_category`  [ RunTime:0.0010s ]
SQL: SELECT `id` FROM `p39_goods` WHERE `cat_id` IN ('19')  [ RunTime:0.0000s ]
SQL: SELECT DISTINCT goods_id id FROM `p39_goods_cat` WHERE `cat_id` IN ('19')  [ RunTime:0.0010s ]
SQL: SELECT `id`,`mid_logo`,`goods_name`,`shop_price` FROM `p39_goods` WHERE `is_on_sale` = '是' AND `is_floor` = '是' AND `id` IN ('7') ORDER BY sort_num ASC LIMIT 8   [ RunTime:0.0000s ]
SQL: SELECT * FROM `p39_category`  [ RunTime:0.0000s ]
SQL: SELECT `id` FROM `p39_goods` WHERE `cat_id` IN ('30')  [ RunTime:0.0000s ]
SQL: SELECT DISTINCT goods_id id FROM `p39_goods_cat` WHERE `cat_id` IN ('30')  [ RunTime:0.0000s ]
SQL: SELECT `id`,`mid_logo`,`goods_name`,`shop_price` FROM `p39_goods` WHERE `is_on_sale` = '是' AND `is_floor` = '是' AND `id` IN ('4') ORDER BY sort_num ASC LIMIT 8   [ RunTime:0.0000s ]
SQL: SELECT * FROM `p39_category`  [ RunTime:0.0000s ]
SQL: SELECT `id` FROM `p39_goods` WHERE `cat_id` IN ('21','31','2')  [ RunTime:0.0000s ]
SQL: SELECT DISTINCT goods_id id FROM `p39_goods_cat` WHERE `cat_id` IN ('21','31','2')  [ RunTime:0.0000s ]
SQL: SELECT DISTINCT brand_id,b.brand_name,b.logo FROM p39_goods a LEFT JOIN p39_brand b ON a.brand_id=b.id  WHERE a.id IN ('1','5') AND a.brand_id <> 0  [ RunTime:0.0000s ]
SQL: SELECT * FROM `p39_category` WHERE `parent_id` = '2' AND `is_floor` = '否'  [ RunTime:0.0000s ]
SQL: SELECT * FROM `p39_category` WHERE `parent_id` = '2' AND `is_floor` = '是'  [ RunTime:0.0000s ]
SQL: SELECT * FROM `p39_category`  [ RunTime:0.0000s ]
SQL: SELECT `id` FROM `p39_goods` WHERE `cat_id` IN ('31')  [ RunTime:0.0010s ]
SQL: SELECT DISTINCT goods_id id FROM `p39_goods_cat` WHERE `cat_id` IN ('31')  [ RunTime:0.0000s ]
SQL: SELECT `id`,`mid_logo`,`goods_name`,`shop_price` FROM `p39_goods` WHERE `is_on_sale` = '是' AND `is_floor` = '是' AND `id` IN ('1') ORDER BY sort_num ASC LIMIT 8   [ RunTime:0.0000s ]
NOTIC: [8] Use of undefined constant 首页 - assumed '首页' D:\phpStudy\WWW\shop\Home\Controller\IndexController.class.php 第 57 行.
INFO: [ view_parse ] --START--
INFO: [ template_filter ] --START--
INFO: Run Behavior\ContentReplaceBehavior [ RunTime:0.000000s ]
INFO: [ template_filter ] --END-- [ RunTime:0.000000s ]
NOTIC: [8] Undefined index: children D:\phpStudy\WWW\shop\Runtime\Cache\Home\872aea6a46db3d8521c8e1655b476447.php 第 155 行.
NOTIC: [2] Invalid argument supplied for foreach() D:\phpStudy\WWW\shop\Runtime\Cache\Home\872aea6a46db3d8521c8e1655b476447.php 第 155 行.
NOTIC: [8] Undefined index: children D:\phpStudy\WWW\shop\Runtime\Cache\Home\872aea6a46db3d8521c8e1655b476447.php 第 155 行.
NOTIC: [2] Invalid argument supplied for foreach() D:\phpStudy\WWW\shop\Runtime\Cache\Home\872aea6a46db3d8521c8e1655b476447.php 第 155 行.
NOTIC: [8] Undefined index: children D:\phpStudy\WWW\shop\Runtime\Cache\Home\872aea6a46db3d8521c8e1655b476447.php 第 155 行.
NOTIC: [2] Invalid argument supplied for foreach() D:\phpStudy\WWW\shop\Runtime\Cache\Home\872aea6a46db3d8521c8e1655b476447.php 第 155 行.
NOTIC: [8] Undefined index: children D:\phpStudy\WWW\shop\Runtime\Cache\Home\872aea6a46db3d8521c8e1655b476447.php 第 155 行.
NOTIC: [2] Invalid argument supplied for foreach() D:\phpStudy\WWW\shop\Runtime\Cache\Home\872aea6a46db3d8521c8e1655b476447.php 第 155 行.
NOTIC: [8] Undefined index: children D:\phpStudy\WWW\shop\Runtime\Cache\Home\872aea6a46db3d8521c8e1655b476447.php 第 155 行.
NOTIC: [2] Invalid argument supplied for foreach() D:\phpStudy\WWW\shop\Runtime\Cache\Home\872aea6a46db3d8521c8e1655b476447.php 第 155 行.
NOTIC: [8] Undefined index: children D:\phpStudy\WWW\shop\Runtime\Cache\Home\872aea6a46db3d8521c8e1655b476447.php 第 151 行.
NOTIC: [2] Invalid argument supplied for foreach() D:\phpStudy\WWW\shop\Runtime\Cache\Home\872aea6a46db3d8521c8e1655b476447.php 第 151 行.
NOTIC: [8] Undefined index: children D:\phpStudy\WWW\shop\Runtime\Cache\Home\872aea6a46db3d8521c8e1655b476447.php 第 151 行.
NOTIC: [2] Invalid argument supplied for foreach() D:\phpStudy\WWW\shop\Runtime\Cache\Home\872aea6a46db3d8521c8e1655b476447.php 第 151 行.
NOTIC: [8] Undefined index: children D:\phpStudy\WWW\shop\Runtime\Cache\Home\872aea6a46db3d8521c8e1655b476447.php 第 151 行.
NOTIC: [2] Invalid argument supplied for foreach() D:\phpStudy\WWW\shop\Runtime\Cache\Home\872aea6a46db3d8521c8e1655b476447.php 第 151 行.
NOTIC: [8] Undefined index: children D:\phpStudy\WWW\shop\Runtime\Cache\Home\872aea6a46db3d8521c8e1655b476447.php 第 151 行.
NOTIC: [2] Invalid argument supplied for foreach() D:\phpStudy\WWW\shop\Runtime\Cache\Home\872aea6a46db3d8521c8e1655b476447.php 第 151 行.
NOTIC: [8] Undefined index: children D:\phpStudy\WWW\shop\Runtime\Cache\Home\872aea6a46db3d8521c8e1655b476447.php 第 151 行.
NOTIC: [2] Invalid argument supplied for foreach() D:\phpStudy\WWW\shop\Runtime\Cache\Home\872aea6a46db3d8521c8e1655b476447.php 第 151 行.
NOTIC: [8] Undefined index: children D:\phpStudy\WWW\shop\Runtime\Cache\Home\872aea6a46db3d8521c8e1655b476447.php 第 151 行.
NOTIC: [2] Invalid argument supplied for foreach() D:\phpStudy\WWW\shop\Runtime\Cache\Home\872aea6a46db3d8521c8e1655b476447.php 第 151 行.
NOTIC: [8] Undefined index: children D:\phpStudy\WWW\shop\Runtime\Cache\Home\872aea6a46db3d8521c8e1655b476447.php 第 151 行.
NOTIC: [2] Invalid argument supplied for foreach() D:\phpStudy\WWW\shop\Runtime\Cache\Home\872aea6a46db3d8521c8e1655b476447.php 第 151 行.
NOTIC: [8] Undefined index: children D:\phpStudy\WWW\shop\Runtime\Cache\Home\872aea6a46db3d8521c8e1655b476447.php 第 151 行.
NOTIC: [2] Invalid argument supplied for foreach() D:\phpStudy\WWW\shop\Runtime\Cache\Home\872aea6a46db3d8521c8e1655b476447.php 第 151 行.
NOTIC: [8] Undefined index: children D:\phpStudy\WWW\shop\Runtime\Cache\Home\872aea6a46db3d8521c8e1655b476447.php 第 151 行.
NOTIC: [2] Invalid argument supplied for foreach() D:\phpStudy\WWW\shop\Runtime\Cache\Home\872aea6a46db3d8521c8e1655b476447.php 第 151 行.
NOTIC: [8] Undefined index: children D:\phpStudy\WWW\shop\Runtime\Cache\Home\872aea6a46db3d8521c8e1655b476447.php 第 151 行.
NOTIC: [2] Invalid argument supplied for foreach() D:\phpStudy\WWW\shop\Runtime\Cache\Home\872aea6a46db3d8521c8e1655b476447.php 第 151 行.
NOTIC: [8] Undefined index: children D:\phpStudy\WWW\shop\Runtime\Cache\Home\872aea6a46db3d8521c8e1655b476447.php 第 151 行.
NOTIC: [2] Invalid argument supplied for foreach() D:\phpStudy\WWW\shop\Runtime\Cache\Home\872aea6a46db3d8521c8e1655b476447.php 第 151 行.
INFO: Run Behavior\ParseTemplateBehavior [ RunTime:0.017001s ]
INFO: [ view_parse ] --END-- [ RunTime:0.017001s ]
INFO: [ view_filter ] --START--
INFO: Run Behavior\WriteHtmlCacheBehavior [ RunTime:0.001000s ]
INFO: [ view_filter ] --END-- [ RunTime:0.001000s ]
INFO: [ app_end ] --START--
INFO: Run Behavior\ShowPageTraceBehavior [ RunTime:0.001000s ]
INFO: [ app_end ] --END-- [ RunTime:0.001000s ]

[ 2017-02-17T15:53:36+08:00 ] 127.0.0.1 /shop/index.php/Home/Member/ajaxChkLogin.html
INFO: [ app_init ] --START--
INFO: Run Behavior\BuildLiteBehavior [ RunTime:0.000000s ]
INFO: [ app_init ] --END-- [ RunTime:0.000000s ]
INFO: [ app_begin ] --START--
INFO: Run Behavior\ReadHtmlCacheBehavior [ RunTime:0.001000s ]
INFO: [ app_begin ] --END-- [ RunTime:0.002000s ]
INFO: [ app_end ] --START--
INFO: Run Behavior\ShowPageTraceBehavior [ RunTime:0.001000s ]
INFO: [ app_end ] --END-- [ RunTime:0.001000s ]

