[ 2016-12-07T09:04:59+08:00 ] 127.0.0.1 /shop/index.php/Admin/Goods/lst
INFO: [ app_init ] --START--
INFO: Run Behavior\BuildLiteBehavior [ RunTime:0.000000s ]
INFO: [ app_init ] --END-- [ RunTime:0.001000s ]
INFO: [ app_begin ] --START--
INFO: Run Behavior\ReadHtmlCacheBehavior [ RunTime:0.001000s ]
INFO: [ app_begin ] --END-- [ RunTime:0.001000s ]
NOTIC: [2048] Declaration of Admin\Model\GoodsModel::_after_insert() should be compatible with that of Think\Model::_after_insert() D:\phpStudy\WWW\shop\Admin\Model\GoodsModel.class.php 第 5 行.
SQL: SHOW COLUMNS FROM `p39_goods` [ RunTime:0.0070s ]
SQL: SELECT COUNT(*) AS tp_count FROM p39_goods a LIMIT 1   [ RunTime:0.0000s ]
SQL: SELECT a.*,b.brand_name,c.cat_name,GROUP_CONCAT(e.cat_name SEPARATOR "<br />") ext_cat_name FROM p39_goods a LEFT JOIN p39_brand b ON a.brand_id=b.id LEFT JOIN p39_category c ON a.cat_id=c.id LEFT JOIN p39_goods_cat d ON a.id=d.goods_id LEFT JOIN p39_category e ON d.cat_id=e.id  GROUP BY a.id ORDER BY a.id desc LIMIT 0,2   [ RunTime:0.0010s ]
SQL: SHOW COLUMNS FROM `p39_category` [ RunTime:0.0080s ]
SQL: SELECT * FROM `p39_category`  [ RunTime:0.0000s ]
INFO: [ view_parse ] --START--
INFO: [ template_filter ] --START--
INFO: Run Behavior\ContentReplaceBehavior [ RunTime:0.000000s ]
INFO: [ template_filter ] --END-- [ RunTime:0.000000s ]
SQL: SHOW COLUMNS FROM `p39_brand` [ RunTime:0.0080s ]
SQL: SELECT `id`,`brand_name` FROM `p39_brand`  [ RunTime:0.0010s ]
INFO: Run Behavior\ParseTemplateBehavior [ RunTime:0.018001s ]
INFO: [ view_parse ] --END-- [ RunTime:0.018001s ]
INFO: [ view_filter ] --START--
INFO: Run Behavior\WriteHtmlCacheBehavior [ RunTime:0.001000s ]
INFO: [ view_filter ] --END-- [ RunTime:0.001000s ]
INFO: [ app_end ] --START--
INFO: Run Behavior\ShowPageTraceBehavior [ RunTime:0.001000s ]
INFO: [ app_end ] --END-- [ RunTime:0.001000s ]

[ 2016-12-07T09:05:02+08:00 ] 127.0.0.1 /shop/index.php/Admin/Goods/goods_number/id/6.html
INFO: [ app_init ] --START--
INFO: Run Behavior\BuildLiteBehavior [ RunTime:0.000000s ]
INFO: [ app_init ] --END-- [ RunTime:0.001000s ]
INFO: [ app_begin ] --START--
INFO: Run Behavior\ReadHtmlCacheBehavior [ RunTime:0.001000s ]
INFO: [ app_begin ] --END-- [ RunTime:0.002000s ]
SQL: SHOW COLUMNS FROM `p39_goods_attr` [ RunTime:0.0080s ]
SQL: SELECT * FROM p39_goods_attr a LEFT JOIN p39_attribute b ON a.attr_id=b.id  WHERE a.goods_id = '6' AND b.attr_type = '可选'  [ RunTime:0.0000s ]

[ 2016-12-07T09:10:19+08:00 ] 127.0.0.1 /shop/index.php/Admin/Goods/lst
INFO: [ app_init ] --START--
INFO: Run Behavior\BuildLiteBehavior [ RunTime:0.000000s ]
INFO: [ app_init ] --END-- [ RunTime:0.000000s ]
INFO: [ app_begin ] --START--
INFO: Run Behavior\ReadHtmlCacheBehavior [ RunTime:0.001000s ]
INFO: [ app_begin ] --END-- [ RunTime:0.001000s ]
NOTIC: [2048] Declaration of Admin\Model\GoodsModel::_after_insert() should be compatible with that of Think\Model::_after_insert() D:\phpStudy\WWW\shop\Admin\Model\GoodsModel.class.php 第 5 行.
SQL: SHOW COLUMNS FROM `p39_goods` [ RunTime:0.0070s ]
SQL: SELECT COUNT(*) AS tp_count FROM p39_goods a LIMIT 1   [ RunTime:0.0000s ]
SQL: SELECT a.*,b.brand_name,c.cat_name,GROUP_CONCAT(e.cat_name SEPARATOR "<br />") ext_cat_name FROM p39_goods a LEFT JOIN p39_brand b ON a.brand_id=b.id LEFT JOIN p39_category c ON a.cat_id=c.id LEFT JOIN p39_goods_cat d ON a.id=d.goods_id LEFT JOIN p39_category e ON d.cat_id=e.id  GROUP BY a.id ORDER BY a.id desc LIMIT 0,2   [ RunTime:0.0010s ]
SQL: SHOW COLUMNS FROM `p39_category` [ RunTime:0.0080s ]
SQL: SELECT * FROM `p39_category`  [ RunTime:0.0000s ]
INFO: [ view_parse ] --START--
INFO: [ template_filter ] --START--
INFO: Run Behavior\ContentReplaceBehavior [ RunTime:0.000000s ]
INFO: [ template_filter ] --END-- [ RunTime:0.000000s ]
SQL: SHOW COLUMNS FROM `p39_brand` [ RunTime:0.0080s ]
SQL: SELECT `id`,`brand_name` FROM `p39_brand`  [ RunTime:0.0000s ]
INFO: Run Behavior\ParseTemplateBehavior [ RunTime:0.020001s ]
INFO: [ view_parse ] --END-- [ RunTime:0.020001s ]
INFO: [ view_filter ] --START--
INFO: Run Behavior\WriteHtmlCacheBehavior [ RunTime:0.000000s ]
INFO: [ view_filter ] --END-- [ RunTime:0.000000s ]
INFO: [ app_end ] --START--
INFO: Run Behavior\ShowPageTraceBehavior [ RunTime:0.000000s ]
INFO: [ app_end ] --END-- [ RunTime:0.000000s ]

[ 2016-12-07T09:10:21+08:00 ] 127.0.0.1 /shop/index.php/Admin/Goods/goods_number/id/6.html
INFO: [ app_init ] --START--
INFO: Run Behavior\BuildLiteBehavior [ RunTime:0.000000s ]
INFO: [ app_init ] --END-- [ RunTime:0.001000s ]
INFO: [ app_begin ] --START--
INFO: Run Behavior\ReadHtmlCacheBehavior [ RunTime:0.001000s ]
INFO: [ app_begin ] --END-- [ RunTime:0.002000s ]
SQL: SHOW COLUMNS FROM `p39_goods_attr` [ RunTime:0.0070s ]
SQL: SELECT * FROM p39_goods_attr a LEFT JOIN p39_attribute b ON a.attr_id=b.id  WHERE a.goods_id = '6' AND b.attr_type = '可选'  [ RunTime:0.0010s ]
INFO: [ app_end ] --START--
INFO: Run Behavior\ShowPageTraceBehavior [ RunTime:0.001000s ]
INFO: [ app_end ] --END-- [ RunTime:0.001000s ]

[ 2016-12-07T10:20:22+08:00 ] 127.0.0.1 /shop/index.php/Admin/Goods/goods_number/id/6.html
INFO: [ app_init ] --START--
INFO: Run Behavior\BuildLiteBehavior [ RunTime:0.000000s ]
INFO: [ app_init ] --END-- [ RunTime:0.001000s ]
INFO: [ app_begin ] --START--
INFO: Run Behavior\ReadHtmlCacheBehavior [ RunTime:0.001000s ]
INFO: [ app_begin ] --END-- [ RunTime:0.001000s ]
SQL: SHOW COLUMNS FROM `p39_goods_attr` [ RunTime:0.0070s ]
SQL: SELECT * FROM p39_goods_attr a LEFT JOIN p39_attribute b ON a.attr_id=b.id  WHERE a.goods_id = '6' AND b.attr_type = '可选'  [ RunTime:0.0000s ]
ERR: 模板不存在:D:/phpStudy/WWW/shop/Admin/View/Goods/goods_number.html

[ 2016-12-07T10:20:58+08:00 ] 127.0.0.1 /shop/index.php/Admin/Goods/goods_number/id/6.html
INFO: [ app_init ] --START--
INFO: Run Behavior\BuildLiteBehavior [ RunTime:0.000000s ]
INFO: [ app_init ] --END-- [ RunTime:0.001000s ]
INFO: [ app_begin ] --START--
INFO: Run Behavior\ReadHtmlCacheBehavior [ RunTime:0.001000s ]
INFO: [ app_begin ] --END-- [ RunTime:0.001000s ]
SQL: SHOW COLUMNS FROM `p39_goods_attr` [ RunTime:0.0080s ]
SQL: SELECT * FROM p39_goods_attr a LEFT JOIN p39_attribute b ON a.attr_id=b.id  WHERE a.goods_id = '6' AND b.attr_type = '可选'  [ RunTime:0.0000s ]
INFO: [ view_parse ] --START--
INFO: [ template_filter ] --START--
INFO: Run Behavior\ContentReplaceBehavior [ RunTime:0.000000s ]
INFO: [ template_filter ] --END-- [ RunTime:0.000000s ]
INFO: Run Behavior\ParseTemplateBehavior [ RunTime:0.007001s ]
INFO: [ view_parse ] --END-- [ RunTime:0.008001s ]
INFO: [ view_filter ] --START--
INFO: Run Behavior\WriteHtmlCacheBehavior [ RunTime:0.000000s ]
INFO: [ view_filter ] --END-- [ RunTime:0.000000s ]
INFO: [ app_end ] --START--
INFO: Run Behavior\ShowPageTraceBehavior [ RunTime:0.001000s ]
INFO: [ app_end ] --END-- [ RunTime:0.001000s ]

[ 2016-12-07T10:21:22+08:00 ] 127.0.0.1 /shop/index.php/Admin/Goods/lst.html
INFO: [ app_init ] --START--
INFO: Run Behavior\BuildLiteBehavior [ RunTime:0.000000s ]
INFO: [ app_init ] --END-- [ RunTime:0.001000s ]
INFO: [ app_begin ] --START--
INFO: Run Behavior\ReadHtmlCacheBehavior [ RunTime:0.002000s ]
INFO: [ app_begin ] --END-- [ RunTime:0.002000s ]
NOTIC: [2048] Declaration of Admin\Model\GoodsModel::_after_insert() should be compatible with that of Think\Model::_after_insert() D:\phpStudy\WWW\shop\Admin\Model\GoodsModel.class.php 第 5 行.
SQL: SHOW COLUMNS FROM `p39_goods` [ RunTime:0.0070s ]
SQL: SELECT COUNT(*) AS tp_count FROM p39_goods a LIMIT 1   [ RunTime:0.0000s ]
SQL: SELECT a.*,b.brand_name,c.cat_name,GROUP_CONCAT(e.cat_name SEPARATOR "<br />") ext_cat_name FROM p39_goods a LEFT JOIN p39_brand b ON a.brand_id=b.id LEFT JOIN p39_category c ON a.cat_id=c.id LEFT JOIN p39_goods_cat d ON a.id=d.goods_id LEFT JOIN p39_category e ON d.cat_id=e.id  GROUP BY a.id ORDER BY a.id desc LIMIT 0,2   [ RunTime:0.0010s ]
SQL: SHOW COLUMNS FROM `p39_category` [ RunTime:0.0070s ]
SQL: SELECT * FROM `p39_category`  [ RunTime:0.0000s ]
INFO: [ view_parse ] --START--
INFO: [ template_filter ] --START--
INFO: Run Behavior\ContentReplaceBehavior [ RunTime:0.000000s ]
INFO: [ template_filter ] --END-- [ RunTime:0.000000s ]
SQL: SHOW COLUMNS FROM `p39_brand` [ RunTime:0.0070s ]
SQL: SELECT `id`,`brand_name` FROM `p39_brand`  [ RunTime:0.0010s ]
INFO: Run Behavior\ParseTemplateBehavior [ RunTime:0.018001s ]
INFO: [ view_parse ] --END-- [ RunTime:0.018001s ]
INFO: [ view_filter ] --START--
INFO: Run Behavior\WriteHtmlCacheBehavior [ RunTime:0.001001s ]
INFO: [ view_filter ] --END-- [ RunTime:0.001001s ]
INFO: [ app_end ] --START--
INFO: Run Behavior\ShowPageTraceBehavior [ RunTime:0.001000s ]
INFO: [ app_end ] --END-- [ RunTime:0.001000s ]

[ 2016-12-07T10:21:24+08:00 ] 127.0.0.1 /shop/index.php/Admin/Goods/edit/id/6.html
INFO: [ app_init ] --START--
INFO: Run Behavior\BuildLiteBehavior [ RunTime:0.000000s ]
INFO: [ app_init ] --END-- [ RunTime:0.000000s ]
INFO: [ app_begin ] --START--
INFO: Run Behavior\ReadHtmlCacheBehavior [ RunTime:0.000000s ]
INFO: [ app_begin ] --END-- [ RunTime:0.000000s ]
NOTIC: [2048] Declaration of Admin\Model\GoodsModel::_after_insert() should be compatible with that of Think\Model::_after_insert() D:\phpStudy\WWW\shop\Admin\Model\GoodsModel.class.php 第 5 行.
SQL: SHOW COLUMNS FROM `p39_goods` [ RunTime:0.0080s ]
SQL: SELECT * FROM `p39_goods` WHERE `id` = 6 LIMIT 1   [ RunTime:0.0000s ]
SQL: SHOW COLUMNS FROM `p39_brand` [ RunTime:0.0080s ]
SQL: SELECT * FROM `p39_brand`  [ RunTime:0.0000s ]
SQL: SHOW COLUMNS FROM `p39_member_level` [ RunTime:0.0070s ]
SQL: SELECT * FROM `p39_member_level`  [ RunTime:0.0010s ]
SQL: SHOW COLUMNS FROM `p39_member_price` [ RunTime:0.0070s ]
SQL: SELECT * FROM `p39_member_price` WHERE `goods_id` = '6'  [ RunTime:0.0010s ]
SQL: SHOW COLUMNS FROM `p39_goods_pic` [ RunTime:0.0070s ]
SQL: SELECT `id`,`mid_pic` FROM `p39_goods_pic` WHERE `goods_id` = '6'  [ RunTime:0.0010s ]
SQL: SHOW COLUMNS FROM `p39_category` [ RunTime:0.0070s ]
SQL: SELECT * FROM `p39_category`  [ RunTime:0.0000s ]
SQL: SHOW COLUMNS FROM `p39_goods_cat` [ RunTime:0.0070s ]
SQL: SELECT `cat_id` FROM `p39_goods_cat` WHERE `goods_id` = '6'  [ RunTime:0.0000s ]
SQL: SHOW COLUMNS FROM `p39_attribute` [ RunTime:0.0070s ]
NOTIC: [8] Use of undefined constant type_id - assumed 'type_id' D:\phpStudy\WWW\shop\Admin\Controller\GoodsController.class.php 第 163 行.
SQL: SELECT a.id attr_id,a.attr_name,a.attr_type,a.attr_option_values,b.attr_value,b.id FROM p39_attribute a LEFT JOIN p39_goods_attr b ON (a.id=b.attr_id AND b.goods_id=6)  WHERE a.type_id = '1'  [ RunTime:0.0010s ]
INFO: [ view_parse ] --START--
INFO: [ template_filter ] --START--
INFO: Run Behavior\ContentReplaceBehavior [ RunTime:0.000000s ]
INFO: [ template_filter ] --END-- [ RunTime:0.000000s ]
SQL: SELECT `id`,`brand_name` FROM `p39_brand`  [ RunTime:0.0000s ]
NOTIC: [8] Undefined index: 1 D:\phpStudy\WWW\shop\Runtime\Cache\Admin\c5bdb3b09bab56256321d1c7f8ec0322.php 第 153 行.
NOTIC: [8] Undefined index: 2 D:\phpStudy\WWW\shop\Runtime\Cache\Admin\c5bdb3b09bab56256321d1c7f8ec0322.php 第 153 行.
NOTIC: [8] Undefined index: 3 D:\phpStudy\WWW\shop\Runtime\Cache\Admin\c5bdb3b09bab56256321d1c7f8ec0322.php 第 153 行.
NOTIC: [8] Undefined index: 4 D:\phpStudy\WWW\shop\Runtime\Cache\Admin\c5bdb3b09bab56256321d1c7f8ec0322.php 第 153 行.
SQL: SHOW COLUMNS FROM `p39_type` [ RunTime:0.0080s ]
SQL: SELECT `id`,`type_name` FROM `p39_type`  [ RunTime:0.0000s ]
INFO: Run Behavior\ParseTemplateBehavior [ RunTime:0.022001s ]
INFO: [ view_parse ] --END-- [ RunTime:0.022001s ]
INFO: [ view_filter ] --START--
INFO: Run Behavior\WriteHtmlCacheBehavior [ RunTime:0.000000s ]
INFO: [ view_filter ] --END-- [ RunTime:0.000000s ]
INFO: [ app_end ] --START--
INFO: Run Behavior\ShowPageTraceBehavior [ RunTime:0.000000s ]
INFO: [ app_end ] --END-- [ RunTime:0.001000s ]

[ 2016-12-07T10:22:00+08:00 ] 127.0.0.1 /shop/index.php/Admin/Goods/lst.html
INFO: [ app_init ] --START--
INFO: Run Behavior\BuildLiteBehavior [ RunTime:0.000000s ]
INFO: [ app_init ] --END-- [ RunTime:0.001000s ]
INFO: [ app_begin ] --START--
INFO: Run Behavior\ReadHtmlCacheBehavior [ RunTime:0.001000s ]
INFO: [ app_begin ] --END-- [ RunTime:0.001000s ]
NOTIC: [2048] Declaration of Admin\Model\GoodsModel::_after_insert() should be compatible with that of Think\Model::_after_insert() D:\phpStudy\WWW\shop\Admin\Model\GoodsModel.class.php 第 5 行.
SQL: SHOW COLUMNS FROM `p39_goods` [ RunTime:0.0080s ]
SQL: SELECT COUNT(*) AS tp_count FROM p39_goods a LIMIT 1   [ RunTime:0.0000s ]
SQL: SELECT a.*,b.brand_name,c.cat_name,GROUP_CONCAT(e.cat_name SEPARATOR "<br />") ext_cat_name FROM p39_goods a LEFT JOIN p39_brand b ON a.brand_id=b.id LEFT JOIN p39_category c ON a.cat_id=c.id LEFT JOIN p39_goods_cat d ON a.id=d.goods_id LEFT JOIN p39_category e ON d.cat_id=e.id  GROUP BY a.id ORDER BY a.id desc LIMIT 0,2   [ RunTime:0.0010s ]
SQL: SHOW COLUMNS FROM `p39_category` [ RunTime:0.0070s ]
SQL: SELECT * FROM `p39_category`  [ RunTime:0.0000s ]
INFO: [ view_parse ] --START--
INFO: [ template_filter ] --START--
INFO: Run Behavior\ContentReplaceBehavior [ RunTime:0.000000s ]
INFO: [ template_filter ] --END-- [ RunTime:0.000000s ]
SQL: SHOW COLUMNS FROM `p39_brand` [ RunTime:0.0070s ]
SQL: SELECT `id`,`brand_name` FROM `p39_brand`  [ RunTime:0.0000s ]
INFO: Run Behavior\ParseTemplateBehavior [ RunTime:0.020001s ]
INFO: [ view_parse ] --END-- [ RunTime:0.020001s ]
INFO: [ view_filter ] --START--
INFO: Run Behavior\WriteHtmlCacheBehavior [ RunTime:0.000000s ]
INFO: [ view_filter ] --END-- [ RunTime:0.000000s ]
INFO: [ app_end ] --START--
INFO: Run Behavior\ShowPageTraceBehavior [ RunTime:0.000000s ]
INFO: [ app_end ] --END-- [ RunTime:0.000000s ]

[ 2016-12-07T10:22:02+08:00 ] 127.0.0.1 /shop/index.php/Admin/Goods/goods_number/id/6.html
INFO: [ app_init ] --START--
INFO: Run Behavior\BuildLiteBehavior [ RunTime:0.000000s ]
INFO: [ app_init ] --END-- [ RunTime:0.000000s ]
INFO: [ app_begin ] --START--
INFO: Run Behavior\ReadHtmlCacheBehavior [ RunTime:0.001000s ]
INFO: [ app_begin ] --END-- [ RunTime:0.001000s ]
SQL: SHOW COLUMNS FROM `p39_goods_attr` [ RunTime:0.0080s ]
SQL: SELECT * FROM p39_goods_attr a LEFT JOIN p39_attribute b ON a.attr_id=b.id  WHERE a.goods_id = '6' AND b.attr_type = '可选'  [ RunTime:0.0010s ]
INFO: [ view_parse ] --START--
INFO: [ template_filter ] --START--
INFO: Run Behavior\ContentReplaceBehavior [ RunTime:0.000000s ]
INFO: [ template_filter ] --END-- [ RunTime:0.000000s ]
INFO: Run Behavior\ParseTemplateBehavior [ RunTime:0.010000s ]
INFO: [ view_parse ] --END-- [ RunTime:0.010000s ]
INFO: [ view_filter ] --START--
INFO: Run Behavior\WriteHtmlCacheBehavior [ RunTime:0.001001s ]
INFO: [ view_filter ] --END-- [ RunTime:0.001001s ]
INFO: [ app_end ] --START--
INFO: Run Behavior\ShowPageTraceBehavior [ RunTime:0.001000s ]
INFO: [ app_end ] --END-- [ RunTime:0.001000s ]

[ 2016-12-07T10:22:13+08:00 ] 127.0.0.1 /shop/index.php/Admin/Goods/goods_number/id/6.html
INFO: [ app_init ] --START--
INFO: Run Behavior\BuildLiteBehavior [ RunTime:0.000000s ]
INFO: [ app_init ] --END-- [ RunTime:0.000000s ]
INFO: [ app_begin ] --START--
INFO: Run Behavior\ReadHtmlCacheBehavior [ RunTime:0.001000s ]
INFO: [ app_begin ] --END-- [ RunTime:0.001000s ]
SQL: SHOW COLUMNS FROM `p39_goods_attr` [ RunTime:0.0080s ]
SQL: SELECT * FROM p39_goods_attr a LEFT JOIN p39_attribute b ON a.attr_id=b.id  WHERE a.goods_id = '6' AND b.attr_type = '可选'  [ RunTime:0.0010s ]
INFO: [ view_parse ] --START--
INFO: [ template_filter ] --START--
INFO: Run Behavior\ContentReplaceBehavior [ RunTime:0.000000s ]
INFO: [ template_filter ] --END-- [ RunTime:0.000000s ]
INFO: Run Behavior\ParseTemplateBehavior [ RunTime:0.008000s ]
INFO: [ view_parse ] --END-- [ RunTime:0.008000s ]
INFO: [ view_filter ] --START--
INFO: Run Behavior\WriteHtmlCacheBehavior [ RunTime:0.000000s ]
INFO: [ view_filter ] --END-- [ RunTime:0.000000s ]
INFO: [ app_end ] --START--
INFO: Run Behavior\ShowPageTraceBehavior [ RunTime:0.001000s ]
INFO: [ app_end ] --END-- [ RunTime:0.001000s ]

[ 2016-12-07T10:33:03+08:00 ] 127.0.0.1 /shop/index.php/Admin/Goods/goods_number/id/6.html
INFO: [ app_init ] --START--
INFO: Run Behavior\BuildLiteBehavior [ RunTime:0.000000s ]
INFO: [ app_init ] --END-- [ RunTime:0.001000s ]
INFO: [ app_begin ] --START--
INFO: Run Behavior\ReadHtmlCacheBehavior [ RunTime:0.001000s ]
INFO: [ app_begin ] --END-- [ RunTime:0.001000s ]
SQL: SHOW COLUMNS FROM `p39_goods_attr` [ RunTime:0.0070s ]
SQL: SELECT * FROM p39_goods_attr a LEFT JOIN p39_attribute b ON a.attr_id=b.id  WHERE a.goods_id = '6' AND b.attr_type = '可选'  [ RunTime:0.0000s ]
INFO: [ view_parse ] --START--
INFO: [ template_filter ] --START--
INFO: Run Behavior\ContentReplaceBehavior [ RunTime:0.000000s ]
INFO: [ template_filter ] --END-- [ RunTime:0.000000s ]
INFO: Run Behavior\ParseTemplateBehavior [ RunTime:0.008001s ]
INFO: [ view_parse ] --END-- [ RunTime:0.008001s ]
INFO: [ view_filter ] --START--
INFO: Run Behavior\WriteHtmlCacheBehavior [ RunTime:0.001000s ]
INFO: [ view_filter ] --END-- [ RunTime:0.001000s ]
INFO: [ app_end ] --START--
INFO: Run Behavior\ShowPageTraceBehavior [ RunTime:0.001000s ]
INFO: [ app_end ] --END-- [ RunTime:0.001000s ]

[ 2016-12-07T10:35:19+08:00 ] 127.0.0.1 /shop/index.php/Admin/Goods/goods_number/id/6.html
INFO: [ app_init ] --START--
INFO: Run Behavior\BuildLiteBehavior [ RunTime:0.000000s ]
INFO: [ app_init ] --END-- [ RunTime:0.000000s ]
INFO: [ app_begin ] --START--
INFO: Run Behavior\ReadHtmlCacheBehavior [ RunTime:0.001000s ]
INFO: [ app_begin ] --END-- [ RunTime:0.001000s ]
SQL: SHOW COLUMNS FROM `p39_goods_attr` [ RunTime:0.0070s ]
SQL: SELECT * FROM p39_goods_attr a LEFT JOIN p39_attribute b ON a.attr_id=b.id  WHERE a.goods_id = '6' AND b.attr_type = '可选'  [ RunTime:0.0000s ]
INFO: [ view_parse ] --START--
INFO: [ template_filter ] --START--
INFO: Run Behavior\ContentReplaceBehavior [ RunTime:0.000000s ]
INFO: [ template_filter ] --END-- [ RunTime:0.001000s ]
INFO: Run Behavior\ParseTemplateBehavior [ RunTime:0.007000s ]
INFO: [ view_parse ] --END-- [ RunTime:0.007000s ]
INFO: [ view_filter ] --START--
INFO: Run Behavior\WriteHtmlCacheBehavior [ RunTime:0.001000s ]
INFO: [ view_filter ] --END-- [ RunTime:0.001000s ]
INFO: [ app_end ] --START--
INFO: Run Behavior\ShowPageTraceBehavior [ RunTime:0.001000s ]
INFO: [ app_end ] --END-- [ RunTime:0.001000s ]

[ 2016-12-07T10:36:43+08:00 ] 127.0.0.1 /shop/index.php/Admin/Goods/goods_number/id/6.html
INFO: [ app_init ] --START--
INFO: Run Behavior\BuildLiteBehavior [ RunTime:0.000000s ]
INFO: [ app_init ] --END-- [ RunTime:0.001001s ]
INFO: [ app_begin ] --START--
INFO: Run Behavior\ReadHtmlCacheBehavior [ RunTime:0.001000s ]
INFO: [ app_begin ] --END-- [ RunTime:0.001000s ]
SQL: SHOW COLUMNS FROM `p39_goods_attr` [ RunTime:0.0080s ]
SQL: SELECT * FROM p39_goods_attr a LEFT JOIN p39_attribute b ON a.attr_id=b.id  WHERE a.goods_id = '6' AND b.attr_type = '可选'  [ RunTime:0.0000s ]
INFO: [ view_parse ] --START--
INFO: [ template_filter ] --START--
INFO: Run Behavior\ContentReplaceBehavior [ RunTime:0.000000s ]
INFO: [ template_filter ] --END-- [ RunTime:0.000000s ]
INFO: Run Behavior\ParseTemplateBehavior [ RunTime:0.008000s ]
INFO: [ view_parse ] --END-- [ RunTime:0.008000s ]
INFO: [ view_filter ] --START--
INFO: Run Behavior\WriteHtmlCacheBehavior [ RunTime:0.001001s ]
INFO: [ view_filter ] --END-- [ RunTime:0.001001s ]
INFO: [ app_end ] --START--
INFO: Run Behavior\ShowPageTraceBehavior [ RunTime:0.000000s ]
INFO: [ app_end ] --END-- [ RunTime:0.001000s ]

[ 2016-12-07T10:36:49+08:00 ] 127.0.0.1 /shop/index.php/Admin/Goods/goods_number/id/6.html
INFO: [ app_init ] --START--
INFO: Run Behavior\BuildLiteBehavior [ RunTime:0.000000s ]
INFO: [ app_init ] --END-- [ RunTime:0.000000s ]
INFO: [ app_begin ] --START--
INFO: Run Behavior\ReadHtmlCacheBehavior [ RunTime:0.001000s ]
INFO: [ app_begin ] --END-- [ RunTime:0.001000s ]
SQL: SHOW COLUMNS FROM `p39_goods_attr` [ RunTime:0.0070s ]
SQL: SELECT * FROM p39_goods_attr a LEFT JOIN p39_attribute b ON a.attr_id=b.id  WHERE a.goods_id = '6' AND b.attr_type = '可选'  [ RunTime:0.0000s ]
INFO: [ view_parse ] --START--
INFO: [ template_filter ] --START--
INFO: Run Behavior\ContentReplaceBehavior [ RunTime:0.000000s ]
INFO: [ template_filter ] --END-- [ RunTime:0.001000s ]
INFO: Run Behavior\ParseTemplateBehavior [ RunTime:0.007000s ]
INFO: [ view_parse ] --END-- [ RunTime:0.007000s ]
INFO: [ view_filter ] --START--
INFO: Run Behavior\WriteHtmlCacheBehavior [ RunTime:0.001000s ]
INFO: [ view_filter ] --END-- [ RunTime:0.001000s ]
INFO: [ app_end ] --START--
INFO: Run Behavior\ShowPageTraceBehavior [ RunTime:0.000000s ]
INFO: [ app_end ] --END-- [ RunTime:0.001000s ]

[ 2016-12-07T10:38:46+08:00 ] 127.0.0.1 /shop/index.php/Admin/Goods/goods_number/id/6.html
INFO: [ app_init ] --START--
INFO: Run Behavior\BuildLiteBehavior [ RunTime:0.000000s ]
INFO: [ app_init ] --END-- [ RunTime:0.001000s ]
INFO: [ app_begin ] --START--
INFO: Run Behavior\ReadHtmlCacheBehavior [ RunTime:0.000000s ]
INFO: [ app_begin ] --END-- [ RunTime:0.001000s ]
SQL: SHOW COLUMNS FROM `p39_goods_attr` [ RunTime:0.0080s ]
SQL: SELECT * FROM p39_goods_attr a LEFT JOIN p39_attribute b ON a.attr_id=b.id  WHERE a.goods_id = '6' AND b.attr_type = '可选'  [ RunTime:0.0000s ]
INFO: [ view_parse ] --START--
INFO: [ template_filter ] --START--
INFO: Run Behavior\ContentReplaceBehavior [ RunTime:0.000000s ]
INFO: [ template_filter ] --END-- [ RunTime:0.000000s ]
INFO: Run Behavior\ParseTemplateBehavior [ RunTime:0.008000s ]
INFO: [ view_parse ] --END-- [ RunTime:0.008000s ]
INFO: [ view_filter ] --START--
INFO: Run Behavior\WriteHtmlCacheBehavior [ RunTime:0.000000s ]
INFO: [ view_filter ] --END-- [ RunTime:0.001000s ]
INFO: [ app_end ] --START--
INFO: Run Behavior\ShowPageTraceBehavior [ RunTime:0.000000s ]
INFO: [ app_end ] --END-- [ RunTime:0.000000s ]

[ 2016-12-07T10:39:04+08:00 ] 127.0.0.1 /shop/index.php/Admin/Goods/goods_number/id/6.html
INFO: [ app_init ] --START--
INFO: Run Behavior\BuildLiteBehavior [ RunTime:0.000000s ]
INFO: [ app_init ] --END-- [ RunTime:0.000000s ]
INFO: [ app_begin ] --START--
INFO: Run Behavior\ReadHtmlCacheBehavior [ RunTime:0.001000s ]
INFO: [ app_begin ] --END-- [ RunTime:0.001000s ]
SQL: SHOW COLUMNS FROM `p39_goods_attr` [ RunTime:0.0070s ]
SQL: SELECT * FROM p39_goods_attr a LEFT JOIN p39_attribute b ON a.attr_id=b.id  WHERE a.goods_id = '6' AND b.attr_type = '可选'  [ RunTime:0.0000s ]
INFO: [ view_parse ] --START--
INFO: [ template_filter ] --START--
INFO: Run Behavior\ContentReplaceBehavior [ RunTime:0.000000s ]
INFO: [ template_filter ] --END-- [ RunTime:0.000000s ]
INFO: Run Behavior\ParseTemplateBehavior [ RunTime:0.008001s ]
INFO: [ view_parse ] --END-- [ RunTime:0.008001s ]
INFO: [ view_filter ] --START--
INFO: Run Behavior\WriteHtmlCacheBehavior [ RunTime:0.000000s ]
INFO: [ view_filter ] --END-- [ RunTime:0.000000s ]
INFO: [ app_end ] --START--
INFO: Run Behavior\ShowPageTraceBehavior [ RunTime:0.000000s ]
INFO: [ app_end ] --END-- [ RunTime:0.000000s ]

[ 2016-12-07T10:40:47+08:00 ] 127.0.0.1 /shop/index.php/Admin/Goods/goods_number/id/6.html
INFO: [ app_init ] --START--
INFO: Run Behavior\BuildLiteBehavior [ RunTime:0.000000s ]
INFO: [ app_init ] --END-- [ RunTime:0.001001s ]
INFO: [ app_begin ] --START--
INFO: Run Behavior\ReadHtmlCacheBehavior [ RunTime:0.001000s ]
INFO: [ app_begin ] --END-- [ RunTime:0.001000s ]
SQL: SHOW COLUMNS FROM `p39_goods_attr` [ RunTime:0.0070s ]
SQL: SELECT * FROM p39_goods_attr a LEFT JOIN p39_attribute b ON a.attr_id=b.id  WHERE a.goods_id = '6' AND b.attr_type = '可选'  [ RunTime:0.0000s ]
INFO: [ view_parse ] --START--
INFO: [ template_filter ] --START--
INFO: Run Behavior\ContentReplaceBehavior [ RunTime:0.000000s ]
INFO: [ template_filter ] --END-- [ RunTime:0.001000s ]
INFO: Run Behavior\ParseTemplateBehavior [ RunTime:0.008000s ]
INFO: [ view_parse ] --END-- [ RunTime:0.008000s ]
INFO: [ view_filter ] --START--
INFO: Run Behavior\WriteHtmlCacheBehavior [ RunTime:0.001000s ]
INFO: [ view_filter ] --END-- [ RunTime:0.001000s ]
INFO: [ app_end ] --START--
INFO: Run Behavior\ShowPageTraceBehavior [ RunTime:0.001000s ]
INFO: [ app_end ] --END-- [ RunTime:0.001000s ]

[ 2016-12-07T10:49:28+08:00 ] 127.0.0.1 /shop/index.php/Admin/Goods/lst.html
INFO: [ app_init ] --START--
INFO: Run Behavior\BuildLiteBehavior [ RunTime:0.000000s ]
INFO: [ app_init ] --END-- [ RunTime:0.001000s ]
INFO: [ app_begin ] --START--
INFO: Run Behavior\ReadHtmlCacheBehavior [ RunTime:0.001000s ]
INFO: [ app_begin ] --END-- [ RunTime:0.001000s ]
NOTIC: [2048] Declaration of Admin\Model\GoodsModel::_after_insert() should be compatible with that of Think\Model::_after_insert() D:\phpStudy\WWW\shop\Admin\Model\GoodsModel.class.php 第 5 行.
SQL: SHOW COLUMNS FROM `p39_goods` [ RunTime:0.0080s ]
SQL: SELECT COUNT(*) AS tp_count FROM p39_goods a LIMIT 1   [ RunTime:0.0010s ]
SQL: SELECT a.*,b.brand_name,c.cat_name,GROUP_CONCAT(e.cat_name SEPARATOR "<br />") ext_cat_name FROM p39_goods a LEFT JOIN p39_brand b ON a.brand_id=b.id LEFT JOIN p39_category c ON a.cat_id=c.id LEFT JOIN p39_goods_cat d ON a.id=d.goods_id LEFT JOIN p39_category e ON d.cat_id=e.id  GROUP BY a.id ORDER BY a.id desc LIMIT 0,2   [ RunTime:0.0010s ]
SQL: SHOW COLUMNS FROM `p39_category` [ RunTime:0.0070s ]
SQL: SELECT * FROM `p39_category`  [ RunTime:0.0000s ]
INFO: [ view_parse ] --START--
INFO: [ template_filter ] --START--
INFO: Run Behavior\ContentReplaceBehavior [ RunTime:0.000000s ]
INFO: [ template_filter ] --END-- [ RunTime:0.000000s ]
SQL: SHOW COLUMNS FROM `p39_brand` [ RunTime:0.0070s ]
SQL: SELECT `id`,`brand_name` FROM `p39_brand`  [ RunTime:0.0000s ]
INFO: Run Behavior\ParseTemplateBehavior [ RunTime:0.019001s ]
INFO: [ view_parse ] --END-- [ RunTime:0.019001s ]
INFO: [ view_filter ] --START--
INFO: Run Behavior\WriteHtmlCacheBehavior [ RunTime:0.000000s ]
INFO: [ view_filter ] --END-- [ RunTime:0.000000s ]
INFO: [ app_end ] --START--
INFO: Run Behavior\ShowPageTraceBehavior [ RunTime:0.000000s ]
INFO: [ app_end ] --END-- [ RunTime:0.000000s ]

[ 2016-12-07T10:49:29+08:00 ] 127.0.0.1 /shop/index.php/Admin/Goods/add.html
INFO: [ app_init ] --START--
INFO: Run Behavior\BuildLiteBehavior [ RunTime:0.000000s ]
INFO: [ app_init ] --END-- [ RunTime:0.000000s ]
INFO: [ app_begin ] --START--
INFO: Run Behavior\ReadHtmlCacheBehavior [ RunTime:0.001000s ]
INFO: [ app_begin ] --END-- [ RunTime:0.001000s ]
SQL: SHOW COLUMNS FROM `p39_category` [ RunTime:0.0080s ]
SQL: SHOW COLUMNS FROM `p39_brand` [ RunTime:0.0070s ]
SQL: SELECT * FROM `p39_brand`  [ RunTime:0.0010s ]
SQL: SHOW COLUMNS FROM `p39_member_level` [ RunTime:0.0090s ]
SQL: SELECT * FROM `p39_member_level`  [ RunTime:0.0010s ]
SQL: SELECT * FROM `p39_category`  [ RunTime:0.0000s ]
INFO: [ view_parse ] --START--
INFO: [ template_filter ] --START--
INFO: Run Behavior\ContentReplaceBehavior [ RunTime:0.000000s ]
INFO: [ template_filter ] --END-- [ RunTime:0.000000s ]
SQL: SELECT `id`,`brand_name` FROM `p39_brand`  [ RunTime:0.0000s ]
SQL: SHOW COLUMNS FROM `p39_type` [ RunTime:0.0070s ]
SQL: SELECT `id`,`type_name` FROM `p39_type`  [ RunTime:0.0010s ]
INFO: Run Behavior\ParseTemplateBehavior [ RunTime:0.019001s ]
INFO: [ view_parse ] --END-- [ RunTime:0.019001s ]
INFO: [ view_filter ] --START--
INFO: Run Behavior\WriteHtmlCacheBehavior [ RunTime:0.000000s ]
INFO: [ view_filter ] --END-- [ RunTime:0.000000s ]
INFO: [ app_end ] --START--
INFO: Run Behavior\ShowPageTraceBehavior [ RunTime:0.001000s ]
INFO: [ app_end ] --END-- [ RunTime:0.001000s ]

[ 2016-12-07T10:49:31+08:00 ] 127.0.0.1 /shop/index.php/Admin/Goods/ajaxGetAttr/type_id/1
INFO: [ app_init ] --START--
INFO: Run Behavior\BuildLiteBehavior [ RunTime:0.000000s ]
INFO: [ app_init ] --END-- [ RunTime:0.000000s ]
INFO: [ app_begin ] --START--
INFO: Run Behavior\ReadHtmlCacheBehavior [ RunTime:0.001000s ]
INFO: [ app_begin ] --END-- [ RunTime:0.001000s ]
SQL: SHOW COLUMNS FROM `p39_attribute` [ RunTime:0.0070s ]
SQL: SELECT * FROM `p39_attribute` WHERE `type_id` = '1'  [ RunTime:0.0010s ]
INFO: [ app_end ] --START--
INFO: Run Behavior\ShowPageTraceBehavior [ RunTime:0.001000s ]
INFO: [ app_end ] --END-- [ RunTime:0.001000s ]

[ 2016-12-07T10:51:10+08:00 ] 127.0.0.1 /shop/index.php/Admin/Goods/lst.html
INFO: [ app_init ] --START--
INFO: Run Behavior\BuildLiteBehavior [ RunTime:0.000000s ]
INFO: [ app_init ] --END-- [ RunTime:0.001000s ]
INFO: [ app_begin ] --START--
INFO: Run Behavior\ReadHtmlCacheBehavior [ RunTime:0.000000s ]
INFO: [ app_begin ] --END-- [ RunTime:0.001000s ]
NOTIC: [2048] Declaration of Admin\Model\GoodsModel::_after_insert() should be compatible with that of Think\Model::_after_insert() D:\phpStudy\WWW\shop\Admin\Model\GoodsModel.class.php 第 5 行.
SQL: SHOW COLUMNS FROM `p39_goods` [ RunTime:0.0070s ]
SQL: SELECT COUNT(*) AS tp_count FROM p39_goods a LIMIT 1   [ RunTime:0.0000s ]
SQL: SELECT a.*,b.brand_name,c.cat_name,GROUP_CONCAT(e.cat_name SEPARATOR "<br />") ext_cat_name FROM p39_goods a LEFT JOIN p39_brand b ON a.brand_id=b.id LEFT JOIN p39_category c ON a.cat_id=c.id LEFT JOIN p39_goods_cat d ON a.id=d.goods_id LEFT JOIN p39_category e ON d.cat_id=e.id  GROUP BY a.id ORDER BY a.id desc LIMIT 0,2   [ RunTime:0.0010s ]
SQL: SHOW COLUMNS FROM `p39_category` [ RunTime:0.0070s ]
SQL: SELECT * FROM `p39_category`  [ RunTime:0.0000s ]
INFO: [ view_parse ] --START--
INFO: [ template_filter ] --START--
INFO: Run Behavior\ContentReplaceBehavior [ RunTime:0.001000s ]
INFO: [ template_filter ] --END-- [ RunTime:0.001000s ]
SQL: SHOW COLUMNS FROM `p39_brand` [ RunTime:0.0070s ]
SQL: SELECT `id`,`brand_name` FROM `p39_brand`  [ RunTime:0.0000s ]
INFO: Run Behavior\ParseTemplateBehavior [ RunTime:0.018001s ]
INFO: [ view_parse ] --END-- [ RunTime:0.018001s ]
INFO: [ view_filter ] --START--
INFO: Run Behavior\WriteHtmlCacheBehavior [ RunTime:0.001000s ]
INFO: [ view_filter ] --END-- [ RunTime:0.001000s ]
INFO: [ app_end ] --START--
INFO: Run Behavior\ShowPageTraceBehavior [ RunTime:0.001000s ]
INFO: [ app_end ] --END-- [ RunTime:0.001000s ]

[ 2016-12-07T10:51:11+08:00 ] 127.0.0.1 /shop/index.php/Admin/Goods/goods_number/id/6.html
INFO: [ app_init ] --START--
INFO: Run Behavior\BuildLiteBehavior [ RunTime:0.000000s ]
INFO: [ app_init ] --END-- [ RunTime:0.000000s ]
INFO: [ app_begin ] --START--
INFO: Run Behavior\ReadHtmlCacheBehavior [ RunTime:0.001000s ]
INFO: [ app_begin ] --END-- [ RunTime:0.001000s ]
SQL: SHOW COLUMNS FROM `p39_goods_attr` [ RunTime:0.0080s ]
SQL: SELECT * FROM p39_goods_attr a LEFT JOIN p39_attribute b ON a.attr_id=b.id  WHERE a.goods_id = '6' AND b.attr_type = '可选'  [ RunTime:0.0010s ]
INFO: [ view_parse ] --START--
INFO: [ template_filter ] --START--
INFO: Run Behavior\ContentReplaceBehavior [ RunTime:0.000000s ]
INFO: [ template_filter ] --END-- [ RunTime:0.000000s ]
INFO: Run Behavior\ParseTemplateBehavior [ RunTime:0.008000s ]
INFO: [ view_parse ] --END-- [ RunTime:0.008000s ]
INFO: [ view_filter ] --START--
INFO: Run Behavior\WriteHtmlCacheBehavior [ RunTime:0.000000s ]
INFO: [ view_filter ] --END-- [ RunTime:0.000000s ]
INFO: [ app_end ] --START--
INFO: Run Behavior\ShowPageTraceBehavior [ RunTime:0.001000s ]
INFO: [ app_end ] --END-- [ RunTime:0.001000s ]

[ 2016-12-07T10:56:05+08:00 ] 127.0.0.1 /shop/index.php/Admin/Goods/goods_number/id/6.html
INFO: [ app_init ] --START--
INFO: Run Behavior\BuildLiteBehavior [ RunTime:0.000000s ]
INFO: [ app_init ] --END-- [ RunTime:0.000000s ]
INFO: [ app_begin ] --START--
INFO: Run Behavior\ReadHtmlCacheBehavior [ RunTime:0.001001s ]
INFO: [ app_begin ] --END-- [ RunTime:0.001001s ]
SQL: SHOW COLUMNS FROM `p39_goods_attr` [ RunTime:0.0070s ]
SQL: SELECT * FROM p39_goods_attr a LEFT JOIN p39_attribute b ON a.attr_id=b.id  WHERE a.goods_id = '6' AND b.attr_type = '可选'  [ RunTime:0.0010s ]
INFO: [ view_parse ] --START--
INFO: [ template_filter ] --START--
INFO: Run Behavior\ContentReplaceBehavior [ RunTime:0.000000s ]
INFO: [ template_filter ] --END-- [ RunTime:0.000000s ]
INFO: Run Behavior\ParseTemplateBehavior [ RunTime:0.008001s ]
INFO: [ view_parse ] --END-- [ RunTime:0.008001s ]
INFO: [ view_filter ] --START--
INFO: Run Behavior\WriteHtmlCacheBehavior [ RunTime:0.001000s ]
INFO: [ view_filter ] --END-- [ RunTime:0.001000s ]
INFO: [ app_end ] --START--
INFO: Run Behavior\ShowPageTraceBehavior [ RunTime:0.001000s ]
INFO: [ app_end ] --END-- [ RunTime:0.001000s ]

[ 2016-12-07T10:56:08+08:00 ] 127.0.0.1 /shop/index.php/Admin/Goods/goods_number/id/6.html
INFO: [ app_init ] --START--
INFO: Run Behavior\BuildLiteBehavior [ RunTime:0.000000s ]
INFO: [ app_init ] --END-- [ RunTime:0.001000s ]
INFO: [ app_begin ] --START--
INFO: Run Behavior\ReadHtmlCacheBehavior [ RunTime:0.001000s ]
INFO: [ app_begin ] --END-- [ RunTime:0.001000s ]
SQL: SHOW COLUMNS FROM `p39_goods_attr` [ RunTime:0.0070s ]
SQL: SELECT * FROM p39_goods_attr a LEFT JOIN p39_attribute b ON a.attr_id=b.id  WHERE a.goods_id = '6' AND b.attr_type = '可选'  [ RunTime:0.0010s ]
INFO: [ view_parse ] --START--
INFO: [ template_filter ] --START--
INFO: Run Behavior\ContentReplaceBehavior [ RunTime:0.000000s ]
INFO: [ template_filter ] --END-- [ RunTime:0.000000s ]
INFO: Run Behavior\ParseTemplateBehavior [ RunTime:0.008001s ]
INFO: [ view_parse ] --END-- [ RunTime:0.008001s ]
INFO: [ view_filter ] --START--
INFO: Run Behavior\WriteHtmlCacheBehavior [ RunTime:0.000000s ]
INFO: [ view_filter ] --END-- [ RunTime:0.000000s ]
INFO: [ app_end ] --START--
INFO: Run Behavior\ShowPageTraceBehavior [ RunTime:0.000000s ]
INFO: [ app_end ] --END-- [ RunTime:0.001000s ]

[ 2016-12-07T10:56:50+08:00 ] 127.0.0.1 /shop/index.php/Admin/Goods/goods_number/id/6.html
INFO: [ app_init ] --START--
INFO: Run Behavior\BuildLiteBehavior [ RunTime:0.000000s ]
INFO: [ app_init ] --END-- [ RunTime:0.001000s ]
INFO: [ app_begin ] --START--
INFO: Run Behavior\ReadHtmlCacheBehavior [ RunTime:0.001000s ]
INFO: [ app_begin ] --END-- [ RunTime:0.001000s ]
SQL: SHOW COLUMNS FROM `p39_goods_attr` [ RunTime:0.0060s ]
SQL: SELECT * FROM p39_goods_attr a LEFT JOIN p39_attribute b ON a.attr_id=b.id  WHERE a.goods_id = '6' AND b.attr_type = '可选'  [ RunTime:0.0000s ]
INFO: [ view_parse ] --START--
INFO: [ template_filter ] --START--
INFO: Run Behavior\ContentReplaceBehavior [ RunTime:0.000000s ]
INFO: [ template_filter ] --END-- [ RunTime:0.000000s ]
INFO: Run Behavior\ParseTemplateBehavior [ RunTime:0.008000s ]
INFO: [ view_parse ] --END-- [ RunTime:0.008000s ]
INFO: [ view_filter ] --START--
INFO: Run Behavior\WriteHtmlCacheBehavior [ RunTime:0.000000s ]
INFO: [ view_filter ] --END-- [ RunTime:0.000000s ]
INFO: [ app_end ] --START--
INFO: Run Behavior\ShowPageTraceBehavior [ RunTime:0.001000s ]
INFO: [ app_end ] --END-- [ RunTime:0.001000s ]

[ 2016-12-07T10:58:18+08:00 ] 127.0.0.1 /shop/index.php/Admin/Goods/goods_number/id/6.html
INFO: [ app_init ] --START--
INFO: Run Behavior\BuildLiteBehavior [ RunTime:0.000000s ]
INFO: [ app_init ] --END-- [ RunTime:0.001000s ]
INFO: [ app_begin ] --START--
INFO: Run Behavior\ReadHtmlCacheBehavior [ RunTime:0.001000s ]
INFO: [ app_begin ] --END-- [ RunTime:0.001000s ]
SQL: SHOW COLUMNS FROM `p39_goods_attr` [ RunTime:0.0060s ]
SQL: SELECT * FROM p39_goods_attr a LEFT JOIN p39_attribute b ON a.attr_id=b.id  WHERE a.goods_id = '6' AND b.attr_type = '可选'  [ RunTime:0.0000s ]
INFO: [ view_parse ] --START--
INFO: [ template_filter ] --START--
INFO: Run Behavior\ContentReplaceBehavior [ RunTime:0.000000s ]
INFO: [ template_filter ] --END-- [ RunTime:0.000000s ]
INFO: Run Behavior\ParseTemplateBehavior [ RunTime:0.008000s ]
INFO: [ view_parse ] --END-- [ RunTime:0.008000s ]
INFO: [ view_filter ] --START--
INFO: Run Behavior\WriteHtmlCacheBehavior [ RunTime:0.000000s ]
INFO: [ view_filter ] --END-- [ RunTime:0.000000s ]
INFO: [ app_end ] --START--
INFO: Run Behavior\ShowPageTraceBehavior [ RunTime:0.001001s ]
INFO: [ app_end ] --END-- [ RunTime:0.001001s ]

[ 2016-12-07T10:58:27+08:00 ] 127.0.0.1 /shop/index.php/Admin/Goods/goods_number/id/6.html
INFO: [ app_init ] --START--
INFO: Run Behavior\BuildLiteBehavior [ RunTime:0.000000s ]
INFO: [ app_init ] --END-- [ RunTime:0.001000s ]
INFO: [ app_begin ] --START--
INFO: Run Behavior\ReadHtmlCacheBehavior [ RunTime:0.001000s ]
INFO: [ app_begin ] --END-- [ RunTime:0.001000s ]
SQL: SHOW COLUMNS FROM `p39_goods_attr` [ RunTime:0.0070s ]
SQL: SELECT * FROM p39_goods_attr a LEFT JOIN p39_attribute b ON a.attr_id=b.id  WHERE a.goods_id = '6' AND b.attr_type = '可选'  [ RunTime:0.0010s ]
INFO: [ view_parse ] --START--
INFO: [ template_filter ] --START--
INFO: Run Behavior\ContentReplaceBehavior [ RunTime:0.000000s ]
INFO: [ template_filter ] --END-- [ RunTime:0.000000s ]
INFO: Run Behavior\ParseTemplateBehavior [ RunTime:0.009001s ]
INFO: [ view_parse ] --END-- [ RunTime:0.009001s ]
INFO: [ view_filter ] --START--
INFO: Run Behavior\WriteHtmlCacheBehavior [ RunTime:0.000000s ]
INFO: [ view_filter ] --END-- [ RunTime:0.000000s ]
INFO: [ app_end ] --START--
INFO: Run Behavior\ShowPageTraceBehavior [ RunTime:0.001000s ]
INFO: [ app_end ] --END-- [ RunTime:0.001000s ]

[ 2016-12-07T11:00:04+08:00 ] 127.0.0.1 /shop/index.php/Admin/Goods/goods_number/id/6.html
INFO: [ app_init ] --START--
INFO: Run Behavior\BuildLiteBehavior [ RunTime:0.000000s ]
INFO: [ app_init ] --END-- [ RunTime:0.000000s ]
INFO: [ app_begin ] --START--
INFO: Run Behavior\ReadHtmlCacheBehavior [ RunTime:0.000000s ]
INFO: [ app_begin ] --END-- [ RunTime:0.000000s ]
SQL: SHOW COLUMNS FROM `p39_goods_attr` [ RunTime:0.0080s ]
SQL: SELECT * FROM p39_goods_attr a LEFT JOIN p39_attribute b ON a.attr_id=b.id  WHERE a.goods_id = '6' AND b.attr_type = '可选'  [ RunTime:0.0010s ]
INFO: [ view_parse ] --START--
INFO: [ template_filter ] --START--
INFO: Run Behavior\ContentReplaceBehavior [ RunTime:0.000000s ]
INFO: [ template_filter ] --END-- [ RunTime:0.000000s ]
INFO: Run Behavior\ParseTemplateBehavior [ RunTime:0.008000s ]
INFO: [ view_parse ] --END-- [ RunTime:0.008000s ]
INFO: [ view_filter ] --START--
INFO: Run Behavior\WriteHtmlCacheBehavior [ RunTime:0.000000s ]
INFO: [ view_filter ] --END-- [ RunTime:0.000000s ]
INFO: [ app_end ] --START--
INFO: Run Behavior\ShowPageTraceBehavior [ RunTime:0.001000s ]
INFO: [ app_end ] --END-- [ RunTime:0.001000s ]

[ 2016-12-07T15:35:20+08:00 ] 127.0.0.1 /shop/index.php/Admin/Goods/goods_number/id/6.html
INFO: [ app_init ] --START--
INFO: Run Behavior\BuildLiteBehavior [ RunTime:0.000000s ]
INFO: [ app_init ] --END-- [ RunTime:0.001000s ]
INFO: [ app_begin ] --START--
INFO: Run Behavior\ReadHtmlCacheBehavior [ RunTime:0.000000s ]
INFO: [ app_begin ] --END-- [ RunTime:0.001000s ]
SQL: SHOW COLUMNS FROM `p39_goods_attr` [ RunTime:0.0070s ]
SQL: SELECT * FROM p39_goods_attr a LEFT JOIN p39_attribute b ON a.attr_id=b.id  WHERE a.goods_id = '6' AND b.attr_type = '可选'  [ RunTime:0.0000s ]
INFO: [ view_parse ] --START--
INFO: [ template_filter ] --START--
INFO: Run Behavior\ContentReplaceBehavior [ RunTime:0.000000s ]
INFO: [ template_filter ] --END-- [ RunTime:0.000000s ]
INFO: Run Behavior\ParseTemplateBehavior [ RunTime:0.009000s ]
INFO: [ view_parse ] --END-- [ RunTime:0.009000s ]
INFO: [ view_filter ] --START--
INFO: Run Behavior\WriteHtmlCacheBehavior [ RunTime:0.000000s ]
INFO: [ view_filter ] --END-- [ RunTime:0.000000s ]
INFO: [ app_end ] --START--
INFO: Run Behavior\ShowPageTraceBehavior [ RunTime:0.001000s ]
INFO: [ app_end ] --END-- [ RunTime:0.001000s ]

[ 2016-12-07T15:37:30+08:00 ] 127.0.0.1 /shop/index.php/Admin/Goods/goods_number/id/6.html
INFO: [ app_init ] --START--
INFO: Run Behavior\BuildLiteBehavior [ RunTime:0.000000s ]
INFO: [ app_init ] --END-- [ RunTime:0.001000s ]
INFO: [ app_begin ] --START--
INFO: Run Behavior\ReadHtmlCacheBehavior [ RunTime:0.001000s ]
INFO: [ app_begin ] --END-- [ RunTime:0.001000s ]
SQL: SHOW COLUMNS FROM `p39_goods_attr` [ RunTime:0.0080s ]
SQL: SELECT * FROM p39_goods_attr a LEFT JOIN p39_attribute b ON a.attr_id=b.id  WHERE a.goods_id = '6' AND b.attr_type = '可选'  [ RunTime:0.0000s ]
INFO: [ view_parse ] --START--
INFO: [ template_filter ] --START--
INFO: Run Behavior\ContentReplaceBehavior [ RunTime:0.000000s ]
INFO: [ template_filter ] --END-- [ RunTime:0.000000s ]
INFO: Run Behavior\ParseTemplateBehavior [ RunTime:0.009001s ]
INFO: [ view_parse ] --END-- [ RunTime:0.009001s ]
INFO: [ view_filter ] --START--
INFO: Run Behavior\WriteHtmlCacheBehavior [ RunTime:0.000000s ]
INFO: [ view_filter ] --END-- [ RunTime:0.000000s ]
INFO: [ app_end ] --START--
INFO: Run Behavior\ShowPageTraceBehavior [ RunTime:0.001000s ]
INFO: [ app_end ] --END-- [ RunTime:0.001000s ]

[ 2016-12-07T15:39:42+08:00 ] 127.0.0.1 /shop/index.php/Admin/Goods/goods_number/id/6.html
INFO: [ app_init ] --START--
INFO: Run Behavior\BuildLiteBehavior [ RunTime:0.000000s ]
INFO: [ app_init ] --END-- [ RunTime:0.000000s ]
INFO: [ app_begin ] --START--
INFO: Run Behavior\ReadHtmlCacheBehavior [ RunTime:0.001000s ]
INFO: [ app_begin ] --END-- [ RunTime:0.002000s ]
SQL: SHOW COLUMNS FROM `p39_goods_attr` [ RunTime:0.0070s ]
SQL: SELECT * FROM p39_goods_attr a LEFT JOIN p39_attribute b ON a.attr_id=b.id  WHERE a.goods_id = '6' AND b.attr_type = '可选'  [ RunTime:0.0010s ]
INFO: [ view_parse ] --START--
INFO: [ template_filter ] --START--
INFO: Run Behavior\ContentReplaceBehavior [ RunTime:0.000000s ]
INFO: [ template_filter ] --END-- [ RunTime:0.000000s ]
INFO: Run Behavior\ParseTemplateBehavior [ RunTime:0.008001s ]
INFO: [ view_parse ] --END-- [ RunTime:0.008001s ]
INFO: [ view_filter ] --START--
INFO: Run Behavior\WriteHtmlCacheBehavior [ RunTime:0.001000s ]
INFO: [ view_filter ] --END-- [ RunTime:0.001000s ]
INFO: [ app_end ] --START--
INFO: Run Behavior\ShowPageTraceBehavior [ RunTime:0.001000s ]
INFO: [ app_end ] --END-- [ RunTime:0.001000s ]

[ 2016-12-07T15:39:47+08:00 ] 127.0.0.1 /shop/index.php/Admin/Goods/goods_number/id/6.html
INFO: [ app_init ] --START--
INFO: Run Behavior\BuildLiteBehavior [ RunTime:0.000000s ]
INFO: [ app_init ] --END-- [ RunTime:0.000000s ]
INFO: [ app_begin ] --START--
INFO: Run Behavior\ReadHtmlCacheBehavior [ RunTime:0.002000s ]
INFO: [ app_begin ] --END-- [ RunTime:0.002000s ]

[ 2016-12-07T15:39:52+08:00 ] 127.0.0.1 /shop/index.php/Admin/Goods/goods_number/id/6.html
INFO: [ app_init ] --START--
INFO: Run Behavior\BuildLiteBehavior [ RunTime:0.000000s ]
INFO: [ app_init ] --END-- [ RunTime:0.001000s ]
INFO: [ app_begin ] --START--
INFO: Run Behavior\ReadHtmlCacheBehavior [ RunTime:0.001000s ]
INFO: [ app_begin ] --END-- [ RunTime:0.001000s ]
SQL: SHOW COLUMNS FROM `p39_goods_attr` [ RunTime:0.0080s ]
SQL: SELECT * FROM p39_goods_attr a LEFT JOIN p39_attribute b ON a.attr_id=b.id  WHERE a.goods_id = '6' AND b.attr_type = '可选'  [ RunTime:0.0000s ]
INFO: [ view_parse ] --START--
INFO: [ template_filter ] --START--
INFO: Run Behavior\ContentReplaceBehavior [ RunTime:0.000000s ]
INFO: [ template_filter ] --END-- [ RunTime:0.000000s ]
INFO: Run Behavior\ParseTemplateBehavior [ RunTime:0.008000s ]
INFO: [ view_parse ] --END-- [ RunTime:0.008000s ]
INFO: [ view_filter ] --START--
INFO: Run Behavior\WriteHtmlCacheBehavior [ RunTime:0.000000s ]
INFO: [ view_filter ] --END-- [ RunTime:0.000000s ]
INFO: [ app_end ] --START--
INFO: Run Behavior\ShowPageTraceBehavior [ RunTime:0.001000s ]
INFO: [ app_end ] --END-- [ RunTime:0.001000s ]

[ 2016-12-07T15:40:17+08:00 ] 127.0.0.1 /shop/index.php/Admin/Goods/goods_number/id/6.html
INFO: [ app_init ] --START--
INFO: Run Behavior\BuildLiteBehavior [ RunTime:0.000000s ]
INFO: [ app_init ] --END-- [ RunTime:0.001000s ]
INFO: [ app_begin ] --START--
INFO: Run Behavior\ReadHtmlCacheBehavior [ RunTime:0.001000s ]
INFO: [ app_begin ] --END-- [ RunTime:0.001000s ]

[ 2016-12-07T15:41:39+08:00 ] 127.0.0.1 /shop/index.php/Admin/Goods/goods_number/id/6.html
INFO: [ app_init ] --START--
INFO: Run Behavior\BuildLiteBehavior [ RunTime:0.000000s ]
INFO: [ app_init ] --END-- [ RunTime:0.001000s ]
INFO: [ app_begin ] --START--
INFO: Run Behavior\ReadHtmlCacheBehavior [ RunTime:0.000000s ]
INFO: [ app_begin ] --END-- [ RunTime:0.000000s ]
SQL: SHOW COLUMNS FROM `p39_goods_attr` [ RunTime:0.0070s ]
SQL: SELECT * FROM p39_goods_attr a LEFT JOIN p39_attribute b ON a.attr_id=b.id  WHERE a.goods_id = '6' AND b.attr_type = '可选'  [ RunTime:0.0010s ]
INFO: [ view_parse ] --START--
INFO: [ template_filter ] --START--
INFO: Run Behavior\ContentReplaceBehavior [ RunTime:0.000000s ]
INFO: [ template_filter ] --END-- [ RunTime:0.000000s ]
INFO: Run Behavior\ParseTemplateBehavior [ RunTime:0.009001s ]
INFO: [ view_parse ] --END-- [ RunTime:0.009001s ]
INFO: [ view_filter ] --START--
INFO: Run Behavior\WriteHtmlCacheBehavior [ RunTime:0.000000s ]
INFO: [ view_filter ] --END-- [ RunTime:0.000000s ]
INFO: [ app_end ] --START--
INFO: Run Behavior\ShowPageTraceBehavior [ RunTime:0.001000s ]
INFO: [ app_end ] --END-- [ RunTime:0.001000s ]

[ 2016-12-07T15:42:12+08:00 ] 127.0.0.1 /shop/index.php/Admin/Goods/goods_number/id/6.html
INFO: [ app_init ] --START--
INFO: Run Behavior\BuildLiteBehavior [ RunTime:0.000000s ]
INFO: [ app_init ] --END-- [ RunTime:0.001000s ]
INFO: [ app_begin ] --START--
INFO: Run Behavior\ReadHtmlCacheBehavior [ RunTime:0.002000s ]
INFO: [ app_begin ] --END-- [ RunTime:0.002000s ]

[ 2016-12-07T15:45:57+08:00 ] 127.0.0.1 /shop/index.php/Admin/Goods/goods_number/id/6.html
INFO: [ app_init ] --START--
INFO: Run Behavior\BuildLiteBehavior [ RunTime:0.000000s ]
INFO: [ app_init ] --END-- [ RunTime:0.001000s ]
INFO: [ app_begin ] --START--
INFO: Run Behavior\ReadHtmlCacheBehavior [ RunTime:0.000000s ]
INFO: [ app_begin ] --END-- [ RunTime:0.000000s ]
SQL: SHOW COLUMNS FROM `p39_goods_attr` [ RunTime:0.0070s ]
SQL: SELECT * FROM p39_goods_attr a LEFT JOIN p39_attribute b ON a.attr_id=b.id  WHERE a.goods_id = '6' AND b.attr_type = '可选'  [ RunTime:0.0000s ]
INFO: [ view_parse ] --START--
INFO: [ template_filter ] --START--
INFO: Run Behavior\ContentReplaceBehavior [ RunTime:0.000000s ]
INFO: [ template_filter ] --END-- [ RunTime:0.000000s ]
INFO: Run Behavior\ParseTemplateBehavior [ RunTime:0.008000s ]
INFO: [ view_parse ] --END-- [ RunTime:0.009000s ]
INFO: [ view_filter ] --START--
INFO: Run Behavior\WriteHtmlCacheBehavior [ RunTime:0.000000s ]
INFO: [ view_filter ] --END-- [ RunTime:0.000000s ]
INFO: [ app_end ] --START--
INFO: Run Behavior\ShowPageTraceBehavior [ RunTime:0.000000s ]
INFO: [ app_end ] --END-- [ RunTime:0.000000s ]

[ 2016-12-07T15:46:20+08:00 ] 127.0.0.1 /shop/index.php/Admin/Goods/goods_number/id/6.html
INFO: [ app_init ] --START--
INFO: Run Behavior\BuildLiteBehavior [ RunTime:0.000000s ]
INFO: [ app_init ] --END-- [ RunTime:0.001000s ]
INFO: [ app_begin ] --START--
INFO: Run Behavior\ReadHtmlCacheBehavior [ RunTime:0.001000s ]
INFO: [ app_begin ] --END-- [ RunTime:0.001000s ]

[ 2016-12-07T15:58:49+08:00 ] 127.0.0.1 /shop/index.php/Admin/Goods/goods_number/id/6.html
INFO: [ app_init ] --START--
INFO: Run Behavior\BuildLiteBehavior [ RunTime:0.000000s ]
INFO: [ app_init ] --END-- [ RunTime:0.000000s ]
INFO: [ app_begin ] --START--
INFO: Run Behavior\ReadHtmlCacheBehavior [ RunTime:0.001000s ]
INFO: [ app_begin ] --END-- [ RunTime:0.001000s ]
SQL: SHOW COLUMNS FROM `p39_goods_attr` [ RunTime:0.0070s ]
SQL: SELECT * FROM p39_goods_attr a LEFT JOIN p39_attribute b ON a.attr_id=b.id  WHERE a.goods_id = '6' AND b.attr_type = '可选'  [ RunTime:0.0010s ]
INFO: [ view_parse ] --START--
INFO: [ template_filter ] --START--
INFO: Run Behavior\ContentReplaceBehavior [ RunTime:0.000000s ]
INFO: [ template_filter ] --END-- [ RunTime:0.000000s ]

[ 2016-12-07T16:06:43+08:00 ] 127.0.0.1 /shop/index.php/Admin/Goods/lst.html
INFO: [ app_init ] --START--
INFO: Run Behavior\BuildLiteBehavior [ RunTime:0.000000s ]
INFO: [ app_init ] --END-- [ RunTime:0.003000s ]
INFO: [ app_begin ] --START--
INFO: Run Behavior\ReadHtmlCacheBehavior [ RunTime:0.001000s ]
INFO: [ app_begin ] --END-- [ RunTime:0.001000s ]
NOTIC: [2048] Declaration of Admin\Model\GoodsModel::_after_insert() should be compatible with that of Think\Model::_after_insert() D:\phpStudy\WWW\shop\Admin\Model\GoodsModel.class.php 第 5 行.
SQL: SHOW COLUMNS FROM `p39_goods` [ RunTime:0.0070s ]
SQL: SELECT COUNT(*) AS tp_count FROM p39_goods a LIMIT 1   [ RunTime:0.0000s ]
SQL: SELECT a.*,b.brand_name,c.cat_name,GROUP_CONCAT(e.cat_name SEPARATOR "<br />") ext_cat_name FROM p39_goods a LEFT JOIN p39_brand b ON a.brand_id=b.id LEFT JOIN p39_category c ON a.cat_id=c.id LEFT JOIN p39_goods_cat d ON a.id=d.goods_id LEFT JOIN p39_category e ON d.cat_id=e.id  GROUP BY a.id ORDER BY a.id desc LIMIT 0,2   [ RunTime:0.0010s ]
SQL: SHOW COLUMNS FROM `p39_category` [ RunTime:0.0060s ]
SQL: SELECT * FROM `p39_category`  [ RunTime:0.0000s ]
INFO: [ view_parse ] --START--
INFO: [ template_filter ] --START--
INFO: Run Behavior\ContentReplaceBehavior [ RunTime:0.000000s ]
INFO: [ template_filter ] --END-- [ RunTime:0.000000s ]
SQL: SHOW COLUMNS FROM `p39_brand` [ RunTime:0.0070s ]
SQL: SELECT `id`,`brand_name` FROM `p39_brand`  [ RunTime:0.0000s ]
INFO: Run Behavior\ParseTemplateBehavior [ RunTime:0.019001s ]
INFO: [ view_parse ] --END-- [ RunTime:0.019001s ]
INFO: [ view_filter ] --START--
INFO: Run Behavior\WriteHtmlCacheBehavior [ RunTime:0.000000s ]
INFO: [ view_filter ] --END-- [ RunTime:0.000000s ]
INFO: [ app_end ] --START--
INFO: Run Behavior\ShowPageTraceBehavior [ RunTime:0.000000s ]
INFO: [ app_end ] --END-- [ RunTime:0.001000s ]

[ 2016-12-07T16:06:46+08:00 ] 127.0.0.1 /shop/index.php/Admin/Goods/goods_number/id/6.html
INFO: [ app_init ] --START--
INFO: Run Behavior\BuildLiteBehavior [ RunTime:0.000000s ]
INFO: [ app_init ] --END-- [ RunTime:0.001000s ]
INFO: [ app_begin ] --START--
INFO: Run Behavior\ReadHtmlCacheBehavior [ RunTime:0.001000s ]
INFO: [ app_begin ] --END-- [ RunTime:0.001000s ]
SQL: SHOW COLUMNS FROM `p39_goods_attr` [ RunTime:0.0070s ]
SQL: SELECT a.*,b.attr_name FROM p39_goods_attr a LEFT JOIN p39_attribute b ON a.attr_id=b.id  WHERE a.goods_id = '6' AND b.attr_type = '可选'  [ RunTime:0.0000s ]
INFO: [ view_parse ] --START--
INFO: [ template_filter ] --START--
INFO: Run Behavior\ContentReplaceBehavior [ RunTime:0.000000s ]
INFO: [ template_filter ] --END-- [ RunTime:0.000000s ]

[ 2016-12-07T16:09:52+08:00 ] 127.0.0.1 /shop/index.php/Admin/Goods/lst.html
INFO: [ app_init ] --START--
INFO: Run Behavior\BuildLiteBehavior [ RunTime:0.000000s ]
INFO: [ app_init ] --END-- [ RunTime:0.001000s ]
INFO: [ app_begin ] --START--
INFO: Run Behavior\ReadHtmlCacheBehavior [ RunTime:0.001000s ]
INFO: [ app_begin ] --END-- [ RunTime:0.001000s ]
NOTIC: [2048] Declaration of Admin\Model\GoodsModel::_after_insert() should be compatible with that of Think\Model::_after_insert() D:\phpStudy\WWW\shop\Admin\Model\GoodsModel.class.php 第 5 行.
SQL: SHOW COLUMNS FROM `p39_goods` [ RunTime:0.0060s ]
SQL: SELECT COUNT(*) AS tp_count FROM p39_goods a LIMIT 1   [ RunTime:0.0000s ]
SQL: SELECT a.*,b.brand_name,c.cat_name,GROUP_CONCAT(e.cat_name SEPARATOR "<br />") ext_cat_name FROM p39_goods a LEFT JOIN p39_brand b ON a.brand_id=b.id LEFT JOIN p39_category c ON a.cat_id=c.id LEFT JOIN p39_goods_cat d ON a.id=d.goods_id LEFT JOIN p39_category e ON d.cat_id=e.id  GROUP BY a.id ORDER BY a.id desc LIMIT 0,2   [ RunTime:0.0010s ]
SQL: SHOW COLUMNS FROM `p39_category` [ RunTime:0.0070s ]
SQL: SELECT * FROM `p39_category`  [ RunTime:0.0010s ]
INFO: [ view_parse ] --START--
INFO: [ template_filter ] --START--
INFO: Run Behavior\ContentReplaceBehavior [ RunTime:0.000000s ]
INFO: [ template_filter ] --END-- [ RunTime:0.000000s ]
SQL: SHOW COLUMNS FROM `p39_brand` [ RunTime:0.0070s ]
SQL: SELECT `id`,`brand_name` FROM `p39_brand`  [ RunTime:0.0000s ]
INFO: Run Behavior\ParseTemplateBehavior [ RunTime:0.018001s ]
INFO: [ view_parse ] --END-- [ RunTime:0.018001s ]
INFO: [ view_filter ] --START--
INFO: Run Behavior\WriteHtmlCacheBehavior [ RunTime:0.000000s ]
INFO: [ view_filter ] --END-- [ RunTime:0.000000s ]
INFO: [ app_end ] --START--
INFO: Run Behavior\ShowPageTraceBehavior [ RunTime:0.000000s ]
INFO: [ app_end ] --END-- [ RunTime:0.001000s ]

[ 2016-12-07T16:09:53+08:00 ] 127.0.0.1 /shop/index.php/Admin/Goods/goods_number/id/6.html
INFO: [ app_init ] --START--
INFO: Run Behavior\BuildLiteBehavior [ RunTime:0.000000s ]
INFO: [ app_init ] --END-- [ RunTime:0.000000s ]
INFO: [ app_begin ] --START--
INFO: Run Behavior\ReadHtmlCacheBehavior [ RunTime:0.001000s ]
INFO: [ app_begin ] --END-- [ RunTime:0.001000s ]
SQL: SHOW COLUMNS FROM `p39_goods_attr` [ RunTime:0.0070s ]
SQL: SELECT a.*,b.attr_name FROM p39_goods_attr a LEFT JOIN p39_attribute b ON a.attr_id=b.id  WHERE a.goods_id = '6' AND b.attr_type = '可选'  [ RunTime:0.0010s ]
INFO: [ view_parse ] --START--
INFO: [ template_filter ] --START--
INFO: Run Behavior\ContentReplaceBehavior [ RunTime:0.000000s ]
INFO: [ template_filter ] --END-- [ RunTime:0.000000s ]
INFO: Run Behavior\ParseTemplateBehavior [ RunTime:0.008000s ]
INFO: [ view_parse ] --END-- [ RunTime:0.008000s ]
INFO: [ view_filter ] --START--
INFO: Run Behavior\WriteHtmlCacheBehavior [ RunTime:0.001000s ]
INFO: [ view_filter ] --END-- [ RunTime:0.001000s ]
INFO: [ app_end ] --START--
INFO: Run Behavior\ShowPageTraceBehavior [ RunTime:0.001000s ]
INFO: [ app_end ] --END-- [ RunTime:0.001000s ]

[ 2016-12-07T16:10:19+08:00 ] 127.0.0.1 /shop/index.php/Admin/Goods/goods_number/id/6.html
INFO: [ app_init ] --START--
INFO: Run Behavior\BuildLiteBehavior [ RunTime:0.000000s ]
INFO: [ app_init ] --END-- [ RunTime:0.001000s ]
INFO: [ app_begin ] --START--
INFO: Run Behavior\ReadHtmlCacheBehavior [ RunTime:0.001000s ]
INFO: [ app_begin ] --END-- [ RunTime:0.001000s ]

[ 2016-12-07T16:42:22+08:00 ] 127.0.0.1 /shop/index.php/Admin/Goods/goods_number/id/6.html
INFO: [ app_init ] --START--
INFO: Run Behavior\BuildLiteBehavior [ RunTime:0.000000s ]
INFO: [ app_init ] --END-- [ RunTime:0.000000s ]
INFO: [ app_begin ] --START--
INFO: Run Behavior\ReadHtmlCacheBehavior [ RunTime:0.001000s ]
INFO: [ app_begin ] --END-- [ RunTime:0.001000s ]

[ 2016-12-07T16:43:10+08:00 ] 127.0.0.1 /shop/index.php/Admin/Goods/goods_number/id/6.html
INFO: [ app_init ] --START--
INFO: Run Behavior\BuildLiteBehavior [ RunTime:0.000000s ]
INFO: [ app_init ] --END-- [ RunTime:0.000000s ]
INFO: [ app_begin ] --START--
INFO: Run Behavior\ReadHtmlCacheBehavior [ RunTime:0.001000s ]
INFO: [ app_begin ] --END-- [ RunTime:0.002000s ]

[ 2016-12-07T16:44:13+08:00 ] 127.0.0.1 /shop/index.php/Admin/Goods/goods_number/id/6.html
INFO: [ app_init ] --START--
INFO: Run Behavior\BuildLiteBehavior [ RunTime:0.000000s ]
INFO: [ app_init ] --END-- [ RunTime:0.000000s ]
INFO: [ app_begin ] --START--
INFO: Run Behavior\ReadHtmlCacheBehavior [ RunTime:0.001000s ]
INFO: [ app_begin ] --END-- [ RunTime:0.001000s ]
SQL: SHOW COLUMNS FROM `p39_goods_number` [ RunTime:0.0080s ]
SQL: INSERT INTO `p39_goods_number` (`goods_id`,`goods_attr_id`,`goods_number`) VALUES ('6','1,4,7','111') [ RunTime:0.0040s ]
SQL: INSERT INTO `p39_goods_number` (`goods_id`,`goods_attr_id`,`goods_number`) VALUES ('6','2,5,7','222') [ RunTime:0.0010s ]
SQL: INSERT INTO `p39_goods_number` (`goods_id`,`goods_attr_id`,`goods_number`) VALUES ('6','1,5,8','666') [ RunTime:0.0010s ]
SQL: INSERT INTO `p39_goods_number` (`goods_id`,`goods_attr_id`,`goods_number`) VALUES ('6','3,4,8','555') [ RunTime:0.0010s ]
SQL: SHOW COLUMNS FROM `p39_goods_attr` [ RunTime:0.0090s ]
SQL: SELECT a.*,b.attr_name FROM p39_goods_attr a LEFT JOIN p39_attribute b ON a.attr_id=b.id  WHERE a.goods_id = '6' AND b.attr_type = '可选'  [ RunTime:0.0010s ]
INFO: [ view_parse ] --START--
INFO: [ template_filter ] --START--
INFO: Run Behavior\ContentReplaceBehavior [ RunTime:0.000000s ]
INFO: [ template_filter ] --END-- [ RunTime:0.000000s ]
INFO: Run Behavior\ParseTemplateBehavior [ RunTime:0.009001s ]
INFO: [ view_parse ] --END-- [ RunTime:0.009001s ]
INFO: [ view_filter ] --START--
INFO: Run Behavior\WriteHtmlCacheBehavior [ RunTime:0.001000s ]
INFO: [ view_filter ] --END-- [ RunTime:0.001000s ]
INFO: [ app_end ] --START--
INFO: Run Behavior\ShowPageTraceBehavior [ RunTime:0.001000s ]
INFO: [ app_end ] --END-- [ RunTime:0.001000s ]

[ 2016-12-07T16:45:46+08:00 ] 127.0.0.1 /shop/index.php/Admin/Goods/lst.html
INFO: [ app_init ] --START--
INFO: Run Behavior\BuildLiteBehavior [ RunTime:0.000000s ]
INFO: [ app_init ] --END-- [ RunTime:0.000000s ]
INFO: [ app_begin ] --START--
INFO: Run Behavior\ReadHtmlCacheBehavior [ RunTime:0.001000s ]
INFO: [ app_begin ] --END-- [ RunTime:0.001000s ]
NOTIC: [2048] Declaration of Admin\Model\GoodsModel::_after_insert() should be compatible with that of Think\Model::_after_insert() D:\phpStudy\WWW\shop\Admin\Model\GoodsModel.class.php 第 5 行.
SQL: SHOW COLUMNS FROM `p39_goods` [ RunTime:0.0080s ]
SQL: SELECT COUNT(*) AS tp_count FROM p39_goods a LIMIT 1   [ RunTime:0.0000s ]
SQL: SELECT a.*,b.brand_name,c.cat_name,GROUP_CONCAT(e.cat_name SEPARATOR "<br />") ext_cat_name FROM p39_goods a LEFT JOIN p39_brand b ON a.brand_id=b.id LEFT JOIN p39_category c ON a.cat_id=c.id LEFT JOIN p39_goods_cat d ON a.id=d.goods_id LEFT JOIN p39_category e ON d.cat_id=e.id  GROUP BY a.id ORDER BY a.id desc LIMIT 0,2   [ RunTime:0.0010s ]
SQL: SHOW COLUMNS FROM `p39_category` [ RunTime:0.0070s ]
SQL: SELECT * FROM `p39_category`  [ RunTime:0.0010s ]
INFO: [ view_parse ] --START--
INFO: [ template_filter ] --START--
INFO: Run Behavior\ContentReplaceBehavior [ RunTime:0.000000s ]
INFO: [ template_filter ] --END-- [ RunTime:0.000000s ]
SQL: SHOW COLUMNS FROM `p39_brand` [ RunTime:0.0080s ]
SQL: SELECT `id`,`brand_name` FROM `p39_brand`  [ RunTime:0.0000s ]
INFO: Run Behavior\ParseTemplateBehavior [ RunTime:0.019001s ]
INFO: [ view_parse ] --END-- [ RunTime:0.019001s ]
INFO: [ view_filter ] --START--
INFO: Run Behavior\WriteHtmlCacheBehavior [ RunTime:0.001000s ]
INFO: [ view_filter ] --END-- [ RunTime:0.001000s ]
INFO: [ app_end ] --START--
INFO: Run Behavior\ShowPageTraceBehavior [ RunTime:0.001000s ]
INFO: [ app_end ] --END-- [ RunTime:0.001000s ]

[ 2016-12-07T16:45:50+08:00 ] 127.0.0.1 /shop/index.php/Admin/Goods/edit/id/6.html
INFO: [ app_init ] --START--
INFO: Run Behavior\BuildLiteBehavior [ RunTime:0.000000s ]
INFO: [ app_init ] --END-- [ RunTime:0.001000s ]
INFO: [ app_begin ] --START--
INFO: Run Behavior\ReadHtmlCacheBehavior [ RunTime:0.001000s ]
INFO: [ app_begin ] --END-- [ RunTime:0.001000s ]
NOTIC: [2048] Declaration of Admin\Model\GoodsModel::_after_insert() should be compatible with that of Think\Model::_after_insert() D:\phpStudy\WWW\shop\Admin\Model\GoodsModel.class.php 第 5 行.
SQL: SHOW COLUMNS FROM `p39_goods` [ RunTime:0.0080s ]
SQL: SELECT * FROM `p39_goods` WHERE `id` = 6 LIMIT 1   [ RunTime:0.0000s ]
SQL: SHOW COLUMNS FROM `p39_brand` [ RunTime:0.0070s ]
SQL: SELECT * FROM `p39_brand`  [ RunTime:0.0000s ]
SQL: SHOW COLUMNS FROM `p39_member_level` [ RunTime:0.0070s ]
SQL: SELECT * FROM `p39_member_level`  [ RunTime:0.0000s ]
SQL: SHOW COLUMNS FROM `p39_member_price` [ RunTime:0.0070s ]
SQL: SELECT * FROM `p39_member_price` WHERE `goods_id` = '6'  [ RunTime:0.0000s ]
SQL: SHOW COLUMNS FROM `p39_goods_pic` [ RunTime:0.0070s ]
SQL: SELECT `id`,`mid_pic` FROM `p39_goods_pic` WHERE `goods_id` = '6'  [ RunTime:0.0000s ]
SQL: SHOW COLUMNS FROM `p39_category` [ RunTime:0.0070s ]
SQL: SELECT * FROM `p39_category`  [ RunTime:0.0010s ]
SQL: SHOW COLUMNS FROM `p39_goods_cat` [ RunTime:0.0070s ]
SQL: SELECT `cat_id` FROM `p39_goods_cat` WHERE `goods_id` = '6'  [ RunTime:0.0010s ]
SQL: SHOW COLUMNS FROM `p39_attribute` [ RunTime:0.0080s ]
NOTIC: [8] Use of undefined constant type_id - assumed 'type_id' D:\phpStudy\WWW\shop\Admin\Controller\GoodsController.class.php 第 190 行.
SQL: SELECT a.id attr_id,a.attr_name,a.attr_type,a.attr_option_values,b.attr_value,b.id FROM p39_attribute a LEFT JOIN p39_goods_attr b ON (a.id=b.attr_id AND b.goods_id=6)  WHERE a.type_id = '1'  [ RunTime:0.0000s ]
INFO: [ view_parse ] --START--
INFO: [ template_filter ] --START--
INFO: Run Behavior\ContentReplaceBehavior [ RunTime:0.000000s ]
INFO: [ template_filter ] --END-- [ RunTime:0.000000s ]
SQL: SELECT `id`,`brand_name` FROM `p39_brand`  [ RunTime:0.0000s ]
NOTIC: [8] Undefined index: 1 D:\phpStudy\WWW\shop\Runtime\Cache\Admin\c5bdb3b09bab56256321d1c7f8ec0322.php 第 153 行.
NOTIC: [8] Undefined index: 2 D:\phpStudy\WWW\shop\Runtime\Cache\Admin\c5bdb3b09bab56256321d1c7f8ec0322.php 第 153 行.
NOTIC: [8] Undefined index: 3 D:\phpStudy\WWW\shop\Runtime\Cache\Admin\c5bdb3b09bab56256321d1c7f8ec0322.php 第 153 行.
NOTIC: [8] Undefined index: 4 D:\phpStudy\WWW\shop\Runtime\Cache\Admin\c5bdb3b09bab56256321d1c7f8ec0322.php 第 153 行.
SQL: SHOW COLUMNS FROM `p39_type` [ RunTime:0.0080s ]
SQL: SELECT `id`,`type_name` FROM `p39_type`  [ RunTime:0.0000s ]
INFO: Run Behavior\ParseTemplateBehavior [ RunTime:0.022001s ]
INFO: [ view_parse ] --END-- [ RunTime:0.022001s ]
INFO: [ view_filter ] --START--
INFO: Run Behavior\WriteHtmlCacheBehavior [ RunTime:0.001000s ]
INFO: [ view_filter ] --END-- [ RunTime:0.001000s ]
INFO: [ app_end ] --START--
INFO: Run Behavior\ShowPageTraceBehavior [ RunTime:0.001000s ]
INFO: [ app_end ] --END-- [ RunTime:0.001000s ]

[ 2016-12-07T16:45:54+08:00 ] 127.0.0.1 /shop/index.php/Admin/Goods/goods_number/id/6.html
INFO: [ app_init ] --START--
INFO: Run Behavior\BuildLiteBehavior [ RunTime:0.000000s ]
INFO: [ app_init ] --END-- [ RunTime:0.001000s ]
INFO: [ app_begin ] --START--
INFO: Run Behavior\ReadHtmlCacheBehavior [ RunTime:0.002000s ]
INFO: [ app_begin ] --END-- [ RunTime:0.002000s ]
SQL: SHOW COLUMNS FROM `p39_goods_attr` [ RunTime:0.0080s ]
SQL: SELECT a.*,b.attr_name FROM p39_goods_attr a LEFT JOIN p39_attribute b ON a.attr_id=b.id  WHERE a.goods_id = '6' AND b.attr_type = '可选'  [ RunTime:0.0000s ]
INFO: [ view_parse ] --START--
INFO: [ template_filter ] --START--
INFO: Run Behavior\ContentReplaceBehavior [ RunTime:0.000000s ]
INFO: [ template_filter ] --END-- [ RunTime:0.000000s ]
INFO: Run Behavior\ParseTemplateBehavior [ RunTime:0.008001s ]
INFO: [ view_parse ] --END-- [ RunTime:0.008001s ]
INFO: [ view_filter ] --START--
INFO: Run Behavior\WriteHtmlCacheBehavior [ RunTime:0.001000s ]
INFO: [ view_filter ] --END-- [ RunTime:0.001000s ]
INFO: [ app_end ] --START--
INFO: Run Behavior\ShowPageTraceBehavior [ RunTime:0.001000s ]
INFO: [ app_end ] --END-- [ RunTime:0.001000s ]

[ 2016-12-07T16:51:56+08:00 ] 127.0.0.1 /shop/index.php/Admin/Goods/goods_number/id/6.html
INFO: [ app_init ] --START--
INFO: Run Behavior\BuildLiteBehavior [ RunTime:0.000000s ]
INFO: [ app_init ] --END-- [ RunTime:0.001000s ]
INFO: [ app_begin ] --START--
INFO: Run Behavior\ReadHtmlCacheBehavior [ RunTime:0.000000s ]
INFO: [ app_begin ] --END-- [ RunTime:0.000000s ]
SQL: SHOW COLUMNS FROM `p39_goods_attr` [ RunTime:0.0090s ]
SQL: SELECT a.*,b.attr_name FROM p39_goods_attr a LEFT JOIN p39_attribute b ON a.attr_id=b.id  WHERE a.goods_id = '6' AND b.attr_type = '可选'  [ RunTime:0.0000s ]
NOTIC: [8] Undefined variable: gnModel D:\phpStudy\WWW\shop\Admin\Controller\GoodsController.class.php 第 83 行.

[ 2016-12-07T17:01:30+08:00 ] 127.0.0.1 /shop/index.php/Admin/Goods/goods_number/id/6.html
INFO: [ app_init ] --START--
INFO: Run Behavior\BuildLiteBehavior [ RunTime:0.000000s ]
INFO: [ app_init ] --END-- [ RunTime:0.000000s ]
INFO: [ app_begin ] --START--
INFO: Run Behavior\ReadHtmlCacheBehavior [ RunTime:0.001000s ]
INFO: [ app_begin ] --END-- [ RunTime:0.001000s ]
SQL: SHOW COLUMNS FROM `p39_goods_number` [ RunTime:0.0070s ]
SQL: SHOW COLUMNS FROM `p39_goods_attr` [ RunTime:0.0070s ]
SQL: SELECT a.*,b.attr_name FROM p39_goods_attr a LEFT JOIN p39_attribute b ON a.attr_id=b.id  WHERE a.goods_id = '6' AND b.attr_type = '可选'  [ RunTime:0.0010s ]
SQL: SELECT * FROM `p39_goods_number` WHERE `goods_id` = 6  [ RunTime:0.0000s ]
INFO: [ view_parse ] --START--
INFO: [ template_filter ] --START--
INFO: Run Behavior\ContentReplaceBehavior [ RunTime:0.000000s ]
INFO: [ template_filter ] --END-- [ RunTime:0.000000s ]
INFO: Run Behavior\ParseTemplateBehavior [ RunTime:0.008000s ]
INFO: [ view_parse ] --END-- [ RunTime:0.008000s ]
INFO: [ view_filter ] --START--
INFO: Run Behavior\WriteHtmlCacheBehavior [ RunTime:0.001000s ]
INFO: [ view_filter ] --END-- [ RunTime:0.001000s ]
INFO: [ app_end ] --START--
INFO: Run Behavior\ShowPageTraceBehavior [ RunTime:0.001000s ]
INFO: [ app_end ] --END-- [ RunTime:0.001000s ]

[ 2016-12-07T17:05:26+08:00 ] 127.0.0.1 /shop/index.php/Admin/Goods/goods_number/id/5.html
INFO: [ app_init ] --START--
INFO: Run Behavior\BuildLiteBehavior [ RunTime:0.000000s ]
INFO: [ app_init ] --END-- [ RunTime:0.001001s ]
INFO: [ app_begin ] --START--
INFO: Run Behavior\ReadHtmlCacheBehavior [ RunTime:0.001000s ]
INFO: [ app_begin ] --END-- [ RunTime:0.001000s ]
SQL: SHOW COLUMNS FROM `p39_goods_number` [ RunTime:0.0070s ]
SQL: SHOW COLUMNS FROM `p39_goods_attr` [ RunTime:0.0070s ]
SQL: SELECT a.*,b.attr_name FROM p39_goods_attr a LEFT JOIN p39_attribute b ON a.attr_id=b.id  WHERE a.goods_id = '5' AND b.attr_type = '可选'  [ RunTime:0.0000s ]
SQL: SELECT * FROM `p39_goods_number` WHERE `goods_id` = 5  [ RunTime:0.0000s ]
INFO: [ view_parse ] --START--
INFO: [ template_filter ] --START--
INFO: Run Behavior\ContentReplaceBehavior [ RunTime:0.000000s ]
INFO: [ template_filter ] --END-- [ RunTime:0.000000s ]
INFO: Run Behavior\ParseTemplateBehavior [ RunTime:0.008000s ]
INFO: [ view_parse ] --END-- [ RunTime:0.008000s ]
INFO: [ view_filter ] --START--
INFO: Run Behavior\WriteHtmlCacheBehavior [ RunTime:0.001000s ]
INFO: [ view_filter ] --END-- [ RunTime:0.001000s ]
INFO: [ app_end ] --START--
INFO: Run Behavior\ShowPageTraceBehavior [ RunTime:0.000000s ]
INFO: [ app_end ] --END-- [ RunTime:0.000000s ]

[ 2016-12-07T17:05:29+08:00 ] 127.0.0.1 /shop/index.php/Admin/Goods/goods_number/id/6.html
INFO: [ app_init ] --START--
INFO: Run Behavior\BuildLiteBehavior [ RunTime:0.000000s ]
INFO: [ app_init ] --END-- [ RunTime:0.001000s ]
INFO: [ app_begin ] --START--
INFO: Run Behavior\ReadHtmlCacheBehavior [ RunTime:0.000000s ]
INFO: [ app_begin ] --END-- [ RunTime:0.001000s ]
SQL: SHOW COLUMNS FROM `p39_goods_number` [ RunTime:0.0080s ]
SQL: SHOW COLUMNS FROM `p39_goods_attr` [ RunTime:0.0080s ]
SQL: SELECT a.*,b.attr_name FROM p39_goods_attr a LEFT JOIN p39_attribute b ON a.attr_id=b.id  WHERE a.goods_id = '6' AND b.attr_type = '可选'  [ RunTime:0.0000s ]
SQL: SELECT * FROM `p39_goods_number` WHERE `goods_id` = 6  [ RunTime:0.0000s ]
INFO: [ view_parse ] --START--
INFO: [ template_filter ] --START--
INFO: Run Behavior\ContentReplaceBehavior [ RunTime:0.000000s ]
INFO: [ template_filter ] --END-- [ RunTime:0.000000s ]
INFO: Run Behavior\ParseTemplateBehavior [ RunTime:0.008000s ]
INFO: [ view_parse ] --END-- [ RunTime:0.008000s ]
INFO: [ view_filter ] --START--
INFO: Run Behavior\WriteHtmlCacheBehavior [ RunTime:0.000000s ]
INFO: [ view_filter ] --END-- [ RunTime:0.001001s ]
INFO: [ app_end ] --START--
INFO: Run Behavior\ShowPageTraceBehavior [ RunTime:0.001000s ]
INFO: [ app_end ] --END-- [ RunTime:0.001000s ]

