[ 2017-01-18T16:43:31+08:00 ] 127.0.0.1 /shop/index.php/Admin/Goods/lst
INFO: [ app_init ] --START--
INFO: Run Behavior\BuildLiteBehavior [ RunTime:0.000000s ]
INFO: [ app_init ] --END-- [ RunTime:0.000000s ]
INFO: [ app_begin ] --START--
INFO: Run Behavior\ReadHtmlCacheBehavior [ RunTime:0.001000s ]
INFO: [ app_begin ] --END-- [ RunTime:0.001000s ]
INFO: [ view_parse ] --START--
INFO: [ template_filter ] --START--
INFO: Run Behavior\ContentReplaceBehavior [ RunTime:0.000000s ]
INFO: [ template_filter ] --END-- [ RunTime:0.001000s ]
INFO: Run Behavior\ParseTemplateBehavior [ RunTime:0.008001s ]
INFO: [ view_parse ] --END-- [ RunTime:0.008001s ]
INFO: [ view_filter ] --START--
INFO: Run Behavior\WriteHtmlCacheBehavior [ RunTime:0.000000s ]
INFO: [ view_filter ] --END-- [ RunTime:0.000000s ]

[ 2017-01-18T16:43:34+08:00 ] 127.0.0.1 /shop/index.php/Admin/Login/login.html
INFO: [ app_init ] --START--
INFO: Run Behavior\BuildLiteBehavior [ RunTime:0.000000s ]
INFO: [ app_init ] --END-- [ RunTime:0.000000s ]
INFO: [ app_begin ] --START--
INFO: Run Behavior\ReadHtmlCacheBehavior [ RunTime:0.001000s ]
INFO: [ app_begin ] --END-- [ RunTime:0.001000s ]
INFO: [ view_parse ] --START--
INFO: [ template_filter ] --START--
INFO: Run Behavior\ContentReplaceBehavior [ RunTime:0.000000s ]
INFO: [ template_filter ] --END-- [ RunTime:0.000000s ]
INFO: Run Behavior\ParseTemplateBehavior [ RunTime:0.007000s ]
INFO: [ view_parse ] --END-- [ RunTime:0.007000s ]
INFO: [ view_filter ] --START--
INFO: Run Behavior\WriteHtmlCacheBehavior [ RunTime:0.000000s ]
INFO: [ view_filter ] --END-- [ RunTime:0.000000s ]
INFO: [ app_end ] --START--
INFO: Run Behavior\ShowPageTraceBehavior [ RunTime:0.001000s ]
INFO: [ app_end ] --END-- [ RunTime:0.001000s ]

[ 2017-01-18T16:43:34+08:00 ] 127.0.0.1 /shop/index.php/Admin/Login/chkcode.html
INFO: [ app_init ] --START--
INFO: Run Behavior\BuildLiteBehavior [ RunTime:0.001001s ]
INFO: [ app_init ] --END-- [ RunTime:0.001001s ]
INFO: [ app_begin ] --START--
INFO: Run Behavior\ReadHtmlCacheBehavior [ RunTime:0.001000s ]
INFO: [ app_begin ] --END-- [ RunTime:0.001000s ]
INFO: [ app_end ] --START--
INFO: Run Behavior\ShowPageTraceBehavior [ RunTime:0.001000s ]
INFO: [ app_end ] --END-- [ RunTime:0.001000s ]

[ 2017-01-18T16:44:12+08:00 ] 127.0.0.1 /shop/index.php/Admin/Login/login.html
INFO: [ app_init ] --START--
INFO: Run Behavior\BuildLiteBehavior [ RunTime:0.000000s ]
INFO: [ app_init ] --END-- [ RunTime:0.001000s ]
INFO: [ app_begin ] --START--
INFO: Run Behavior\ReadHtmlCacheBehavior [ RunTime:0.001000s ]
INFO: [ app_begin ] --END-- [ RunTime:0.001000s ]
NOTIC: [2048] Declaration of Admin\Model\AdminModel::_after_insert() should be compatible with that of Think\Model::_after_insert() D:\phpStudy\WWW\shop\Admin\Model\AdminModel.class.php 第 5 行.
SQL: SHOW COLUMNS FROM `p39_admin` [ RunTime:0.0030s ]
NOTIC: [8] Undefined index: auto D:\phpStudy\WWW\ThinkPHP\Library\Think\Model.class.php 第 1128 行.
SQL: SELECT * FROM `p39_admin` WHERE `username` = 'root' LIMIT 1   [ RunTime:0.0000s ]
NOTIC: [8] Use of undefined constant user - assumed 'user' D:\phpStudy\WWW\shop\Admin\Model\AdminModel.class.php 第 30 行.
INFO: [ view_parse ] --START--
INFO: [ template_filter ] --START--
INFO: Run Behavior\ContentReplaceBehavior [ RunTime:0.000000s ]
INFO: [ template_filter ] --END-- [ RunTime:0.000000s ]
INFO: Run Behavior\ParseTemplateBehavior [ RunTime:0.006000s ]
INFO: [ view_parse ] --END-- [ RunTime:0.006000s ]
INFO: [ view_filter ] --START--
INFO: Run Behavior\WriteHtmlCacheBehavior [ RunTime:0.000000s ]
INFO: [ view_filter ] --END-- [ RunTime:0.000000s ]

[ 2017-01-18T16:44:13+08:00 ] 127.0.0.1 /shop/index.php/Admin/Index/index.html
INFO: [ app_init ] --START--
INFO: Run Behavior\BuildLiteBehavior [ RunTime:0.000000s ]
INFO: [ app_init ] --END-- [ RunTime:0.000000s ]
INFO: [ app_begin ] --START--
INFO: Run Behavior\ReadHtmlCacheBehavior [ RunTime:0.001000s ]
INFO: [ app_begin ] --END-- [ RunTime:0.001000s ]
INFO: [ view_parse ] --START--
INFO: [ template_filter ] --START--
INFO: Run Behavior\ContentReplaceBehavior [ RunTime:0.000000s ]
INFO: [ template_filter ] --END-- [ RunTime:0.000000s ]
INFO: Run Behavior\ParseTemplateBehavior [ RunTime:0.007000s ]
INFO: [ view_parse ] --END-- [ RunTime:0.007000s ]
INFO: [ view_filter ] --START--
INFO: Run Behavior\WriteHtmlCacheBehavior [ RunTime:0.000000s ]
INFO: [ view_filter ] --END-- [ RunTime:0.000000s ]
INFO: [ app_end ] --START--
INFO: Run Behavior\ShowPageTraceBehavior [ RunTime:0.001000s ]
INFO: [ app_end ] --END-- [ RunTime:0.001000s ]

[ 2017-01-18T16:44:13+08:00 ] 127.0.0.1 /shop/index.php/Admin/Index/main.html
INFO: [ app_init ] --START--
INFO: Run Behavior\BuildLiteBehavior [ RunTime:0.000000s ]
INFO: [ app_init ] --END-- [ RunTime:0.001000s ]
INFO: [ app_begin ] --START--
INFO: Run Behavior\ReadHtmlCacheBehavior [ RunTime:0.001000s ]
INFO: [ app_begin ] --END-- [ RunTime:0.001000s ]
INFO: [ view_parse ] --START--
INFO: [ template_filter ] --START--
INFO: Run Behavior\ContentReplaceBehavior [ RunTime:0.000000s ]
INFO: [ template_filter ] --END-- [ RunTime:0.000000s ]
INFO: Run Behavior\ParseTemplateBehavior [ RunTime:0.014001s ]
INFO: [ view_parse ] --END-- [ RunTime:0.014001s ]
INFO: [ view_filter ] --START--
INFO: Run Behavior\WriteHtmlCacheBehavior [ RunTime:0.001000s ]
INFO: [ view_filter ] --END-- [ RunTime:0.001000s ]
INFO: [ app_end ] --START--
INFO: Run Behavior\ShowPageTraceBehavior [ RunTime:0.002000s ]
INFO: [ app_end ] --END-- [ RunTime:0.002000s ]

[ 2017-01-18T16:44:13+08:00 ] 127.0.0.1 /shop/index.php/Admin/Index/top.html
INFO: [ app_init ] --START--
INFO: Run Behavior\BuildLiteBehavior [ RunTime:0.000000s ]
INFO: [ app_init ] --END-- [ RunTime:0.001000s ]
INFO: [ app_begin ] --START--
INFO: Run Behavior\ReadHtmlCacheBehavior [ RunTime:0.001000s ]
INFO: [ app_begin ] --END-- [ RunTime:0.001000s ]
INFO: [ view_parse ] --START--
INFO: [ template_filter ] --START--
INFO: Run Behavior\ContentReplaceBehavior [ RunTime:0.000000s ]
INFO: [ template_filter ] --END-- [ RunTime:0.001000s ]
INFO: Run Behavior\ParseTemplateBehavior [ RunTime:0.012001s ]
INFO: [ view_parse ] --END-- [ RunTime:0.012001s ]
INFO: [ view_filter ] --START--
INFO: Run Behavior\WriteHtmlCacheBehavior [ RunTime:0.001000s ]
INFO: [ view_filter ] --END-- [ RunTime:0.001000s ]
INFO: [ app_end ] --START--
INFO: Run Behavior\ShowPageTraceBehavior [ RunTime:0.001000s ]
INFO: [ app_end ] --END-- [ RunTime:0.001000s ]

[ 2017-01-18T16:44:13+08:00 ] 127.0.0.1 /shop/index.php/Admin/Index/menu.html
INFO: [ app_init ] --START--
INFO: Run Behavior\BuildLiteBehavior [ RunTime:0.000000s ]
INFO: [ app_init ] --END-- [ RunTime:0.000000s ]
INFO: [ app_begin ] --START--
INFO: Run Behavior\ReadHtmlCacheBehavior [ RunTime:0.001000s ]
INFO: [ app_begin ] --END-- [ RunTime:0.001000s ]
INFO: [ view_parse ] --START--
INFO: [ template_filter ] --START--
INFO: Run Behavior\ContentReplaceBehavior [ RunTime:0.000000s ]
INFO: [ template_filter ] --END-- [ RunTime:0.000000s ]
SQL: SHOW COLUMNS FROM `p39_privilege` [ RunTime:0.0060s ]
SQL: SHOW COLUMNS FROM `p39_privilege` [ RunTime:0.0060s ]
SQL: SELECT * FROM `p39_privilege`  [ RunTime:0.0010s ]
INFO: Run Behavior\ParseTemplateBehavior [ RunTime:0.048003s ]
INFO: [ view_parse ] --END-- [ RunTime:0.048003s ]
INFO: [ view_filter ] --START--
INFO: Run Behavior\WriteHtmlCacheBehavior [ RunTime:0.001000s ]
INFO: [ view_filter ] --END-- [ RunTime:0.001000s ]
INFO: [ app_end ] --START--
INFO: Run Behavior\ShowPageTraceBehavior [ RunTime:0.002000s ]
INFO: [ app_end ] --END-- [ RunTime:0.002000s ]

[ 2017-01-18T16:44:13+08:00 ] 127.0.0.1 /shop/index.php/Admin/Index/Images/ecshop_logo.gif
INFO: [ app_init ] --START--
INFO: Run Behavior\BuildLiteBehavior [ RunTime:0.000000s ]
INFO: [ app_init ] --END-- [ RunTime:0.001000s ]

[ 2017-01-18T16:44:13+08:00 ] 127.0.0.1 /shop/index.php/Admin/Index/Images/menu_minus.gif
INFO: [ app_init ] --START--
INFO: Run Behavior\BuildLiteBehavior [ RunTime:0.000000s ]
INFO: [ app_init ] --END-- [ RunTime:0.000000s ]

[ 2017-01-18T16:44:13+08:00 ] 127.0.0.1 /shop/index.php/Admin/Index/Images/menu_arrow.gif
INFO: [ app_init ] --START--
INFO: Run Behavior\BuildLiteBehavior [ RunTime:0.000000s ]
INFO: [ app_init ] --END-- [ RunTime:0.001000s ]

[ 2017-01-18T16:44:31+08:00 ] 127.0.0.1 /shop/index.php/Admin/Goods/lst.html
INFO: [ app_init ] --START--
INFO: Run Behavior\BuildLiteBehavior [ RunTime:0.000000s ]
INFO: [ app_init ] --END-- [ RunTime:0.001000s ]
INFO: [ app_begin ] --START--
INFO: Run Behavior\ReadHtmlCacheBehavior [ RunTime:0.001000s ]
INFO: [ app_begin ] --END-- [ RunTime:0.001000s ]
SQL: SHOW COLUMNS FROM `p39_privilege` [ RunTime:0.0040s ]
NOTIC: [2048] Declaration of Admin\Model\GoodsModel::_after_insert() should be compatible with that of Think\Model::_after_insert() D:\phpStudy\WWW\shop\Admin\Model\GoodsModel.class.php 第 475 行.
SQL: SHOW COLUMNS FROM `p39_goods` [ RunTime:0.0030s ]
SQL: SELECT COUNT(*) AS tp_count FROM p39_goods a LIMIT 1   [ RunTime:0.0000s ]
SQL: SELECT a.*,b.brand_name,c.cat_name,GROUP_CONCAT(e.cat_name SEPARATOR "<br />") ext_cat_name FROM p39_goods a LEFT JOIN p39_brand b ON a.brand_id=b.id LEFT JOIN p39_category c ON a.cat_id=c.id LEFT JOIN p39_goods_cat d ON a.id=d.goods_id LEFT JOIN p39_category e ON d.cat_id=e.id  GROUP BY a.id ORDER BY a.id desc LIMIT 0,2   [ RunTime:0.0010s ]
SQL: SHOW COLUMNS FROM `p39_category` [ RunTime:0.0030s ]
SQL: SELECT * FROM `p39_category`  [ RunTime:0.0000s ]
INFO: [ view_parse ] --START--
INFO: [ template_filter ] --START--
INFO: Run Behavior\ContentReplaceBehavior [ RunTime:0.000000s ]
INFO: [ template_filter ] --END-- [ RunTime:0.000000s ]
SQL: SHOW COLUMNS FROM `p39_brand` [ RunTime:0.0040s ]
SQL: SELECT `id`,`brand_name` FROM `p39_brand`  [ RunTime:0.0000s ]
INFO: Run Behavior\ParseTemplateBehavior [ RunTime:0.014001s ]
INFO: [ view_parse ] --END-- [ RunTime:0.014001s ]
INFO: [ view_filter ] --START--
INFO: Run Behavior\WriteHtmlCacheBehavior [ RunTime:0.000000s ]
INFO: [ view_filter ] --END-- [ RunTime:0.000000s ]
INFO: [ app_end ] --START--
INFO: Run Behavior\ShowPageTraceBehavior [ RunTime:0.000000s ]
INFO: [ app_end ] --END-- [ RunTime:0.000000s ]

[ 2017-01-18T16:44:39+08:00 ] 127.0.0.1 /shop/index.php/Admin/Goods/edit/id/7.html
INFO: [ app_init ] --START--
INFO: Run Behavior\BuildLiteBehavior [ RunTime:0.000000s ]
INFO: [ app_init ] --END-- [ RunTime:0.000000s ]
INFO: [ app_begin ] --START--
INFO: Run Behavior\ReadHtmlCacheBehavior [ RunTime:0.001000s ]
INFO: [ app_begin ] --END-- [ RunTime:0.001000s ]
SQL: SHOW COLUMNS FROM `p39_privilege` [ RunTime:0.0040s ]
NOTIC: [2048] Declaration of Admin\Model\GoodsModel::_after_insert() should be compatible with that of Think\Model::_after_insert() D:\phpStudy\WWW\shop\Admin\Model\GoodsModel.class.php 第 475 行.
SQL: SHOW COLUMNS FROM `p39_goods` [ RunTime:0.0040s ]
SQL: SELECT * FROM `p39_goods` WHERE `id` = 7 LIMIT 1   [ RunTime:0.0010s ]
SQL: SHOW COLUMNS FROM `p39_brand` [ RunTime:0.0040s ]
SQL: SELECT * FROM `p39_brand`  [ RunTime:0.0000s ]
SQL: SHOW COLUMNS FROM `p39_member_level` [ RunTime:0.0030s ]
SQL: SELECT * FROM `p39_member_level`  [ RunTime:0.0000s ]
SQL: SHOW COLUMNS FROM `p39_member_price` [ RunTime:0.0040s ]
SQL: SELECT * FROM `p39_member_price` WHERE `goods_id` = '7'  [ RunTime:0.0000s ]
SQL: SHOW COLUMNS FROM `p39_goods_pic` [ RunTime:0.0030s ]
SQL: SELECT `id`,`mid_pic` FROM `p39_goods_pic` WHERE `goods_id` = '7'  [ RunTime:0.0000s ]
SQL: SHOW COLUMNS FROM `p39_category` [ RunTime:0.0030s ]
SQL: SELECT * FROM `p39_category`  [ RunTime:0.0000s ]
SQL: SHOW COLUMNS FROM `p39_goods_cat` [ RunTime:0.0030s ]
SQL: SELECT `cat_id` FROM `p39_goods_cat` WHERE `goods_id` = '7'  [ RunTime:0.0010s ]
SQL: SHOW COLUMNS FROM `p39_attribute` [ RunTime:0.0030s ]
NOTIC: [8] Use of undefined constant type_id - assumed 'type_id' D:\phpStudy\WWW\shop\Admin\Controller\GoodsController.class.php 第 200 行.
SQL: SELECT a.id attr_id,a.attr_name,a.attr_type,a.attr_option_values,b.attr_value,b.id FROM p39_attribute a LEFT JOIN p39_goods_attr b ON (a.id=b.attr_id AND b.goods_id=7)  WHERE a.type_id = '0'  [ RunTime:0.0010s ]
INFO: [ view_parse ] --START--
INFO: [ template_filter ] --START--
INFO: Run Behavior\ContentReplaceBehavior [ RunTime:0.000000s ]
INFO: [ template_filter ] --END-- [ RunTime:0.000000s ]
SQL: SELECT `id`,`brand_name` FROM `p39_brand`  [ RunTime:0.0000s ]
NOTIC: [8] Undefined index: 1 D:\phpStudy\WWW\shop\Runtime\Cache\Admin\c5bdb3b09bab56256321d1c7f8ec0322.php 第 195 行.
NOTIC: [8] Undefined index: 2 D:\phpStudy\WWW\shop\Runtime\Cache\Admin\c5bdb3b09bab56256321d1c7f8ec0322.php 第 195 行.
NOTIC: [8] Undefined index: 3 D:\phpStudy\WWW\shop\Runtime\Cache\Admin\c5bdb3b09bab56256321d1c7f8ec0322.php 第 195 行.
NOTIC: [8] Undefined index: 4 D:\phpStudy\WWW\shop\Runtime\Cache\Admin\c5bdb3b09bab56256321d1c7f8ec0322.php 第 195 行.
SQL: SHOW COLUMNS FROM `p39_type` [ RunTime:0.0040s ]
SQL: SELECT `id`,`type_name` FROM `p39_type`  [ RunTime:0.0000s ]
INFO: Run Behavior\ParseTemplateBehavior [ RunTime:0.019001s ]
INFO: [ view_parse ] --END-- [ RunTime:0.019001s ]
INFO: [ view_filter ] --START--
INFO: Run Behavior\WriteHtmlCacheBehavior [ RunTime:0.001000s ]
INFO: [ view_filter ] --END-- [ RunTime:0.001000s ]
INFO: [ app_end ] --START--
INFO: Run Behavior\ShowPageTraceBehavior [ RunTime:0.002000s ]
INFO: [ app_end ] --END-- [ RunTime:0.002000s ]

[ 2017-01-18T16:44:53+08:00 ] 127.0.0.1 /shop/index.php/Admin/Goods/edit/id/7.html
INFO: [ app_init ] --START--
INFO: Run Behavior\BuildLiteBehavior [ RunTime:0.000000s ]
INFO: [ app_init ] --END-- [ RunTime:0.001000s ]
INFO: [ app_begin ] --START--
INFO: Run Behavior\ReadHtmlCacheBehavior [ RunTime:0.000000s ]
INFO: [ app_begin ] --END-- [ RunTime:0.000000s ]
SQL: SHOW COLUMNS FROM `p39_privilege` [ RunTime:0.0040s ]
NOTIC: [2048] Declaration of Admin\Model\GoodsModel::_after_insert() should be compatible with that of Think\Model::_after_insert() D:\phpStudy\WWW\shop\Admin\Model\GoodsModel.class.php 第 475 行.
SQL: SHOW COLUMNS FROM `p39_goods` [ RunTime:0.0040s ]
NOTIC: [8] Undefined index: validate D:\phpStudy\WWW\ThinkPHP\Library\Think\Model.class.php 第 1185 行.
NOTIC: [8] Undefined index: auto D:\phpStudy\WWW\ThinkPHP\Library\Think\Model.class.php 第 1128 行.
SQL: SHOW COLUMNS FROM `p39_goods_attr` [ RunTime:0.0030s ]
NOTIC: [2] Invalid argument supplied for foreach() D:\phpStudy\WWW\shop\Admin\Model\GoodsModel.class.php 第 59 行.
SQL: SHOW COLUMNS FROM `p39_goods_cat` [ RunTime:0.0030s ]
SQL: DELETE FROM `p39_goods_cat` WHERE `goods_id` = 7 [ RunTime:0.0030s ]
SQL: INSERT INTO `p39_goods_cat` (`cat_id`,`goods_id`) VALUES ('19','7') [ RunTime:0.0030s ]
SQL: SHOW COLUMNS FROM `p39_member_price` [ RunTime:0.0030s ]
SQL: DELETE FROM `p39_member_price` WHERE `goods_id` = '$id' [ RunTime:0.0010s ]
SQL: UPDATE `p39_goods` SET `cat_id`='29',`brand_id`='0',`goods_name`='电动牙刷',`market_price`='600.00',`shop_price`='300.00',`is_on_sale`='是',`promote_price`='0.00',`promote_start_date`='0000-00-00 00:00:00',`promote_end_date`='0000-00-00 00:00:00',`is_new`='否',`is_best`='否',`is_hot`='否',`is_floor`='是',`sort_num`='100',`goods_desc`='',`type_id`='0' WHERE `id` = 7 [ RunTime:0.0020s ]
INFO: [ view_parse ] --START--
INFO: [ template_filter ] --START--
INFO: Run Behavior\ContentReplaceBehavior [ RunTime:0.000000s ]
INFO: [ template_filter ] --END-- [ RunTime:0.000000s ]
INFO: Run Behavior\ParseTemplateBehavior [ RunTime:0.006000s ]
INFO: [ view_parse ] --END-- [ RunTime:0.006000s ]
INFO: [ view_filter ] --START--
INFO: Run Behavior\WriteHtmlCacheBehavior [ RunTime:0.001000s ]
INFO: [ view_filter ] --END-- [ RunTime:0.001000s ]

[ 2017-01-18T16:44:55+08:00 ] 127.0.0.1 /shop/index.php/Admin/Goods/lst.html
INFO: [ app_init ] --START--
INFO: Run Behavior\BuildLiteBehavior [ RunTime:0.000000s ]
INFO: [ app_init ] --END-- [ RunTime:0.000000s ]
INFO: [ app_begin ] --START--
INFO: Run Behavior\ReadHtmlCacheBehavior [ RunTime:0.000000s ]
INFO: [ app_begin ] --END-- [ RunTime:0.000000s ]
SQL: SHOW COLUMNS FROM `p39_privilege` [ RunTime:0.0030s ]
NOTIC: [2048] Declaration of Admin\Model\GoodsModel::_after_insert() should be compatible with that of Think\Model::_after_insert() D:\phpStudy\WWW\shop\Admin\Model\GoodsModel.class.php 第 475 行.
SQL: SHOW COLUMNS FROM `p39_goods` [ RunTime:0.0040s ]
SQL: SELECT COUNT(*) AS tp_count FROM p39_goods a LIMIT 1   [ RunTime:0.0000s ]
SQL: SELECT a.*,b.brand_name,c.cat_name,GROUP_CONCAT(e.cat_name SEPARATOR "<br />") ext_cat_name FROM p39_goods a LEFT JOIN p39_brand b ON a.brand_id=b.id LEFT JOIN p39_category c ON a.cat_id=c.id LEFT JOIN p39_goods_cat d ON a.id=d.goods_id LEFT JOIN p39_category e ON d.cat_id=e.id  GROUP BY a.id ORDER BY a.id desc LIMIT 0,2   [ RunTime:0.0000s ]
SQL: SHOW COLUMNS FROM `p39_category` [ RunTime:0.0030s ]
SQL: SELECT * FROM `p39_category`  [ RunTime:0.0010s ]
INFO: [ view_parse ] --START--
INFO: [ template_filter ] --START--
INFO: Run Behavior\ContentReplaceBehavior [ RunTime:0.000000s ]
INFO: [ template_filter ] --END-- [ RunTime:0.000000s ]
SQL: SHOW COLUMNS FROM `p39_brand` [ RunTime:0.0030s ]
SQL: SELECT `id`,`brand_name` FROM `p39_brand`  [ RunTime:0.0010s ]
INFO: Run Behavior\ParseTemplateBehavior [ RunTime:0.013001s ]
INFO: [ view_parse ] --END-- [ RunTime:0.013001s ]
INFO: [ view_filter ] --START--
INFO: Run Behavior\WriteHtmlCacheBehavior [ RunTime:0.001000s ]
INFO: [ view_filter ] --END-- [ RunTime:0.001000s ]
INFO: [ app_end ] --START--
INFO: Run Behavior\ShowPageTraceBehavior [ RunTime:0.001000s ]
INFO: [ app_end ] --END-- [ RunTime:0.001000s ]

[ 2017-01-18T16:58:17+08:00 ] 127.0.0.1 /shop/index.php/Admin/Goods/edit/id/7.html
INFO: [ app_init ] --START--
INFO: Run Behavior\BuildLiteBehavior [ RunTime:0.000000s ]
INFO: [ app_init ] --END-- [ RunTime:0.001000s ]
INFO: [ app_begin ] --START--
INFO: Run Behavior\ReadHtmlCacheBehavior [ RunTime:0.002000s ]
INFO: [ app_begin ] --END-- [ RunTime:0.002000s ]
SQL: SHOW COLUMNS FROM `p39_privilege` [ RunTime:0.0050s ]
NOTIC: [2048] Declaration of Admin\Model\GoodsModel::_after_insert() should be compatible with that of Think\Model::_after_insert() D:\phpStudy\WWW\shop\Admin\Model\GoodsModel.class.php 第 475 行.
SQL: SHOW COLUMNS FROM `p39_goods` [ RunTime:0.0050s ]
SQL: SELECT * FROM `p39_goods` WHERE `id` = 7 LIMIT 1   [ RunTime:0.0000s ]
SQL: SHOW COLUMNS FROM `p39_brand` [ RunTime:0.0040s ]
SQL: SELECT * FROM `p39_brand`  [ RunTime:0.0000s ]
SQL: SHOW COLUMNS FROM `p39_member_level` [ RunTime:0.0040s ]
SQL: SELECT * FROM `p39_member_level`  [ RunTime:0.0000s ]
SQL: SHOW COLUMNS FROM `p39_member_price` [ RunTime:0.0050s ]
SQL: SELECT * FROM `p39_member_price` WHERE `goods_id` = '7'  [ RunTime:0.0000s ]
SQL: SHOW COLUMNS FROM `p39_goods_pic` [ RunTime:0.0050s ]
SQL: SELECT `id`,`mid_pic` FROM `p39_goods_pic` WHERE `goods_id` = '7'  [ RunTime:0.0010s ]
SQL: SHOW COLUMNS FROM `p39_category` [ RunTime:0.0050s ]
SQL: SELECT * FROM `p39_category`  [ RunTime:0.0000s ]
SQL: SHOW COLUMNS FROM `p39_goods_cat` [ RunTime:0.0040s ]
SQL: SELECT `cat_id` FROM `p39_goods_cat` WHERE `goods_id` = '7'  [ RunTime:0.0000s ]
SQL: SHOW COLUMNS FROM `p39_attribute` [ RunTime:0.0040s ]
NOTIC: [8] Use of undefined constant type_id - assumed 'type_id' D:\phpStudy\WWW\shop\Admin\Controller\GoodsController.class.php 第 200 行.
SQL: SELECT a.id attr_id,a.attr_name,a.attr_type,a.attr_option_values,b.attr_value,b.id FROM p39_attribute a LEFT JOIN p39_goods_attr b ON (a.id=b.attr_id AND b.goods_id=7)  WHERE a.type_id = '0'  [ RunTime:0.0000s ]
INFO: [ view_parse ] --START--
INFO: [ template_filter ] --START--
INFO: Run Behavior\ContentReplaceBehavior [ RunTime:0.000000s ]
INFO: [ template_filter ] --END-- [ RunTime:0.000000s ]
SQL: SELECT `id`,`brand_name` FROM `p39_brand`  [ RunTime:0.0000s ]
NOTIC: [8] Undefined index: 1 D:\phpStudy\WWW\shop\Runtime\Cache\Admin\c5bdb3b09bab56256321d1c7f8ec0322.php 第 195 行.
NOTIC: [8] Undefined index: 2 D:\phpStudy\WWW\shop\Runtime\Cache\Admin\c5bdb3b09bab56256321d1c7f8ec0322.php 第 195 行.
NOTIC: [8] Undefined index: 3 D:\phpStudy\WWW\shop\Runtime\Cache\Admin\c5bdb3b09bab56256321d1c7f8ec0322.php 第 195 行.
NOTIC: [8] Undefined index: 4 D:\phpStudy\WWW\shop\Runtime\Cache\Admin\c5bdb3b09bab56256321d1c7f8ec0322.php 第 195 行.
SQL: SHOW COLUMNS FROM `p39_type` [ RunTime:0.0050s ]
SQL: SELECT `id`,`type_name` FROM `p39_type`  [ RunTime:0.0000s ]
INFO: Run Behavior\ParseTemplateBehavior [ RunTime:0.019001s ]
INFO: [ view_parse ] --END-- [ RunTime:0.019001s ]
INFO: [ view_filter ] --START--
INFO: Run Behavior\WriteHtmlCacheBehavior [ RunTime:0.001000s ]
INFO: [ view_filter ] --END-- [ RunTime:0.001000s ]
INFO: [ app_end ] --START--
INFO: Run Behavior\ShowPageTraceBehavior [ RunTime:0.001000s ]
INFO: [ app_end ] --END-- [ RunTime:0.001000s ]

[ 2017-01-18T16:59:17+08:00 ] 127.0.0.1 /shop/index.php/Admin/Goods/edit/id/7.html
INFO: [ app_init ] --START--
INFO: Run Behavior\BuildLiteBehavior [ RunTime:0.001000s ]
INFO: [ app_init ] --END-- [ RunTime:0.002000s ]
INFO: [ app_begin ] --START--
INFO: Run Behavior\ReadHtmlCacheBehavior [ RunTime:0.001000s ]
INFO: [ app_begin ] --END-- [ RunTime:0.001000s ]
SQL: SHOW COLUMNS FROM `p39_privilege` [ RunTime:0.0040s ]
NOTIC: [2048] Declaration of Admin\Model\GoodsModel::_after_insert() should be compatible with that of Think\Model::_after_insert() D:\phpStudy\WWW\shop\Admin\Model\GoodsModel.class.php 第 475 行.
SQL: SHOW COLUMNS FROM `p39_goods` [ RunTime:0.0050s ]
SQL: SELECT * FROM `p39_goods` WHERE `id` = 7 LIMIT 1   [ RunTime:0.0010s ]
SQL: SHOW COLUMNS FROM `p39_brand` [ RunTime:0.0040s ]
SQL: SELECT * FROM `p39_brand`  [ RunTime:0.0000s ]
SQL: SHOW COLUMNS FROM `p39_member_level` [ RunTime:0.0040s ]
SQL: SELECT * FROM `p39_member_level`  [ RunTime:0.0010s ]
SQL: SHOW COLUMNS FROM `p39_member_price` [ RunTime:0.0040s ]
SQL: SELECT * FROM `p39_member_price` WHERE `goods_id` = '7'  [ RunTime:0.0010s ]
SQL: SHOW COLUMNS FROM `p39_goods_pic` [ RunTime:0.0040s ]
SQL: SELECT `id`,`mid_pic` FROM `p39_goods_pic` WHERE `goods_id` = '7'  [ RunTime:0.0010s ]
SQL: SHOW COLUMNS FROM `p39_category` [ RunTime:0.0040s ]
SQL: SELECT * FROM `p39_category`  [ RunTime:0.0000s ]
SQL: SHOW COLUMNS FROM `p39_goods_cat` [ RunTime:0.0040s ]
SQL: SELECT `cat_id` FROM `p39_goods_cat` WHERE `goods_id` = '7'  [ RunTime:0.0000s ]
SQL: SHOW COLUMNS FROM `p39_attribute` [ RunTime:0.0040s ]
NOTIC: [8] Use of undefined constant type_id - assumed 'type_id' D:\phpStudy\WWW\shop\Admin\Controller\GoodsController.class.php 第 200 行.
SQL: SELECT a.id attr_id,a.attr_name,a.attr_type,a.attr_option_values,b.attr_value,b.id FROM p39_attribute a LEFT JOIN p39_goods_attr b ON (a.id=b.attr_id AND b.goods_id=7)  WHERE a.type_id = '0'  [ RunTime:0.0010s ]
INFO: [ view_parse ] --START--
INFO: [ template_filter ] --START--
INFO: Run Behavior\ContentReplaceBehavior [ RunTime:0.000000s ]
INFO: [ template_filter ] --END-- [ RunTime:0.000000s ]
SQL: SELECT `id`,`brand_name` FROM `p39_brand`  [ RunTime:0.0010s ]
NOTIC: [8] Undefined index: 1 D:\phpStudy\WWW\shop\Runtime\Cache\Admin\c5bdb3b09bab56256321d1c7f8ec0322.php 第 195 行.
NOTIC: [8] Undefined index: 2 D:\phpStudy\WWW\shop\Runtime\Cache\Admin\c5bdb3b09bab56256321d1c7f8ec0322.php 第 195 行.
NOTIC: [8] Undefined index: 3 D:\phpStudy\WWW\shop\Runtime\Cache\Admin\c5bdb3b09bab56256321d1c7f8ec0322.php 第 195 行.
NOTIC: [8] Undefined index: 4 D:\phpStudy\WWW\shop\Runtime\Cache\Admin\c5bdb3b09bab56256321d1c7f8ec0322.php 第 195 行.
SQL: SHOW COLUMNS FROM `p39_type` [ RunTime:0.0040s ]
SQL: SELECT `id`,`type_name` FROM `p39_type`  [ RunTime:0.0000s ]
INFO: Run Behavior\ParseTemplateBehavior [ RunTime:0.018001s ]
INFO: [ view_parse ] --END-- [ RunTime:0.018001s ]
INFO: [ view_filter ] --START--
INFO: Run Behavior\WriteHtmlCacheBehavior [ RunTime:0.000000s ]
INFO: [ view_filter ] --END-- [ RunTime:0.000000s ]
INFO: [ app_end ] --START--
INFO: Run Behavior\ShowPageTraceBehavior [ RunTime:0.000000s ]
INFO: [ app_end ] --END-- [ RunTime:0.000000s ]

[ 2017-01-18T16:59:31+08:00 ] 127.0.0.1 /shop/index.php/Admin/Goods/edit/id/7.html
INFO: [ app_init ] --START--
INFO: Run Behavior\BuildLiteBehavior [ RunTime:0.000000s ]
INFO: [ app_init ] --END-- [ RunTime:0.000000s ]
INFO: [ app_begin ] --START--
INFO: Run Behavior\ReadHtmlCacheBehavior [ RunTime:0.001000s ]
INFO: [ app_begin ] --END-- [ RunTime:0.001000s ]
SQL: SHOW COLUMNS FROM `p39_privilege` [ RunTime:0.0050s ]
NOTIC: [2048] Declaration of Admin\Model\GoodsModel::_after_insert() should be compatible with that of Think\Model::_after_insert() D:\phpStudy\WWW\shop\Admin\Model\GoodsModel.class.php 第 475 行.
SQL: SHOW COLUMNS FROM `p39_goods` [ RunTime:0.0050s ]
SQL: SELECT * FROM `p39_goods` WHERE `id` = 7 LIMIT 1   [ RunTime:0.0010s ]
SQL: SHOW COLUMNS FROM `p39_brand` [ RunTime:0.0040s ]
SQL: SELECT * FROM `p39_brand`  [ RunTime:0.0000s ]
SQL: SHOW COLUMNS FROM `p39_member_level` [ RunTime:0.0040s ]
SQL: SELECT * FROM `p39_member_level`  [ RunTime:0.0000s ]
SQL: SHOW COLUMNS FROM `p39_member_price` [ RunTime:0.0050s ]
SQL: SELECT * FROM `p39_member_price` WHERE `goods_id` = '7'  [ RunTime:0.0010s ]
SQL: SHOW COLUMNS FROM `p39_goods_pic` [ RunTime:0.0050s ]
SQL: SELECT `id`,`mid_pic` FROM `p39_goods_pic` WHERE `goods_id` = '7'  [ RunTime:0.0000s ]
SQL: SHOW COLUMNS FROM `p39_category` [ RunTime:0.0040s ]
SQL: SELECT * FROM `p39_category`  [ RunTime:0.0010s ]
SQL: SHOW COLUMNS FROM `p39_goods_cat` [ RunTime:0.0040s ]
SQL: SELECT `cat_id` FROM `p39_goods_cat` WHERE `goods_id` = '7'  [ RunTime:0.0000s ]
SQL: SHOW COLUMNS FROM `p39_attribute` [ RunTime:0.0040s ]
NOTIC: [8] Use of undefined constant type_id - assumed 'type_id' D:\phpStudy\WWW\shop\Admin\Controller\GoodsController.class.php 第 200 行.
SQL: SELECT a.id attr_id,a.attr_name,a.attr_type,a.attr_option_values,b.attr_value,b.id FROM p39_attribute a LEFT JOIN p39_goods_attr b ON (a.id=b.attr_id AND b.goods_id=7)  WHERE a.type_id = '0'  [ RunTime:0.0000s ]
INFO: [ view_parse ] --START--
INFO: [ template_filter ] --START--
INFO: Run Behavior\ContentReplaceBehavior [ RunTime:0.000000s ]
INFO: [ template_filter ] --END-- [ RunTime:0.000000s ]
SQL: SELECT `id`,`brand_name` FROM `p39_brand`  [ RunTime:0.0010s ]
NOTIC: [8] Undefined index: 1 D:\phpStudy\WWW\shop\Runtime\Cache\Admin\c5bdb3b09bab56256321d1c7f8ec0322.php 第 195 行.
NOTIC: [8] Undefined index: 2 D:\phpStudy\WWW\shop\Runtime\Cache\Admin\c5bdb3b09bab56256321d1c7f8ec0322.php 第 195 行.
NOTIC: [8] Undefined index: 3 D:\phpStudy\WWW\shop\Runtime\Cache\Admin\c5bdb3b09bab56256321d1c7f8ec0322.php 第 195 行.
NOTIC: [8] Undefined index: 4 D:\phpStudy\WWW\shop\Runtime\Cache\Admin\c5bdb3b09bab56256321d1c7f8ec0322.php 第 195 行.
SQL: SHOW COLUMNS FROM `p39_type` [ RunTime:0.0050s ]
SQL: SELECT `id`,`type_name` FROM `p39_type`  [ RunTime:0.0000s ]
INFO: Run Behavior\ParseTemplateBehavior [ RunTime:0.019001s ]
INFO: [ view_parse ] --END-- [ RunTime:0.019001s ]
INFO: [ view_filter ] --START--
INFO: Run Behavior\WriteHtmlCacheBehavior [ RunTime:0.000000s ]
INFO: [ view_filter ] --END-- [ RunTime:0.001000s ]
INFO: [ app_end ] --START--
INFO: Run Behavior\ShowPageTraceBehavior [ RunTime:0.001000s ]
INFO: [ app_end ] --END-- [ RunTime:0.001000s ]

[ 2017-01-18T17:00:08+08:00 ] 127.0.0.1 /shop/index.php/Admin/Goods/lst.html
INFO: [ app_init ] --START--
INFO: Run Behavior\BuildLiteBehavior [ RunTime:0.000000s ]
INFO: [ app_init ] --END-- [ RunTime:0.000000s ]
INFO: [ app_begin ] --START--
INFO: Run Behavior\ReadHtmlCacheBehavior [ RunTime:0.001000s ]
INFO: [ app_begin ] --END-- [ RunTime:0.002000s ]
SQL: SHOW COLUMNS FROM `p39_privilege` [ RunTime:0.0040s ]
NOTIC: [2048] Declaration of Admin\Model\GoodsModel::_after_insert() should be compatible with that of Think\Model::_after_insert() D:\phpStudy\WWW\shop\Admin\Model\GoodsModel.class.php 第 475 行.
SQL: SHOW COLUMNS FROM `p39_goods` [ RunTime:0.0040s ]
SQL: SELECT COUNT(*) AS tp_count FROM p39_goods a LIMIT 1   [ RunTime:0.0000s ]
SQL: SELECT a.*,b.brand_name,c.cat_name,GROUP_CONCAT(e.cat_name SEPARATOR "<br />") ext_cat_name FROM p39_goods a LEFT JOIN p39_brand b ON a.brand_id=b.id LEFT JOIN p39_category c ON a.cat_id=c.id LEFT JOIN p39_goods_cat d ON a.id=d.goods_id LEFT JOIN p39_category e ON d.cat_id=e.id  GROUP BY a.id ORDER BY a.id desc LIMIT 0,2   [ RunTime:0.0010s ]
SQL: SHOW COLUMNS FROM `p39_category` [ RunTime:0.0040s ]
SQL: SELECT * FROM `p39_category`  [ RunTime:0.0010s ]
INFO: [ view_parse ] --START--
INFO: [ template_filter ] --START--
INFO: Run Behavior\ContentReplaceBehavior [ RunTime:0.000000s ]
INFO: [ template_filter ] --END-- [ RunTime:0.001000s ]
SQL: SHOW COLUMNS FROM `p39_brand` [ RunTime:0.0040s ]
SQL: SELECT `id`,`brand_name` FROM `p39_brand`  [ RunTime:0.0000s ]
INFO: Run Behavior\ParseTemplateBehavior [ RunTime:0.014000s ]
INFO: [ view_parse ] --END-- [ RunTime:0.014000s ]
INFO: [ view_filter ] --START--
INFO: Run Behavior\WriteHtmlCacheBehavior [ RunTime:0.001001s ]
INFO: [ view_filter ] --END-- [ RunTime:0.001001s ]
INFO: [ app_end ] --START--
INFO: Run Behavior\ShowPageTraceBehavior [ RunTime:0.001000s ]
INFO: [ app_end ] --END-- [ RunTime:0.001000s ]

