[ 2017-01-22T16:13:15+08:00 ] 127.0.0.1 /shop/index.php/Admin/Goods/lst
INFO: [ app_init ] --START--
INFO: Run Behavior\BuildLiteBehavior [ RunTime:0.000000s ]
INFO: [ app_init ] --END-- [ RunTime:0.000000s ]
INFO: [ app_begin ] --START--
INFO: Run Behavior\ReadHtmlCacheBehavior [ RunTime:0.001000s ]
INFO: [ app_begin ] --END-- [ RunTime:0.001000s ]
INFO: [ view_parse ] --START--
INFO: [ template_filter ] --START--
INFO: Run Behavior\ContentReplaceBehavior [ RunTime:0.000000s ]
INFO: [ template_filter ] --END-- [ RunTime:0.000000s ]
INFO: Run Behavior\ParseTemplateBehavior [ RunTime:0.012001s ]
INFO: [ view_parse ] --END-- [ RunTime:0.012001s ]
INFO: [ view_filter ] --START--
INFO: Run Behavior\WriteHtmlCacheBehavior [ RunTime:0.000000s ]
INFO: [ view_filter ] --END-- [ RunTime:0.000000s ]

[ 2017-01-22T16:13:18+08:00 ] 127.0.0.1 /shop/index.php/Admin/Login/login.html
INFO: [ app_init ] --START--
INFO: Run Behavior\BuildLiteBehavior [ RunTime:0.000000s ]
INFO: [ app_init ] --END-- [ RunTime:0.001000s ]
INFO: [ app_begin ] --START--
INFO: Run Behavior\ReadHtmlCacheBehavior [ RunTime:0.000000s ]
INFO: [ app_begin ] --END-- [ RunTime:0.000000s ]
INFO: [ view_parse ] --START--
INFO: [ template_filter ] --START--
INFO: Run Behavior\ContentReplaceBehavior [ RunTime:0.000000s ]
INFO: [ template_filter ] --END-- [ RunTime:0.000000s ]
INFO: Run Behavior\ParseTemplateBehavior [ RunTime:0.007000s ]
INFO: [ view_parse ] --END-- [ RunTime:0.007000s ]
INFO: [ view_filter ] --START--
INFO: Run Behavior\WriteHtmlCacheBehavior [ RunTime:0.000000s ]
INFO: [ view_filter ] --END-- [ RunTime:0.001000s ]
INFO: [ app_end ] --START--
INFO: Run Behavior\ShowPageTraceBehavior [ RunTime:0.000000s ]
INFO: [ app_end ] --END-- [ RunTime:0.000000s ]

[ 2017-01-22T16:13:18+08:00 ] 127.0.0.1 /shop/index.php/Admin/Login/chkcode.html
INFO: [ app_init ] --START--
INFO: Run Behavior\BuildLiteBehavior [ RunTime:0.000000s ]
INFO: [ app_init ] --END-- [ RunTime:0.001000s ]
INFO: [ app_begin ] --START--
INFO: Run Behavior\ReadHtmlCacheBehavior [ RunTime:0.001000s ]
INFO: [ app_begin ] --END-- [ RunTime:0.001000s ]
INFO: [ app_end ] --START--
INFO: Run Behavior\ShowPageTraceBehavior [ RunTime:0.001000s ]
INFO: [ app_end ] --END-- [ RunTime:0.001000s ]

[ 2017-01-22T16:13:25+08:00 ] 127.0.0.1 /shop/index.php/Admin/Login/login.html
INFO: [ app_init ] --START--
INFO: Run Behavior\BuildLiteBehavior [ RunTime:0.000000s ]
INFO: [ app_init ] --END-- [ RunTime:0.000000s ]
INFO: [ app_begin ] --START--
INFO: Run Behavior\ReadHtmlCacheBehavior [ RunTime:0.001000s ]
INFO: [ app_begin ] --END-- [ RunTime:0.001000s ]
NOTIC: [2048] Declaration of Admin\Model\AdminModel::_after_insert() should be compatible with that of Think\Model::_after_insert() D:\phpStudy\WWW\shop\Admin\Model\AdminModel.class.php 第 5 行.
SQL: SHOW COLUMNS FROM `p39_admin` [ RunTime:0.0040s ]
NOTIC: [8] Undefined index: auto D:\phpStudy\WWW\ThinkPHP\Library\Think\Model.class.php 第 1128 行.
SQL: SELECT * FROM `p39_admin` WHERE `username` = 'root' LIMIT 1   [ RunTime:0.0010s ]
NOTIC: [8] Use of undefined constant user - assumed 'user' D:\phpStudy\WWW\shop\Admin\Model\AdminModel.class.php 第 30 行.
INFO: [ view_parse ] --START--
INFO: [ template_filter ] --START--
INFO: Run Behavior\ContentReplaceBehavior [ RunTime:0.000000s ]
INFO: [ template_filter ] --END-- [ RunTime:0.001000s ]
INFO: Run Behavior\ParseTemplateBehavior [ RunTime:0.006001s ]
INFO: [ view_parse ] --END-- [ RunTime:0.006001s ]
INFO: [ view_filter ] --START--
INFO: Run Behavior\WriteHtmlCacheBehavior [ RunTime:0.000000s ]
INFO: [ view_filter ] --END-- [ RunTime:0.000000s ]

[ 2017-01-22T16:13:26+08:00 ] 127.0.0.1 /shop/index.php/Admin/Index/index.html
INFO: [ app_init ] --START--
INFO: Run Behavior\BuildLiteBehavior [ RunTime:0.000000s ]
INFO: [ app_init ] --END-- [ RunTime:0.001000s ]
INFO: [ app_begin ] --START--
INFO: Run Behavior\ReadHtmlCacheBehavior [ RunTime:0.001000s ]
INFO: [ app_begin ] --END-- [ RunTime:0.001000s ]
INFO: [ view_parse ] --START--
INFO: [ template_filter ] --START--
INFO: Run Behavior\ContentReplaceBehavior [ RunTime:0.000000s ]
INFO: [ template_filter ] --END-- [ RunTime:0.000000s ]
INFO: Run Behavior\ParseTemplateBehavior [ RunTime:0.006001s ]
INFO: [ view_parse ] --END-- [ RunTime:0.006001s ]
INFO: [ view_filter ] --START--
INFO: Run Behavior\WriteHtmlCacheBehavior [ RunTime:0.001000s ]
INFO: [ view_filter ] --END-- [ RunTime:0.001000s ]
INFO: [ app_end ] --START--
INFO: Run Behavior\ShowPageTraceBehavior [ RunTime:0.001000s ]
INFO: [ app_end ] --END-- [ RunTime:0.001000s ]

[ 2017-01-22T16:13:27+08:00 ] 127.0.0.1 /shop/index.php/Admin/Index/top.html
INFO: [ app_init ] --START--
INFO: Run Behavior\BuildLiteBehavior [ RunTime:0.000000s ]
INFO: [ app_init ] --END-- [ RunTime:0.001000s ]
INFO: [ app_begin ] --START--
INFO: Run Behavior\ReadHtmlCacheBehavior [ RunTime:0.006001s ]
INFO: [ app_begin ] --END-- [ RunTime:0.006001s ]
INFO: [ view_parse ] --START--
INFO: [ template_filter ] --START--
INFO: Run Behavior\ContentReplaceBehavior [ RunTime:0.001000s ]
INFO: [ template_filter ] --END-- [ RunTime:0.001000s ]
INFO: Run Behavior\ParseTemplateBehavior [ RunTime:0.009000s ]
INFO: [ view_parse ] --END-- [ RunTime:0.009000s ]
INFO: [ view_filter ] --START--
INFO: Run Behavior\WriteHtmlCacheBehavior [ RunTime:0.000000s ]
INFO: [ view_filter ] --END-- [ RunTime:0.000000s ]
INFO: [ app_end ] --START--
INFO: Run Behavior\ShowPageTraceBehavior [ RunTime:0.000000s ]
INFO: [ app_end ] --END-- [ RunTime:0.000000s ]

[ 2017-01-22T16:13:27+08:00 ] 127.0.0.1 /shop/index.php/Admin/Index/Images/ecshop_logo.gif
INFO: [ app_init ] --START--
INFO: Run Behavior\BuildLiteBehavior [ RunTime:0.000000s ]
INFO: [ app_init ] --END-- [ RunTime:0.000000s ]

[ 2017-01-22T16:13:27+08:00 ] 127.0.0.1 /shop/index.php/Admin/Index/menu.html
INFO: [ app_init ] --START--
INFO: Run Behavior\BuildLiteBehavior [ RunTime:0.000000s ]
INFO: [ app_init ] --END-- [ RunTime:0.000000s ]
INFO: [ app_begin ] --START--
INFO: Run Behavior\ReadHtmlCacheBehavior [ RunTime:0.001000s ]
INFO: [ app_begin ] --END-- [ RunTime:0.001000s ]
INFO: [ view_parse ] --START--
INFO: [ template_filter ] --START--
INFO: Run Behavior\ContentReplaceBehavior [ RunTime:0.000000s ]
INFO: [ template_filter ] --END-- [ RunTime:0.000000s ]
SQL: SHOW COLUMNS FROM `p39_privilege` [ RunTime:0.0060s ]
SQL: SHOW COLUMNS FROM `p39_privilege` [ RunTime:0.0050s ]
SQL: SELECT * FROM `p39_privilege`  [ RunTime:0.0010s ]
INFO: Run Behavior\ParseTemplateBehavior [ RunTime:0.055003s ]
INFO: [ view_parse ] --END-- [ RunTime:0.055003s ]
INFO: [ view_filter ] --START--
INFO: Run Behavior\WriteHtmlCacheBehavior [ RunTime:0.001000s ]
INFO: [ view_filter ] --END-- [ RunTime:0.001000s ]
INFO: [ app_end ] --START--
INFO: Run Behavior\ShowPageTraceBehavior [ RunTime:0.001000s ]
INFO: [ app_end ] --END-- [ RunTime:0.001000s ]

[ 2017-01-22T16:13:27+08:00 ] 127.0.0.1 /shop/index.php/Admin/Index/main.html
INFO: [ app_init ] --START--
INFO: Run Behavior\BuildLiteBehavior [ RunTime:0.000000s ]
INFO: [ app_init ] --END-- [ RunTime:0.000000s ]
INFO: [ app_begin ] --START--
INFO: Run Behavior\ReadHtmlCacheBehavior [ RunTime:0.002000s ]
INFO: [ app_begin ] --END-- [ RunTime:0.002000s ]
INFO: [ view_parse ] --START--
INFO: [ template_filter ] --START--
INFO: Run Behavior\ContentReplaceBehavior [ RunTime:0.000000s ]
INFO: [ template_filter ] --END-- [ RunTime:0.000000s ]
INFO: Run Behavior\ParseTemplateBehavior [ RunTime:0.011000s ]
INFO: [ view_parse ] --END-- [ RunTime:0.011000s ]
INFO: [ view_filter ] --START--
INFO: Run Behavior\WriteHtmlCacheBehavior [ RunTime:0.001000s ]
INFO: [ view_filter ] --END-- [ RunTime:0.001000s ]
INFO: [ app_end ] --START--
INFO: Run Behavior\ShowPageTraceBehavior [ RunTime:0.001000s ]
INFO: [ app_end ] --END-- [ RunTime:0.001000s ]

[ 2017-01-22T16:13:27+08:00 ] 127.0.0.1 /shop/index.php/Admin/Index/Images/menu_minus.gif
INFO: [ app_init ] --START--
INFO: Run Behavior\BuildLiteBehavior [ RunTime:0.000000s ]
INFO: [ app_init ] --END-- [ RunTime:0.001000s ]

[ 2017-01-22T16:13:27+08:00 ] 127.0.0.1 /shop/index.php/Admin/Index/Images/menu_arrow.gif
INFO: [ app_init ] --START--
INFO: Run Behavior\BuildLiteBehavior [ RunTime:0.000000s ]
INFO: [ app_init ] --END-- [ RunTime:0.000000s ]

[ 2017-01-22T16:13:28+08:00 ] 127.0.0.1 /shop/index.php/Admin/Goods/lst.html
INFO: [ app_init ] --START--
INFO: Run Behavior\BuildLiteBehavior [ RunTime:0.000000s ]
INFO: [ app_init ] --END-- [ RunTime:0.000000s ]
INFO: [ app_begin ] --START--
INFO: Run Behavior\ReadHtmlCacheBehavior [ RunTime:0.001000s ]
INFO: [ app_begin ] --END-- [ RunTime:0.001000s ]
SQL: SHOW COLUMNS FROM `p39_privilege` [ RunTime:0.0070s ]
NOTIC: [2048] Declaration of Admin\Model\GoodsModel::_after_insert() should be compatible with that of Think\Model::_after_insert() D:\phpStudy\WWW\shop\Admin\Model\GoodsModel.class.php 第 475 行.
SQL: SHOW COLUMNS FROM `p39_goods` [ RunTime:0.0050s ]
SQL: SELECT COUNT(*) AS tp_count FROM p39_goods a LIMIT 1   [ RunTime:0.0010s ]
SQL: SELECT a.*,b.brand_name,c.cat_name,GROUP_CONCAT(e.cat_name SEPARATOR "<br />") ext_cat_name FROM p39_goods a LEFT JOIN p39_brand b ON a.brand_id=b.id LEFT JOIN p39_category c ON a.cat_id=c.id LEFT JOIN p39_goods_cat d ON a.id=d.goods_id LEFT JOIN p39_category e ON d.cat_id=e.id  GROUP BY a.id ORDER BY a.id desc LIMIT 0,2   [ RunTime:0.0010s ]
SQL: SHOW COLUMNS FROM `p39_category` [ RunTime:0.0070s ]
SQL: SELECT * FROM `p39_category`  [ RunTime:0.0010s ]
INFO: [ view_parse ] --START--
INFO: [ template_filter ] --START--
INFO: Run Behavior\ContentReplaceBehavior [ RunTime:0.000000s ]
INFO: [ template_filter ] --END-- [ RunTime:0.000000s ]
SQL: SHOW COLUMNS FROM `p39_brand` [ RunTime:0.0050s ]
SQL: SELECT `id`,`brand_name` FROM `p39_brand`  [ RunTime:0.0000s ]
INFO: Run Behavior\ParseTemplateBehavior [ RunTime:0.019001s ]
INFO: [ view_parse ] --END-- [ RunTime:0.019001s ]
INFO: [ view_filter ] --START--
INFO: Run Behavior\WriteHtmlCacheBehavior [ RunTime:0.001000s ]
INFO: [ view_filter ] --END-- [ RunTime:0.001000s ]
INFO: [ app_end ] --START--
INFO: Run Behavior\ShowPageTraceBehavior [ RunTime:0.001000s ]
INFO: [ app_end ] --END-- [ RunTime:0.001000s ]

[ 2017-01-22T16:13:30+08:00 ] 127.0.0.1 /shop/index.php/Admin/Goods/edit/id/7.html
INFO: [ app_init ] --START--
INFO: Run Behavior\BuildLiteBehavior [ RunTime:0.000000s ]
INFO: [ app_init ] --END-- [ RunTime:0.001000s ]
INFO: [ app_begin ] --START--
INFO: Run Behavior\ReadHtmlCacheBehavior [ RunTime:0.001000s ]
INFO: [ app_begin ] --END-- [ RunTime:0.002000s ]
SQL: SHOW COLUMNS FROM `p39_privilege` [ RunTime:0.0040s ]
NOTIC: [2048] Declaration of Admin\Model\GoodsModel::_after_insert() should be compatible with that of Think\Model::_after_insert() D:\phpStudy\WWW\shop\Admin\Model\GoodsModel.class.php 第 475 行.
SQL: SHOW COLUMNS FROM `p39_goods` [ RunTime:0.0050s ]
SQL: SELECT * FROM `p39_goods` WHERE `id` = 7 LIMIT 1   [ RunTime:0.0010s ]
SQL: SHOW COLUMNS FROM `p39_brand` [ RunTime:0.0040s ]
SQL: SELECT * FROM `p39_brand`  [ RunTime:0.0000s ]
SQL: SHOW COLUMNS FROM `p39_member_level` [ RunTime:0.0040s ]
SQL: SELECT * FROM `p39_member_level`  [ RunTime:0.0010s ]
SQL: SHOW COLUMNS FROM `p39_member_price` [ RunTime:0.0040s ]
SQL: SELECT * FROM `p39_member_price` WHERE `goods_id` = '7'  [ RunTime:0.0010s ]
SQL: SHOW COLUMNS FROM `p39_goods_pic` [ RunTime:0.0040s ]
SQL: SELECT `id`,`mid_pic` FROM `p39_goods_pic` WHERE `goods_id` = '7'  [ RunTime:0.0010s ]
SQL: SHOW COLUMNS FROM `p39_category` [ RunTime:0.0040s ]
SQL: SELECT * FROM `p39_category`  [ RunTime:0.0000s ]
SQL: SHOW COLUMNS FROM `p39_goods_cat` [ RunTime:0.0040s ]
SQL: SELECT `cat_id` FROM `p39_goods_cat` WHERE `goods_id` = '7'  [ RunTime:0.0000s ]
SQL: SHOW COLUMNS FROM `p39_attribute` [ RunTime:0.0040s ]
NOTIC: [8] Use of undefined constant type_id - assumed 'type_id' D:\phpStudy\WWW\shop\Admin\Controller\GoodsController.class.php 第 200 行.
SQL: SELECT a.id attr_id,a.attr_name,a.attr_type,a.attr_option_values,b.attr_value,b.id FROM p39_attribute a LEFT JOIN p39_goods_attr b ON (a.id=b.attr_id AND b.goods_id=7)  WHERE a.type_id = '0'  [ RunTime:0.0000s ]
INFO: [ view_parse ] --START--
INFO: [ template_filter ] --START--
INFO: Run Behavior\ContentReplaceBehavior [ RunTime:0.001000s ]
INFO: [ template_filter ] --END-- [ RunTime:0.001000s ]
SQL: SELECT `id`,`brand_name` FROM `p39_brand`  [ RunTime:0.0010s ]
NOTIC: [8] Undefined index: 1 D:\phpStudy\WWW\shop\Runtime\Cache\Admin\c5bdb3b09bab56256321d1c7f8ec0322.php 第 195 行.
NOTIC: [8] Undefined index: 2 D:\phpStudy\WWW\shop\Runtime\Cache\Admin\c5bdb3b09bab56256321d1c7f8ec0322.php 第 195 行.
NOTIC: [8] Undefined index: 3 D:\phpStudy\WWW\shop\Runtime\Cache\Admin\c5bdb3b09bab56256321d1c7f8ec0322.php 第 195 行.
NOTIC: [8] Undefined index: 4 D:\phpStudy\WWW\shop\Runtime\Cache\Admin\c5bdb3b09bab56256321d1c7f8ec0322.php 第 195 行.
SQL: SHOW COLUMNS FROM `p39_type` [ RunTime:0.0040s ]
SQL: SELECT `id`,`type_name` FROM `p39_type`  [ RunTime:0.0000s ]
INFO: Run Behavior\ParseTemplateBehavior [ RunTime:0.019001s ]
INFO: [ view_parse ] --END-- [ RunTime:0.019001s ]
INFO: [ view_filter ] --START--
INFO: Run Behavior\WriteHtmlCacheBehavior [ RunTime:0.001001s ]
INFO: [ view_filter ] --END-- [ RunTime:0.001001s ]
INFO: [ app_end ] --START--
INFO: Run Behavior\ShowPageTraceBehavior [ RunTime:0.001000s ]
INFO: [ app_end ] --END-- [ RunTime:0.001000s ]

[ 2017-01-22T16:13:46+08:00 ] 127.0.0.1 /shop/index.php/Admin/Goods/ajaxGetAttr/type_id/1
INFO: [ app_init ] --START--
INFO: Run Behavior\BuildLiteBehavior [ RunTime:0.000000s ]
INFO: [ app_init ] --END-- [ RunTime:0.001000s ]
INFO: [ app_begin ] --START--
INFO: Run Behavior\ReadHtmlCacheBehavior [ RunTime:0.001000s ]
INFO: [ app_begin ] --END-- [ RunTime:0.002000s ]
SQL: SHOW COLUMNS FROM `p39_privilege` [ RunTime:0.0050s ]
SQL: SHOW COLUMNS FROM `p39_attribute` [ RunTime:0.0040s ]
SQL: SELECT * FROM `p39_attribute` WHERE `type_id` = '1'  [ RunTime:0.0000s ]
INFO: [ app_end ] --START--
INFO: Run Behavior\ShowPageTraceBehavior [ RunTime:0.000000s ]
INFO: [ app_end ] --END-- [ RunTime:0.001000s ]

[ 2017-01-22T16:14:12+08:00 ] 127.0.0.1 /shop/index.php/Admin/Goods/edit/id/7.html
INFO: [ app_init ] --START--
INFO: Run Behavior\BuildLiteBehavior [ RunTime:0.000000s ]
INFO: [ app_init ] --END-- [ RunTime:0.001000s ]
INFO: [ app_begin ] --START--
INFO: Run Behavior\ReadHtmlCacheBehavior [ RunTime:0.001000s ]
INFO: [ app_begin ] --END-- [ RunTime:0.001000s ]
SQL: SHOW COLUMNS FROM `p39_privilege` [ RunTime:0.0050s ]
NOTIC: [2048] Declaration of Admin\Model\GoodsModel::_after_insert() should be compatible with that of Think\Model::_after_insert() D:\phpStudy\WWW\shop\Admin\Model\GoodsModel.class.php 第 475 行.
SQL: SHOW COLUMNS FROM `p39_goods` [ RunTime:0.0040s ]
NOTIC: [8] Undefined index: validate D:\phpStudy\WWW\ThinkPHP\Library\Think\Model.class.php 第 1185 行.
NOTIC: [8] Undefined index: auto D:\phpStudy\WWW\ThinkPHP\Library\Think\Model.class.php 第 1128 行.
SQL: SHOW COLUMNS FROM `p39_goods_attr` [ RunTime:0.0050s ]
NOTIC: [8] Uninitialized string offset: 0 D:\phpStudy\WWW\shop\Admin\Model\GoodsModel.class.php 第 61 行.
SQL: INSERT INTO `p39_goods_attr` (`goods_id`,`attr_id`,`attr_value`) VALUES ('7','1','黑色') [ RunTime:0.0040s ]
NOTIC: [8] Uninitialized string offset: 1 D:\phpStudy\WWW\shop\Admin\Model\GoodsModel.class.php 第 61 行.
SQL: INSERT INTO `p39_goods_attr` (`goods_id`,`attr_id`,`attr_value`) VALUES ('7','1','白色') [ RunTime:0.0010s ]
NOTIC: [8] Uninitialized string offset: 2 D:\phpStudy\WWW\shop\Admin\Model\GoodsModel.class.php 第 61 行.
SQL: INSERT INTO `p39_goods_attr` (`goods_id`,`attr_id`,`attr_value`) VALUES ('7','1','紫色') [ RunTime:0.0010s ]
NOTIC: [8] Uninitialized string offset: 3 D:\phpStudy\WWW\shop\Admin\Model\GoodsModel.class.php 第 61 行.
SQL: INSERT INTO `p39_goods_attr` (`goods_id`,`attr_id`,`attr_value`) VALUES ('7','4','5') [ RunTime:0.0010s ]
NOTIC: [8] Uninitialized string offset: 4 D:\phpStudy\WWW\shop\Admin\Model\GoodsModel.class.php 第 61 行.
SQL: INSERT INTO `p39_goods_attr` (`goods_id`,`attr_id`,`attr_value`) VALUES ('7','4','7') [ RunTime:0.0010s ]
NOTIC: [8] Uninitialized string offset: 5 D:\phpStudy\WWW\shop\Admin\Model\GoodsModel.class.php 第 61 行.
SQL: INSERT INTO `p39_goods_attr` (`goods_id`,`attr_id`,`attr_value`) VALUES ('7','5','2015-10-10') [ RunTime:0.0010s ]
NOTIC: [8] Uninitialized string offset: 6 D:\phpStudy\WWW\shop\Admin\Model\GoodsModel.class.php 第 61 行.
SQL: INSERT INTO `p39_goods_attr` (`goods_id`,`attr_id`,`attr_value`) VALUES ('7','6','安卓') [ RunTime:0.0010s ]
NOTIC: [8] Uninitialized string offset: 7 D:\phpStudy\WWW\shop\Admin\Model\GoodsModel.class.php 第 61 行.
SQL: INSERT INTO `p39_goods_attr` (`goods_id`,`attr_id`,`attr_value`) VALUES ('7','6','苹果') [ RunTime:0.0010s ]
SQL: SHOW COLUMNS FROM `p39_goods_cat` [ RunTime:0.0040s ]
SQL: DELETE FROM `p39_goods_cat` WHERE `goods_id` = 7 [ RunTime:0.0020s ]
SQL: INSERT INTO `p39_goods_cat` (`cat_id`,`goods_id`) VALUES ('19','7') [ RunTime:0.0010s ]
SQL: SHOW COLUMNS FROM `p39_member_price` [ RunTime:0.0040s ]
SQL: DELETE FROM `p39_member_price` WHERE `goods_id` = '$id' [ RunTime:0.0000s ]
SQL: INSERT INTO `p39_member_price` (`price`,`level_id`,`goods_id`) VALUES ('500','1','7') [ RunTime:0.0010s ]
SQL: INSERT INTO `p39_member_price` (`price`,`level_id`,`goods_id`) VALUES ('400','2','7') [ RunTime:0.0040s ]
SQL: INSERT INTO `p39_member_price` (`price`,`level_id`,`goods_id`) VALUES ('300','3','7') [ RunTime:0.0010s ]
SQL: INSERT INTO `p39_member_price` (`price`,`level_id`,`goods_id`) VALUES ('200','4','7') [ RunTime:0.0010s ]
SQL: UPDATE `p39_goods` SET `cat_id`='29',`brand_id`='0',`goods_name`='电动牙刷',`market_price`='600.00',`shop_price`='300.00',`is_on_sale`='是',`promote_price`='0.00',`promote_start_date`='0000-00-00 00:00:00',`promote_end_date`='0000-00-00 00:00:00',`is_new`='否',`is_best`='否',`is_hot`='否',`is_floor`='是',`sort_num`='100',`goods_desc`='这个是个香蕉<p></p>',`type_id`='1' WHERE `id` = 7 [ RunTime:0.0010s ]
INFO: [ view_parse ] --START--
INFO: [ template_filter ] --START--
INFO: Run Behavior\ContentReplaceBehavior [ RunTime:0.000000s ]
INFO: [ template_filter ] --END-- [ RunTime:0.000000s ]
INFO: Run Behavior\ParseTemplateBehavior [ RunTime:0.006000s ]
INFO: [ view_parse ] --END-- [ RunTime:0.006000s ]
INFO: [ view_filter ] --START--
INFO: Run Behavior\WriteHtmlCacheBehavior [ RunTime:0.001000s ]
INFO: [ view_filter ] --END-- [ RunTime:0.001000s ]

[ 2017-01-22T16:14:13+08:00 ] 127.0.0.1 /shop/index.php/Admin/Goods/lst.html
INFO: [ app_init ] --START--
INFO: Run Behavior\BuildLiteBehavior [ RunTime:0.000000s ]
INFO: [ app_init ] --END-- [ RunTime:0.001000s ]
INFO: [ app_begin ] --START--
INFO: Run Behavior\ReadHtmlCacheBehavior [ RunTime:0.001000s ]
INFO: [ app_begin ] --END-- [ RunTime:0.001000s ]
SQL: SHOW COLUMNS FROM `p39_privilege` [ RunTime:0.0040s ]
NOTIC: [2048] Declaration of Admin\Model\GoodsModel::_after_insert() should be compatible with that of Think\Model::_after_insert() D:\phpStudy\WWW\shop\Admin\Model\GoodsModel.class.php 第 475 行.
SQL: SHOW COLUMNS FROM `p39_goods` [ RunTime:0.0050s ]
SQL: SELECT COUNT(*) AS tp_count FROM p39_goods a LIMIT 1   [ RunTime:0.0000s ]
SQL: SELECT a.*,b.brand_name,c.cat_name,GROUP_CONCAT(e.cat_name SEPARATOR "<br />") ext_cat_name FROM p39_goods a LEFT JOIN p39_brand b ON a.brand_id=b.id LEFT JOIN p39_category c ON a.cat_id=c.id LEFT JOIN p39_goods_cat d ON a.id=d.goods_id LEFT JOIN p39_category e ON d.cat_id=e.id  GROUP BY a.id ORDER BY a.id desc LIMIT 0,2   [ RunTime:0.0010s ]
SQL: SHOW COLUMNS FROM `p39_category` [ RunTime:0.0040s ]
SQL: SELECT * FROM `p39_category`  [ RunTime:0.0010s ]
INFO: [ view_parse ] --START--
INFO: [ template_filter ] --START--
INFO: Run Behavior\ContentReplaceBehavior [ RunTime:0.000000s ]
INFO: [ template_filter ] --END-- [ RunTime:0.000000s ]
SQL: SHOW COLUMNS FROM `p39_brand` [ RunTime:0.0040s ]
SQL: SELECT `id`,`brand_name` FROM `p39_brand`  [ RunTime:0.0010s ]
INFO: Run Behavior\ParseTemplateBehavior [ RunTime:0.014001s ]
INFO: [ view_parse ] --END-- [ RunTime:0.014001s ]
INFO: [ view_filter ] --START--
INFO: Run Behavior\WriteHtmlCacheBehavior [ RunTime:0.001000s ]
INFO: [ view_filter ] --END-- [ RunTime:0.001000s ]
INFO: [ app_end ] --START--
INFO: Run Behavior\ShowPageTraceBehavior [ RunTime:0.001000s ]
INFO: [ app_end ] --END-- [ RunTime:0.001000s ]

[ 2017-01-22T16:14:22+08:00 ] 127.0.0.1 /shop/index.php/Admin/Goods/edit/id/7.html
INFO: [ app_init ] --START--
INFO: Run Behavior\BuildLiteBehavior [ RunTime:0.000000s ]
INFO: [ app_init ] --END-- [ RunTime:0.001000s ]
INFO: [ app_begin ] --START--
INFO: Run Behavior\ReadHtmlCacheBehavior [ RunTime:0.001000s ]
INFO: [ app_begin ] --END-- [ RunTime:0.001000s ]
SQL: SHOW COLUMNS FROM `p39_privilege` [ RunTime:0.0050s ]
NOTIC: [2048] Declaration of Admin\Model\GoodsModel::_after_insert() should be compatible with that of Think\Model::_after_insert() D:\phpStudy\WWW\shop\Admin\Model\GoodsModel.class.php 第 475 行.
SQL: SHOW COLUMNS FROM `p39_goods` [ RunTime:0.0040s ]
SQL: SELECT * FROM `p39_goods` WHERE `id` = 7 LIMIT 1   [ RunTime:0.0000s ]
SQL: SHOW COLUMNS FROM `p39_brand` [ RunTime:0.0050s ]
SQL: SELECT * FROM `p39_brand`  [ RunTime:0.0000s ]
SQL: SHOW COLUMNS FROM `p39_member_level` [ RunTime:0.0040s ]
SQL: SELECT * FROM `p39_member_level`  [ RunTime:0.0010s ]
SQL: SHOW COLUMNS FROM `p39_member_price` [ RunTime:0.0040s ]
SQL: SELECT * FROM `p39_member_price` WHERE `goods_id` = '7'  [ RunTime:0.0000s ]
SQL: SHOW COLUMNS FROM `p39_goods_pic` [ RunTime:0.0050s ]
SQL: SELECT `id`,`mid_pic` FROM `p39_goods_pic` WHERE `goods_id` = '7'  [ RunTime:0.0000s ]
SQL: SHOW COLUMNS FROM `p39_category` [ RunTime:0.0050s ]
SQL: SELECT * FROM `p39_category`  [ RunTime:0.0000s ]
SQL: SHOW COLUMNS FROM `p39_goods_cat` [ RunTime:0.0060s ]
SQL: SELECT `cat_id` FROM `p39_goods_cat` WHERE `goods_id` = '7'  [ RunTime:0.0000s ]
SQL: SHOW COLUMNS FROM `p39_attribute` [ RunTime:0.0060s ]
NOTIC: [8] Use of undefined constant type_id - assumed 'type_id' D:\phpStudy\WWW\shop\Admin\Controller\GoodsController.class.php 第 200 行.
SQL: SELECT a.id attr_id,a.attr_name,a.attr_type,a.attr_option_values,b.attr_value,b.id FROM p39_attribute a LEFT JOIN p39_goods_attr b ON (a.id=b.attr_id AND b.goods_id=7)  WHERE a.type_id = '1'  [ RunTime:0.0010s ]
INFO: [ view_parse ] --START--
INFO: [ template_filter ] --START--
INFO: Run Behavior\ContentReplaceBehavior [ RunTime:0.001000s ]
INFO: [ template_filter ] --END-- [ RunTime:0.001000s ]
SQL: SELECT `id`,`brand_name` FROM `p39_brand`  [ RunTime:0.0000s ]
SQL: SHOW COLUMNS FROM `p39_type` [ RunTime:0.0070s ]
SQL: SELECT `id`,`type_name` FROM `p39_type`  [ RunTime:0.0000s ]
INFO: Run Behavior\ParseTemplateBehavior [ RunTime:0.026002s ]
INFO: [ view_parse ] --END-- [ RunTime:0.026002s ]
INFO: [ view_filter ] --START--
INFO: Run Behavior\WriteHtmlCacheBehavior [ RunTime:0.000000s ]
INFO: [ view_filter ] --END-- [ RunTime:0.000000s ]
INFO: [ app_end ] --START--
INFO: Run Behavior\ShowPageTraceBehavior [ RunTime:0.001000s ]
INFO: [ app_end ] --END-- [ RunTime:0.001000s ]

[ 2017-01-22T16:41:49+08:00 ] 127.0.0.1 /shop/index.php/Admin/Goods/edit/id/7.html
INFO: [ app_init ] --START--
INFO: Run Behavior\BuildLiteBehavior [ RunTime:0.000000s ]
INFO: [ app_init ] --END-- [ RunTime:0.000000s ]
INFO: [ app_begin ] --START--
INFO: Run Behavior\ReadHtmlCacheBehavior [ RunTime:0.001000s ]
INFO: [ app_begin ] --END-- [ RunTime:0.001000s ]
SQL: SHOW COLUMNS FROM `p39_privilege` [ RunTime:0.0040s ]
NOTIC: [2048] Declaration of Admin\Model\GoodsModel::_after_insert() should be compatible with that of Think\Model::_after_insert() D:\phpStudy\WWW\shop\Admin\Model\GoodsModel.class.php 第 475 行.
SQL: SHOW COLUMNS FROM `p39_goods` [ RunTime:0.0050s ]
NOTIC: [8] Undefined index: validate D:\phpStudy\WWW\ThinkPHP\Library\Think\Model.class.php 第 1185 行.
NOTIC: [8] Undefined index: auto D:\phpStudy\WWW\ThinkPHP\Library\Think\Model.class.php 第 1128 行.
SQL: SHOW COLUMNS FROM `p39_goods_attr` [ RunTime:0.0050s ]
SQL: UPDATE `p39_goods_attr` SET `attr_value`='黑色' WHERE `id` = '9' [ RunTime:0.0010s ]
SQL: UPDATE `p39_goods_attr` SET `attr_value`='白色' WHERE `id` = '10' [ RunTime:0.0010s ]
SQL: UPDATE `p39_goods_attr` SET `attr_value`='紫色' WHERE `id` = '11' [ RunTime:0.0010s ]
SQL: UPDATE `p39_goods_attr` SET `attr_value`='5' WHERE `id` = '12' [ RunTime:0.0010s ]
SQL: UPDATE `p39_goods_attr` SET `attr_value`='7' WHERE `id` = '13' [ RunTime:0.0010s ]
SQL: UPDATE `p39_goods_attr` SET `attr_value`='2015-10-10' WHERE `id` = '14' [ RunTime:0.0010s ]
SQL: UPDATE `p39_goods_attr` SET `attr_value`='安卓' WHERE `id` = '15' [ RunTime:0.0010s ]
SQL: UPDATE `p39_goods_attr` SET `attr_value`='苹果' WHERE `id` = '16' [ RunTime:0.0010s ]
SQL: SHOW COLUMNS FROM `p39_goods_cat` [ RunTime:0.0040s ]
SQL: DELETE FROM `p39_goods_cat` WHERE `goods_id` = 7 [ RunTime:0.0010s ]
SQL: INSERT INTO `p39_goods_cat` (`cat_id`,`goods_id`) VALUES ('19','7') [ RunTime:0.0010s ]
SQL: SHOW COLUMNS FROM `p39_goods_pic` [ RunTime:0.0040s ]
NOTIC: [2] call_user_func() expects parameter 1 to be a valid callback, no array or string given D:\phpStudy\WWW\ThinkPHP\Library\Think\Upload.class.php 第 170 行.
SQL: INSERT INTO `p39_goods_pic` (`pic`,`big_pic`,`mid_pic`,`sm_pic`,`goods_id`) VALUES ('Goods/2017-01-22/58847049ad2f4.jpg','Goods/2017-01-22/thumb_0_58847049ad2f4.jpg','Goods/2017-01-22/thumb_1_58847049ad2f4.jpg','Goods/2017-01-22/thumb_2_58847049ad2f4.jpg','7') [ RunTime:0.0030s ]
NOTIC: [2] call_user_func() expects parameter 1 to be a valid callback, no array or string given D:\phpStudy\WWW\ThinkPHP\Library\Think\Upload.class.php 第 170 行.
SQL: INSERT INTO `p39_goods_pic` (`pic`,`big_pic`,`mid_pic`,`sm_pic`,`goods_id`) VALUES ('Goods/2017-01-22/5884704a4f32f.jpg','Goods/2017-01-22/thumb_0_5884704a4f32f.jpg','Goods/2017-01-22/thumb_1_5884704a4f32f.jpg','Goods/2017-01-22/thumb_2_5884704a4f32f.jpg','7') [ RunTime:0.0030s ]
NOTIC: [2] call_user_func() expects parameter 1 to be a valid callback, no array or string given D:\phpStudy\WWW\ThinkPHP\Library\Think\Upload.class.php 第 170 行.
SQL: INSERT INTO `p39_goods_pic` (`pic`,`big_pic`,`mid_pic`,`sm_pic`,`goods_id`) VALUES ('Goods/2017-01-22/5884704b028c7.jpg','Goods/2017-01-22/thumb_0_5884704b028c7.jpg','Goods/2017-01-22/thumb_1_5884704b028c7.jpg','Goods/2017-01-22/thumb_2_5884704b028c7.jpg','7') [ RunTime:0.0030s ]
NOTIC: [2] call_user_func() expects parameter 1 to be a valid callback, no array or string given D:\phpStudy\WWW\ThinkPHP\Library\Think\Upload.class.php 第 170 行.
SQL: INSERT INTO `p39_goods_pic` (`pic`,`big_pic`,`mid_pic`,`sm_pic`,`goods_id`) VALUES ('Goods/2017-01-22/5884704ba5665.jpg','Goods/2017-01-22/thumb_0_5884704ba5665.jpg','Goods/2017-01-22/thumb_1_5884704ba5665.jpg','Goods/2017-01-22/thumb_2_5884704ba5665.jpg','7') [ RunTime:0.0030s ]
NOTIC: [2] call_user_func() expects parameter 1 to be a valid callback, no array or string given D:\phpStudy\WWW\ThinkPHP\Library\Think\Upload.class.php 第 170 行.
SQL: INSERT INTO `p39_goods_pic` (`pic`,`big_pic`,`mid_pic`,`sm_pic`,`goods_id`) VALUES ('Goods/2017-01-22/5884704c57c5c.jpg','Goods/2017-01-22/thumb_0_5884704c57c5c.jpg','Goods/2017-01-22/thumb_1_5884704c57c5c.jpg','Goods/2017-01-22/thumb_2_5884704c57c5c.jpg','7') [ RunTime:0.0020s ]
SQL: SHOW COLUMNS FROM `p39_member_price` [ RunTime:0.0040s ]
SQL: DELETE FROM `p39_member_price` WHERE `goods_id` = '$id' [ RunTime:0.0000s ]
SQL: INSERT INTO `p39_member_price` (`price`,`level_id`,`goods_id`) VALUES ('500.00','1','7') [ RunTime:0.0010s ]
SQL: INSERT INTO `p39_member_price` (`price`,`level_id`,`goods_id`) VALUES ('400.00','2','7') [ RunTime:0.0010s ]
SQL: INSERT INTO `p39_member_price` (`price`,`level_id`,`goods_id`) VALUES ('300.00','3','7') [ RunTime:0.0010s ]
SQL: INSERT INTO `p39_member_price` (`price`,`level_id`,`goods_id`) VALUES ('200.00','4','7') [ RunTime:0.0010s ]
NOTIC: [8] Undefined index: logo D:\phpStudy\WWW\shop\Admin\Model\GoodsModel.class.php 第 154 行.
INFO: [ view_parse ] --START--
INFO: [ template_filter ] --START--
INFO: Run Behavior\ContentReplaceBehavior [ RunTime:0.000000s ]
INFO: [ template_filter ] --END-- [ RunTime:0.000000s ]
INFO: Run Behavior\ParseTemplateBehavior [ RunTime:0.006000s ]
INFO: [ view_parse ] --END-- [ RunTime:0.006000s ]
INFO: [ view_filter ] --START--
INFO: Run Behavior\WriteHtmlCacheBehavior [ RunTime:0.001000s ]
INFO: [ view_filter ] --END-- [ RunTime:0.001000s ]

[ 2017-01-22T16:41:52+08:00 ] 127.0.0.1 /shop/index.php/Admin/Goods/edit/id/7.html
INFO: [ app_init ] --START--
INFO: Run Behavior\BuildLiteBehavior [ RunTime:0.000000s ]
INFO: [ app_init ] --END-- [ RunTime:0.001000s ]
INFO: [ app_begin ] --START--
INFO: Run Behavior\ReadHtmlCacheBehavior [ RunTime:0.001000s ]
INFO: [ app_begin ] --END-- [ RunTime:0.001000s ]
SQL: SHOW COLUMNS FROM `p39_privilege` [ RunTime:0.0040s ]
NOTIC: [2048] Declaration of Admin\Model\GoodsModel::_after_insert() should be compatible with that of Think\Model::_after_insert() D:\phpStudy\WWW\shop\Admin\Model\GoodsModel.class.php 第 475 行.
SQL: SHOW COLUMNS FROM `p39_goods` [ RunTime:0.0050s ]
SQL: SELECT * FROM `p39_goods` WHERE `id` = 7 LIMIT 1   [ RunTime:0.0000s ]
SQL: SHOW COLUMNS FROM `p39_brand` [ RunTime:0.0050s ]
SQL: SELECT * FROM `p39_brand`  [ RunTime:0.0000s ]
SQL: SHOW COLUMNS FROM `p39_member_level` [ RunTime:0.0040s ]
SQL: SELECT * FROM `p39_member_level`  [ RunTime:0.0000s ]
SQL: SHOW COLUMNS FROM `p39_member_price` [ RunTime:0.0040s ]
SQL: SELECT * FROM `p39_member_price` WHERE `goods_id` = '7'  [ RunTime:0.0000s ]
SQL: SHOW COLUMNS FROM `p39_goods_pic` [ RunTime:0.0040s ]
SQL: SELECT `id`,`mid_pic` FROM `p39_goods_pic` WHERE `goods_id` = '7'  [ RunTime:0.0010s ]
SQL: SHOW COLUMNS FROM `p39_category` [ RunTime:0.0040s ]
SQL: SELECT * FROM `p39_category`  [ RunTime:0.0000s ]
SQL: SHOW COLUMNS FROM `p39_goods_cat` [ RunTime:0.0050s ]
SQL: SELECT `cat_id` FROM `p39_goods_cat` WHERE `goods_id` = '7'  [ RunTime:0.0000s ]
SQL: SHOW COLUMNS FROM `p39_attribute` [ RunTime:0.0050s ]
NOTIC: [8] Use of undefined constant type_id - assumed 'type_id' D:\phpStudy\WWW\shop\Admin\Controller\GoodsController.class.php 第 200 行.
SQL: SELECT a.id attr_id,a.attr_name,a.attr_type,a.attr_option_values,b.attr_value,b.id FROM p39_attribute a LEFT JOIN p39_goods_attr b ON (a.id=b.attr_id AND b.goods_id=7)  WHERE a.type_id = '1'  [ RunTime:0.0000s ]
INFO: [ view_parse ] --START--
INFO: [ template_filter ] --START--
INFO: Run Behavior\ContentReplaceBehavior [ RunTime:0.000000s ]
INFO: [ template_filter ] --END-- [ RunTime:0.000000s ]
SQL: SELECT `id`,`brand_name` FROM `p39_brand`  [ RunTime:0.0010s ]
SQL: SHOW COLUMNS FROM `p39_type` [ RunTime:0.0050s ]
SQL: SELECT `id`,`type_name` FROM `p39_type`  [ RunTime:0.0010s ]
INFO: Run Behavior\ParseTemplateBehavior [ RunTime:0.018001s ]
INFO: [ view_parse ] --END-- [ RunTime:0.018001s ]
INFO: [ view_filter ] --START--
INFO: Run Behavior\WriteHtmlCacheBehavior [ RunTime:0.001000s ]
INFO: [ view_filter ] --END-- [ RunTime:0.001000s ]
INFO: [ app_end ] --START--
INFO: Run Behavior\ShowPageTraceBehavior [ RunTime:0.001000s ]
INFO: [ app_end ] --END-- [ RunTime:0.001000s ]

[ 2017-01-22T16:42:09+08:00 ] 127.0.0.1 /shop/index.php/Admin/Goods/edit/id/7.html
INFO: [ app_init ] --START--
INFO: Run Behavior\BuildLiteBehavior [ RunTime:0.000000s ]
INFO: [ app_init ] --END-- [ RunTime:0.000000s ]
INFO: [ app_begin ] --START--
INFO: Run Behavior\ReadHtmlCacheBehavior [ RunTime:0.001000s ]
INFO: [ app_begin ] --END-- [ RunTime:0.001000s ]
SQL: SHOW COLUMNS FROM `p39_privilege` [ RunTime:0.0050s ]
NOTIC: [2048] Declaration of Admin\Model\GoodsModel::_after_insert() should be compatible with that of Think\Model::_after_insert() D:\phpStudy\WWW\shop\Admin\Model\GoodsModel.class.php 第 475 行.
SQL: SHOW COLUMNS FROM `p39_goods` [ RunTime:0.0050s ]
NOTIC: [8] Undefined index: validate D:\phpStudy\WWW\ThinkPHP\Library\Think\Model.class.php 第 1185 行.
NOTIC: [8] Undefined index: auto D:\phpStudy\WWW\ThinkPHP\Library\Think\Model.class.php 第 1128 行.
SQL: SHOW COLUMNS FROM `p39_goods_attr` [ RunTime:0.0040s ]
SQL: UPDATE `p39_goods_attr` SET `attr_value`='黑色' WHERE `id` = '9' [ RunTime:0.0020s ]
SQL: UPDATE `p39_goods_attr` SET `attr_value`='白色' WHERE `id` = '10' [ RunTime:0.0040s ]
SQL: UPDATE `p39_goods_attr` SET `attr_value`='紫色' WHERE `id` = '11' [ RunTime:0.0010s ]
SQL: UPDATE `p39_goods_attr` SET `attr_value`='5' WHERE `id` = '12' [ RunTime:0.0010s ]
SQL: UPDATE `p39_goods_attr` SET `attr_value`='7' WHERE `id` = '13' [ RunTime:0.0010s ]
SQL: UPDATE `p39_goods_attr` SET `attr_value`='2015-10-10' WHERE `id` = '14' [ RunTime:0.0010s ]
SQL: UPDATE `p39_goods_attr` SET `attr_value`='安卓' WHERE `id` = '15' [ RunTime:0.0010s ]
SQL: UPDATE `p39_goods_attr` SET `attr_value`='苹果' WHERE `id` = '16' [ RunTime:0.0010s ]
SQL: SHOW COLUMNS FROM `p39_goods_cat` [ RunTime:0.0040s ]
SQL: DELETE FROM `p39_goods_cat` WHERE `goods_id` = 7 [ RunTime:0.0040s ]
SQL: INSERT INTO `p39_goods_cat` (`cat_id`,`goods_id`) VALUES ('19','7') [ RunTime:0.0020s ]
SQL: SHOW COLUMNS FROM `p39_member_price` [ RunTime:0.0040s ]
SQL: DELETE FROM `p39_member_price` WHERE `goods_id` = '$id' [ RunTime:0.0010s ]
SQL: INSERT INTO `p39_member_price` (`price`,`level_id`,`goods_id`) VALUES ('500.00','1','7') [ RunTime:0.0030s ]
SQL: INSERT INTO `p39_member_price` (`price`,`level_id`,`goods_id`) VALUES ('400.00','2','7') [ RunTime:0.0040s ]
SQL: INSERT INTO `p39_member_price` (`price`,`level_id`,`goods_id`) VALUES ('300.00','3','7') [ RunTime:0.0020s ]
SQL: INSERT INTO `p39_member_price` (`price`,`level_id`,`goods_id`) VALUES ('200.00','4','7') [ RunTime:0.0010s ]
SQL: UPDATE `p39_goods` SET `cat_id`='29',`brand_id`='1',`goods_name`='电动牙刷',`market_price`='600.00',`shop_price`='300.00',`is_on_sale`='是',`promote_price`='0.00',`promote_start_date`='0000-00-00 00:00:00',`promote_end_date`='0000-00-00 00:00:00',`is_new`='否',`is_best`='否',`is_hot`='否',`is_floor`='是',`sort_num`='100',`goods_desc`='<p>这个是个香蕉</p><p></p>',`type_id`='1' WHERE `id` = 7 [ RunTime:0.0020s ]
INFO: [ view_parse ] --START--
INFO: [ template_filter ] --START--
INFO: Run Behavior\ContentReplaceBehavior [ RunTime:0.001000s ]
INFO: [ template_filter ] --END-- [ RunTime:0.001000s ]
INFO: Run Behavior\ParseTemplateBehavior [ RunTime:0.007000s ]
INFO: [ view_parse ] --END-- [ RunTime:0.007000s ]
INFO: [ view_filter ] --START--
INFO: Run Behavior\WriteHtmlCacheBehavior [ RunTime:0.000000s ]
INFO: [ view_filter ] --END-- [ RunTime:0.000000s ]

[ 2017-01-22T16:42:10+08:00 ] 127.0.0.1 /shop/index.php/Admin/Goods/lst.html
INFO: [ app_init ] --START--
INFO: Run Behavior\BuildLiteBehavior [ RunTime:0.000000s ]
INFO: [ app_init ] --END-- [ RunTime:0.001000s ]
INFO: [ app_begin ] --START--
INFO: Run Behavior\ReadHtmlCacheBehavior [ RunTime:0.001000s ]
INFO: [ app_begin ] --END-- [ RunTime:0.002000s ]
SQL: SHOW COLUMNS FROM `p39_privilege` [ RunTime:0.0040s ]
NOTIC: [2048] Declaration of Admin\Model\GoodsModel::_after_insert() should be compatible with that of Think\Model::_after_insert() D:\phpStudy\WWW\shop\Admin\Model\GoodsModel.class.php 第 475 行.
SQL: SHOW COLUMNS FROM `p39_goods` [ RunTime:0.0040s ]
SQL: SELECT COUNT(*) AS tp_count FROM p39_goods a LIMIT 1   [ RunTime:0.0000s ]
SQL: SELECT a.*,b.brand_name,c.cat_name,GROUP_CONCAT(e.cat_name SEPARATOR "<br />") ext_cat_name FROM p39_goods a LEFT JOIN p39_brand b ON a.brand_id=b.id LEFT JOIN p39_category c ON a.cat_id=c.id LEFT JOIN p39_goods_cat d ON a.id=d.goods_id LEFT JOIN p39_category e ON d.cat_id=e.id  GROUP BY a.id ORDER BY a.id desc LIMIT 0,2   [ RunTime:0.0010s ]
SQL: SHOW COLUMNS FROM `p39_category` [ RunTime:0.0040s ]
SQL: SELECT * FROM `p39_category`  [ RunTime:0.0010s ]
INFO: [ view_parse ] --START--
INFO: [ template_filter ] --START--
INFO: Run Behavior\ContentReplaceBehavior [ RunTime:0.000000s ]
INFO: [ template_filter ] --END-- [ RunTime:0.000000s ]
SQL: SHOW COLUMNS FROM `p39_brand` [ RunTime:0.0040s ]
SQL: SELECT `id`,`brand_name` FROM `p39_brand`  [ RunTime:0.0010s ]
INFO: Run Behavior\ParseTemplateBehavior [ RunTime:0.014001s ]
INFO: [ view_parse ] --END-- [ RunTime:0.014001s ]
INFO: [ view_filter ] --START--
INFO: Run Behavior\WriteHtmlCacheBehavior [ RunTime:0.001000s ]
INFO: [ view_filter ] --END-- [ RunTime:0.001000s ]
INFO: [ app_end ] --START--
INFO: Run Behavior\ShowPageTraceBehavior [ RunTime:0.001000s ]
INFO: [ app_end ] --END-- [ RunTime:0.001000s ]

[ 2017-01-22T16:54:27+08:00 ] 127.0.0.1 /shop/index.php/Admin/Goods/edit/id/7.html
INFO: [ app_init ] --START--
INFO: Run Behavior\BuildLiteBehavior [ RunTime:0.001000s ]
INFO: [ app_init ] --END-- [ RunTime:0.001000s ]
INFO: [ app_begin ] --START--
INFO: Run Behavior\ReadHtmlCacheBehavior [ RunTime:0.001000s ]
INFO: [ app_begin ] --END-- [ RunTime:0.002000s ]
SQL: SHOW COLUMNS FROM `p39_privilege` [ RunTime:0.0050s ]
NOTIC: [2048] Declaration of Admin\Model\GoodsModel::_after_insert() should be compatible with that of Think\Model::_after_insert() D:\phpStudy\WWW\shop\Admin\Model\GoodsModel.class.php 第 475 行.
SQL: SHOW COLUMNS FROM `p39_goods` [ RunTime:0.0050s ]
SQL: SELECT * FROM `p39_goods` WHERE `id` = 7 LIMIT 1   [ RunTime:0.0010s ]
SQL: SHOW COLUMNS FROM `p39_brand` [ RunTime:0.0040s ]
SQL: SELECT * FROM `p39_brand`  [ RunTime:0.0000s ]
SQL: SHOW COLUMNS FROM `p39_member_level` [ RunTime:0.0040s ]
SQL: SELECT * FROM `p39_member_level`  [ RunTime:0.0000s ]
SQL: SHOW COLUMNS FROM `p39_member_price` [ RunTime:0.0050s ]
SQL: SELECT * FROM `p39_member_price` WHERE `goods_id` = '7'  [ RunTime:0.0000s ]
SQL: SHOW COLUMNS FROM `p39_goods_pic` [ RunTime:0.0040s ]
SQL: SELECT `id`,`mid_pic` FROM `p39_goods_pic` WHERE `goods_id` = '7'  [ RunTime:0.0000s ]
SQL: SHOW COLUMNS FROM `p39_category` [ RunTime:0.0050s ]
SQL: SELECT * FROM `p39_category`  [ RunTime:0.0000s ]
SQL: SHOW COLUMNS FROM `p39_goods_cat` [ RunTime:0.0040s ]
SQL: SELECT `cat_id` FROM `p39_goods_cat` WHERE `goods_id` = '7'  [ RunTime:0.0000s ]
SQL: SHOW COLUMNS FROM `p39_attribute` [ RunTime:0.0040s ]
NOTIC: [8] Use of undefined constant type_id - assumed 'type_id' D:\phpStudy\WWW\shop\Admin\Controller\GoodsController.class.php 第 200 行.
SQL: SELECT a.id attr_id,a.attr_name,a.attr_type,a.attr_option_values,b.attr_value,b.id FROM p39_attribute a LEFT JOIN p39_goods_attr b ON (a.id=b.attr_id AND b.goods_id=7)  WHERE a.type_id = '1'  [ RunTime:0.0010s ]
INFO: [ view_parse ] --START--
INFO: [ template_filter ] --START--
INFO: Run Behavior\ContentReplaceBehavior [ RunTime:0.000000s ]
INFO: [ template_filter ] --END-- [ RunTime:0.000000s ]
SQL: SELECT `id`,`brand_name` FROM `p39_brand`  [ RunTime:0.0010s ]
SQL: SHOW COLUMNS FROM `p39_type` [ RunTime:0.0040s ]
SQL: SELECT `id`,`type_name` FROM `p39_type`  [ RunTime:0.0000s ]
INFO: Run Behavior\ParseTemplateBehavior [ RunTime:0.018001s ]
INFO: [ view_parse ] --END-- [ RunTime:0.018001s ]
INFO: [ view_filter ] --START--
INFO: Run Behavior\WriteHtmlCacheBehavior [ RunTime:0.000000s ]
INFO: [ view_filter ] --END-- [ RunTime:0.000000s ]
INFO: [ app_end ] --START--
INFO: Run Behavior\ShowPageTraceBehavior [ RunTime:0.001000s ]
INFO: [ app_end ] --END-- [ RunTime:0.001000s ]

[ 2017-01-22T16:59:26+08:00 ] 127.0.0.1 /shop/index.php/Admin/Goods/edit/id/7.html
INFO: [ app_init ] --START--
INFO: Run Behavior\BuildLiteBehavior [ RunTime:0.000000s ]
INFO: [ app_init ] --END-- [ RunTime:0.000000s ]
INFO: [ app_begin ] --START--
INFO: Run Behavior\ReadHtmlCacheBehavior [ RunTime:0.001001s ]
INFO: [ app_begin ] --END-- [ RunTime:0.001001s ]
SQL: SHOW COLUMNS FROM `p39_privilege` [ RunTime:0.0050s ]
NOTIC: [2048] Declaration of Admin\Model\GoodsModel::_after_insert() should be compatible with that of Think\Model::_after_insert() D:\phpStudy\WWW\shop\Admin\Model\GoodsModel.class.php 第 475 行.
SQL: SHOW COLUMNS FROM `p39_goods` [ RunTime:0.0050s ]
SQL: SELECT * FROM `p39_goods` WHERE `id` = 7 LIMIT 1   [ RunTime:0.0010s ]
SQL: SHOW COLUMNS FROM `p39_brand` [ RunTime:0.0040s ]
SQL: SELECT * FROM `p39_brand`  [ RunTime:0.0000s ]
SQL: SHOW COLUMNS FROM `p39_member_level` [ RunTime:0.0040s ]
SQL: SELECT * FROM `p39_member_level`  [ RunTime:0.0000s ]
SQL: SHOW COLUMNS FROM `p39_member_price` [ RunTime:0.0050s ]
SQL: SELECT * FROM `p39_member_price` WHERE `goods_id` = '7'  [ RunTime:0.0000s ]
SQL: SHOW COLUMNS FROM `p39_goods_pic` [ RunTime:0.0040s ]
SQL: SELECT `id`,`mid_pic` FROM `p39_goods_pic` WHERE `goods_id` = '7'  [ RunTime:0.0010s ]
SQL: SHOW COLUMNS FROM `p39_category` [ RunTime:0.0040s ]
SQL: SELECT * FROM `p39_category`  [ RunTime:0.0010s ]
SQL: SHOW COLUMNS FROM `p39_goods_cat` [ RunTime:0.0050s ]
SQL: SELECT `cat_id` FROM `p39_goods_cat` WHERE `goods_id` = '7'  [ RunTime:0.0000s ]
SQL: SHOW COLUMNS FROM `p39_attribute` [ RunTime:0.0050s ]
NOTIC: [8] Use of undefined constant type_id - assumed 'type_id' D:\phpStudy\WWW\shop\Admin\Controller\GoodsController.class.php 第 200 行.
SQL: SELECT a.id attr_id,a.attr_name,a.attr_type,a.attr_option_values,b.attr_value,b.id FROM p39_attribute a LEFT JOIN p39_goods_attr b ON (a.id=b.attr_id AND b.goods_id=7)  WHERE a.type_id = '1'  [ RunTime:0.0000s ]
INFO: [ view_parse ] --START--
INFO: [ template_filter ] --START--
INFO: Run Behavior\ContentReplaceBehavior [ RunTime:0.000000s ]
INFO: [ template_filter ] --END-- [ RunTime:0.001000s ]
SQL: SELECT `id`,`brand_name` FROM `p39_brand`  [ RunTime:0.0000s ]
SQL: SHOW COLUMNS FROM `p39_type` [ RunTime:0.0040s ]
SQL: SELECT `id`,`type_name` FROM `p39_type`  [ RunTime:0.0000s ]
INFO: Run Behavior\ParseTemplateBehavior [ RunTime:0.018001s ]
INFO: [ view_parse ] --END-- [ RunTime:0.018001s ]
INFO: [ view_filter ] --START--
INFO: Run Behavior\WriteHtmlCacheBehavior [ RunTime:0.001000s ]
INFO: [ view_filter ] --END-- [ RunTime:0.001000s ]
INFO: [ app_end ] --START--
INFO: Run Behavior\ShowPageTraceBehavior [ RunTime:0.000000s ]
INFO: [ app_end ] --END-- [ RunTime:0.001000s ]

[ 2017-01-22T17:01:51+08:00 ] 127.0.0.1 /shop/index.php/Admin/Goods/lst.html
INFO: [ app_init ] --START--
INFO: Run Behavior\BuildLiteBehavior [ RunTime:0.000000s ]
INFO: [ app_init ] --END-- [ RunTime:0.000000s ]
INFO: [ app_begin ] --START--
INFO: Run Behavior\ReadHtmlCacheBehavior [ RunTime:0.001000s ]
INFO: [ app_begin ] --END-- [ RunTime:0.001000s ]
SQL: SHOW COLUMNS FROM `p39_privilege` [ RunTime:0.0040s ]
NOTIC: [2048] Declaration of Admin\Model\GoodsModel::_after_insert() should be compatible with that of Think\Model::_after_insert() D:\phpStudy\WWW\shop\Admin\Model\GoodsModel.class.php 第 475 行.
SQL: SHOW COLUMNS FROM `p39_goods` [ RunTime:0.0050s ]
SQL: SELECT COUNT(*) AS tp_count FROM p39_goods a LIMIT 1   [ RunTime:0.0000s ]
SQL: SELECT a.*,b.brand_name,c.cat_name,GROUP_CONCAT(e.cat_name SEPARATOR "<br />") ext_cat_name FROM p39_goods a LEFT JOIN p39_brand b ON a.brand_id=b.id LEFT JOIN p39_category c ON a.cat_id=c.id LEFT JOIN p39_goods_cat d ON a.id=d.goods_id LEFT JOIN p39_category e ON d.cat_id=e.id  GROUP BY a.id ORDER BY a.id desc LIMIT 0,2   [ RunTime:0.0010s ]
SQL: SHOW COLUMNS FROM `p39_category` [ RunTime:0.0040s ]
SQL: SELECT * FROM `p39_category`  [ RunTime:0.0000s ]
INFO: [ view_parse ] --START--
INFO: [ template_filter ] --START--
INFO: Run Behavior\ContentReplaceBehavior [ RunTime:0.000000s ]
INFO: [ template_filter ] --END-- [ RunTime:0.000000s ]
SQL: SHOW COLUMNS FROM `p39_brand` [ RunTime:0.0060s ]
SQL: SELECT `id`,`brand_name` FROM `p39_brand`  [ RunTime:0.0010s ]
INFO: Run Behavior\ParseTemplateBehavior [ RunTime:0.015001s ]
INFO: [ view_parse ] --END-- [ RunTime:0.015001s ]
INFO: [ view_filter ] --START--
INFO: Run Behavior\WriteHtmlCacheBehavior [ RunTime:0.001000s ]
INFO: [ view_filter ] --END-- [ RunTime:0.001000s ]
INFO: [ app_end ] --START--
INFO: Run Behavior\ShowPageTraceBehavior [ RunTime:0.001000s ]
INFO: [ app_end ] --END-- [ RunTime:0.001000s ]

