[ 2017-02-14T11:24:31+08:00 ] 127.0.0.1 /shop/index.php/Public/Home/images/user1.gif
INFO: [ app_init ] --START--
INFO: Run Behavior\BuildLiteBehavior [ RunTime:0.000000s ]
INFO: [ app_init ] --END-- [ RunTime:0.000000s ]

[ 2017-02-14T11:24:31+08:00 ] 127.0.0.1 /shop/index.php/Public/Home/images/user1.gif
INFO: [ app_init ] --START--
INFO: Run Behavior\BuildLiteBehavior [ RunTime:0.000000s ]
INFO: [ app_init ] --END-- [ RunTime:0.000000s ]

[ 2017-02-14T11:24:35+08:00 ] 127.0.0.1 /shop/index.php/Public/Home/images/user1.gif
INFO: [ app_init ] --START--
INFO: Run Behavior\BuildLiteBehavior [ RunTime:0.000000s ]
INFO: [ app_init ] --END-- [ RunTime:0.001000s ]

[ 2017-02-14T15:13:13+08:00 ] 127.0.0.1 /shop/index.php/Public/jquery-ui-1.9.2.custom/index.html
INFO: [ app_init ] --START--
INFO: Run Behavior\BuildLiteBehavior [ RunTime:0.000000s ]
INFO: [ app_init ] --END-- [ RunTime:0.001000s ]
INFO: [ app_begin ] --START--
INFO: Run Behavior\ReadHtmlCacheBehavior [ RunTime:0.000000s ]
INFO: [ app_begin ] --END-- [ RunTime:0.000000s ]
ERR: 无法加载控制器:Jquery-ui-1.9.2.custom

